Command line invocation:
    /Applications/Xcode.app/Contents/Developer/usr/bin/xcodebuild -project Burrow.xcodeproj -scheme BurrowSmoke -configuration Debug -derivedDataPath build/derived clean build

Resolve Package Graph


Resolved source packages:
  KeychainAccess: https://github.com/kishikawakatsumi/KeychainAccess.git @ 4.2.2

--- xcodebuild: WARNING: Using the first of multiple matching destinations:
{ platform:macOS, arch:arm64, id:00006041-001C488414FA801C, name:My Mac }
{ platform:macOS, arch:x86_64, id:00006041-001C488414FA801C, name:My Mac }
{ platform:macOS, name:Any Mac }
CreateBuildRequest

SendProjectDescription

CreateBuildOperation

** CLEAN SUCCEEDED **

--- xcodebuild: WARNING: Using the first of multiple matching destinations:
{ platform:macOS, arch:arm64, id:00006041-001C488414FA801C, name:My Mac }
{ platform:macOS, arch:x86_64, id:00006041-001C488414FA801C, name:My Mac }
{ platform:macOS, name:Any Mac }
ComputePackagePrebuildTargetDependencyGraph

Prepare packages

CreateBuildRequest

SendProjectDescription

CreateBuildOperation

ComputeTargetDependencyGraph
note: Building targets in dependency order
note: Target dependency graph (1 target)
    Target 'BurrowSmoke' in project 'Burrow' (no dependencies)

GatherProvisioningInputs

CreateBuildDescription

ExecuteExternalTool /Applications/Xcode.app/Contents/Developer/Toolchains/XcodeDefault.xctoolchain/usr/bin/clang -v -E -dM -isysroot /Applications/Xcode.app/Contents/Developer/Platforms/MacOSX.platform/Developer/SDKs/MacOSX26.4.sdk -x c -c /dev/null

ExecuteExternalTool /Applications/Xcode.app/Contents/Developer/Toolchains/XcodeDefault.xctoolchain/usr/bin/swiftc --version

ExecuteExternalTool /Applications/Xcode.app/Contents/Developer/Toolchains/XcodeDefault.xctoolchain/usr/bin/ld -version_details

Build description signature: b9580d6d70dd2766b21402253dfd6a1e
Build description path: /Users/nick/Desktop/cf-tunnel-menubar/build/derived/Build/Intermediates.noindex/XCBuildData/b9580d6d70dd2766b21402253dfd6a1e.xcbuilddata
CreateBuildDirectory /Users/nick/Desktop/cf-tunnel-menubar/build/derived/Build/Products
    cd /Users/nick/Desktop/cf-tunnel-menubar/Burrow.xcodeproj
    builtin-create-build-directory /Users/nick/Desktop/cf-tunnel-menubar/build/derived/Build/Products

CreateBuildDirectory /Users/nick/Desktop/cf-tunnel-menubar/build/derived/Build/Intermediates.noindex
    cd /Users/nick/Desktop/cf-tunnel-menubar/Burrow.xcodeproj
    builtin-create-build-directory /Users/nick/Desktop/cf-tunnel-menubar/build/derived/Build/Intermediates.noindex

ClangStatCache /Applications/Xcode.app/Contents/Developer/Toolchains/XcodeDefault.xctoolchain/usr/bin/clang-stat-cache /Applications/Xcode.app/Contents/Developer/Platforms/MacOSX.platform/Developer/SDKs/MacOSX26.4.sdk /Users/nick/Desktop/cf-tunnel-menubar/build/derived/SDKStatCaches.noindex/macosx26.4-25E251-30f9ca8789b706f8bd3fc906a70d770f.sdkstatcache
    cd /Users/nick/Desktop/cf-tunnel-menubar/Burrow.xcodeproj
    /Applications/Xcode.app/Contents/Developer/Toolchains/XcodeDefault.xctoolchain/usr/bin/clang-stat-cache /Applications/Xcode.app/Contents/Developer/Platforms/MacOSX.platform/Developer/SDKs/MacOSX26.4.sdk -o /Users/nick/Desktop/cf-tunnel-menubar/build/derived/SDKStatCaches.noindex/macosx26.4-25E251-30f9ca8789b706f8bd3fc906a70d770f.sdkstatcache

CreateBuildDirectory /Users/nick/Desktop/cf-tunnel-menubar/build/derived/Build/Intermediates.noindex/SwiftExplicitPrecompiledModules
    cd /Users/nick/Desktop/cf-tunnel-menubar/Burrow.xcodeproj
    builtin-create-build-directory /Users/nick/Desktop/cf-tunnel-menubar/build/derived/Build/Intermediates.noindex/SwiftExplicitPrecompiledModules

CreateBuildDirectory /Users/nick/Desktop/cf-tunnel-menubar/build/derived/Build/Intermediates.noindex/ExplicitPrecompiledModules
    cd /Users/nick/Desktop/cf-tunnel-menubar/Burrow.xcodeproj
    builtin-create-build-directory /Users/nick/Desktop/cf-tunnel-menubar/build/derived/Build/Intermediates.noindex/ExplicitPrecompiledModules

CreateBuildDirectory /Users/nick/Desktop/cf-tunnel-menubar/build/derived/Build/Intermediates.noindex/EagerLinkingTBDs/Debug
    cd /Users/nick/Desktop/cf-tunnel-menubar/Burrow.xcodeproj
    builtin-create-build-directory /Users/nick/Desktop/cf-tunnel-menubar/build/derived/Build/Intermediates.noindex/EagerLinkingTBDs/Debug

WriteAuxiliaryFile /Users/nick/Desktop/cf-tunnel-menubar/build/derived/Build/Intermediates.noindex/Burrow.build/Debug/Burrow-d39d63d28bddfedf4cbd8e3d6ddebca5-VFS/all-product-headers.yaml
    cd /Users/nick/Desktop/cf-tunnel-menubar/Burrow.xcodeproj
    write-file /Users/nick/Desktop/cf-tunnel-menubar/build/derived/Build/Intermediates.noindex/Burrow.build/Debug/Burrow-d39d63d28bddfedf4cbd8e3d6ddebca5-VFS/all-product-headers.yaml

CreateBuildDirectory /Users/nick/Desktop/cf-tunnel-menubar/build/derived/Build/Products/Debug
    cd /Users/nick/Desktop/cf-tunnel-menubar/Burrow.xcodeproj
    builtin-create-build-directory /Users/nick/Desktop/cf-tunnel-menubar/build/derived/Build/Products/Debug

WriteAuxiliaryFile /Users/nick/Desktop/cf-tunnel-menubar/build/derived/Build/Intermediates.noindex/Burrow.build/Debug/BurrowSmoke.build/Objects-normal/arm64/BurrowSmoke.SwiftFileList (in target 'BurrowSmoke' from project 'Burrow')
    cd /Users/nick/Desktop/cf-tunnel-menubar
    write-file /Users/nick/Desktop/cf-tunnel-menubar/build/derived/Build/Intermediates.noindex/Burrow.build/Debug/BurrowSmoke.build/Objects-normal/arm64/BurrowSmoke.SwiftFileList

WriteAuxiliaryFile /Users/nick/Desktop/cf-tunnel-menubar/build/derived/Build/Intermediates.noindex/Burrow.build/Debug/BurrowSmoke.build/Objects-normal/arm64/BurrowSmoke_const_extract_protocols.json (in target 'BurrowSmoke' from project 'Burrow')
    cd /Users/nick/Desktop/cf-tunnel-menubar
    write-file /Users/nick/Desktop/cf-tunnel-menubar/build/derived/Build/Intermediates.noindex/Burrow.build/Debug/BurrowSmoke.build/Objects-normal/arm64/BurrowSmoke_const_extract_protocols.json

WriteAuxiliaryFile /Users/nick/Desktop/cf-tunnel-menubar/build/derived/Build/Intermediates.noindex/Burrow.build/Debug/BurrowSmoke.build/Objects-normal/arm64/BurrowSmoke.LinkFileList (in target 'BurrowSmoke' from project 'Burrow')
    cd /Users/nick/Desktop/cf-tunnel-menubar
    write-file /Users/nick/Desktop/cf-tunnel-menubar/build/derived/Build/Intermediates.noindex/Burrow.build/Debug/BurrowSmoke.build/Objects-normal/arm64/BurrowSmoke.LinkFileList

WriteAuxiliaryFile /Users/nick/Desktop/cf-tunnel-menubar/build/derived/Build/Intermediates.noindex/Burrow.build/Debug/BurrowSmoke.build/BurrowSmoke.hmap (in target 'BurrowSmoke' from project 'Burrow')
    cd /Users/nick/Desktop/cf-tunnel-menubar
    write-file /Users/nick/Desktop/cf-tunnel-menubar/build/derived/Build/Intermediates.noindex/Burrow.build/Debug/BurrowSmoke.build/BurrowSmoke.hmap

WriteAuxiliaryFile /Users/nick/Desktop/cf-tunnel-menubar/build/derived/Build/Intermediates.noindex/Burrow.build/Debug/BurrowSmoke.build/Objects-normal/arm64/BurrowSmoke-OutputFileMap.json (in target 'BurrowSmoke' from project 'Burrow')
    cd /Users/nick/Desktop/cf-tunnel-menubar
    write-file /Users/nick/Desktop/cf-tunnel-menubar/build/derived/Build/Intermediates.noindex/Burrow.build/Debug/BurrowSmoke.build/Objects-normal/arm64/BurrowSmoke-OutputFileMap.json

WriteAuxiliaryFile /Users/nick/Desktop/cf-tunnel-menubar/build/derived/Build/Intermediates.noindex/Burrow.build/Debug/BurrowSmoke.build/BurrowSmoke.DependencyStaticMetadataFileList (in target 'BurrowSmoke' from project 'Burrow')
    cd /Users/nick/Desktop/cf-tunnel-menubar
    write-file /Users/nick/Desktop/cf-tunnel-menubar/build/derived/Build/Intermediates.noindex/Burrow.build/Debug/BurrowSmoke.build/BurrowSmoke.DependencyStaticMetadataFileList

WriteAuxiliaryFile /Users/nick/Desktop/cf-tunnel-menubar/build/derived/Build/Intermediates.noindex/Burrow.build/Debug/BurrowSmoke.build/BurrowSmoke.DependencyMetadataFileList (in target 'BurrowSmoke' from project 'Burrow')
    cd /Users/nick/Desktop/cf-tunnel-menubar
    write-file /Users/nick/Desktop/cf-tunnel-menubar/build/derived/Build/Intermediates.noindex/Burrow.build/Debug/BurrowSmoke.build/BurrowSmoke.DependencyMetadataFileList

WriteAuxiliaryFile /Users/nick/Desktop/cf-tunnel-menubar/build/derived/Build/Intermediates.noindex/Burrow.build/Debug/BurrowSmoke.build/DerivedSources/Entitlements.plist (in target 'BurrowSmoke' from project 'Burrow')
    cd /Users/nick/Desktop/cf-tunnel-menubar
    write-file /Users/nick/Desktop/cf-tunnel-menubar/build/derived/Build/Intermediates.noindex/Burrow.build/Debug/BurrowSmoke.build/DerivedSources/Entitlements.plist

WriteAuxiliaryFile /Users/nick/Desktop/cf-tunnel-menubar/build/derived/Build/Intermediates.noindex/Burrow.build/Debug/BurrowSmoke.build/BurrowSmoke-own-target-headers.hmap (in target 'BurrowSmoke' from project 'Burrow')
    cd /Users/nick/Desktop/cf-tunnel-menubar
    write-file /Users/nick/Desktop/cf-tunnel-menubar/build/derived/Build/Intermediates.noindex/Burrow.build/Debug/BurrowSmoke.build/BurrowSmoke-own-target-headers.hmap

WriteAuxiliaryFile /Users/nick/Desktop/cf-tunnel-menubar/build/derived/Build/Intermediates.noindex/Burrow.build/Debug/BurrowSmoke.build/BurrowSmoke-generated-files.hmap (in target 'BurrowSmoke' from project 'Burrow')
    cd /Users/nick/Desktop/cf-tunnel-menubar
    write-file /Users/nick/Desktop/cf-tunnel-menubar/build/derived/Build/Intermediates.noindex/Burrow.build/Debug/BurrowSmoke.build/BurrowSmoke-generated-files.hmap

WriteAuxiliaryFile /Users/nick/Desktop/cf-tunnel-menubar/build/derived/Build/Intermediates.noindex/Burrow.build/Debug/BurrowSmoke.build/BurrowSmoke-all-non-framework-target-headers.hmap (in target 'BurrowSmoke' from project 'Burrow')
    cd /Users/nick/Desktop/cf-tunnel-menubar
    write-file /Users/nick/Desktop/cf-tunnel-menubar/build/derived/Build/Intermediates.noindex/Burrow.build/Debug/BurrowSmoke.build/BurrowSmoke-all-non-framework-target-headers.hmap

WriteAuxiliaryFile /Users/nick/Desktop/cf-tunnel-menubar/build/derived/Build/Intermediates.noindex/Burrow.build/Debug/BurrowSmoke.build/BurrowSmoke-all-target-headers.hmap (in target 'BurrowSmoke' from project 'Burrow')
    cd /Users/nick/Desktop/cf-tunnel-menubar
    write-file /Users/nick/Desktop/cf-tunnel-menubar/build/derived/Build/Intermediates.noindex/Burrow.build/Debug/BurrowSmoke.build/BurrowSmoke-all-target-headers.hmap

WriteAuxiliaryFile /Users/nick/Desktop/cf-tunnel-menubar/build/derived/Build/Intermediates.noindex/Burrow.build/Debug/BurrowSmoke.build/BurrowSmoke-project-headers.hmap (in target 'BurrowSmoke' from project 'Burrow')
    cd /Users/nick/Desktop/cf-tunnel-menubar
    write-file /Users/nick/Desktop/cf-tunnel-menubar/build/derived/Build/Intermediates.noindex/Burrow.build/Debug/BurrowSmoke.build/BurrowSmoke-project-headers.hmap

ProcessProductPackaging "" /Users/nick/Desktop/cf-tunnel-menubar/build/derived/Build/Intermediates.noindex/Burrow.build/Debug/BurrowSmoke.build/BurrowSmoke.xcent (in target 'BurrowSmoke' from project 'Burrow')
    cd /Users/nick/Desktop/cf-tunnel-menubar
    
    Entitlements:
    
    {
    "com.apple.application-identifier" = "com.krzemienski.burrow.smoke";
    "com.apple.security.get-task-allow" = 1;
}
    
    builtin-productPackagingUtility -entitlements -format xml -o /Users/nick/Desktop/cf-tunnel-menubar/build/derived/Build/Intermediates.noindex/Burrow.build/Debug/BurrowSmoke.build/BurrowSmoke.xcent

ProcessProductPackagingDER /Users/nick/Desktop/cf-tunnel-menubar/build/derived/Build/Intermediates.noindex/Burrow.build/Debug/BurrowSmoke.build/BurrowSmoke.xcent /Users/nick/Desktop/cf-tunnel-menubar/build/derived/Build/Intermediates.noindex/Burrow.build/Debug/BurrowSmoke.build/BurrowSmoke.xcent.der (in target 'BurrowSmoke' from project 'Burrow')
    cd /Users/nick/Desktop/cf-tunnel-menubar
    /usr/bin/derq query -f xml -i /Users/nick/Desktop/cf-tunnel-menubar/build/derived/Build/Intermediates.noindex/Burrow.build/Debug/BurrowSmoke.build/BurrowSmoke.xcent -o /Users/nick/Desktop/cf-tunnel-menubar/build/derived/Build/Intermediates.noindex/Burrow.build/Debug/BurrowSmoke.build/BurrowSmoke.xcent.der --raw

SwiftDriver BurrowSmoke normal arm64 com.apple.xcode.tools.swift.compiler (in target 'BurrowSmoke' from project 'Burrow')
    cd /Users/nick/Desktop/cf-tunnel-menubar
    builtin-SwiftDriver -- /Applications/Xcode.app/Contents/Developer/Toolchains/XcodeDefault.xctoolchain/usr/bin/swiftc -module-name BurrowSmoke -Onone @/Users/nick/Desktop/cf-tunnel-menubar/build/derived/Build/Intermediates.noindex/Burrow.build/Debug/BurrowSmoke.build/Objects-normal/arm64/BurrowSmoke.SwiftFileList -DDEBUG -enable-bare-slash-regex -enable-experimental-feature DebugDescriptionMacro -sdk /Applications/Xcode.app/Contents/Developer/Platforms/MacOSX.platform/Developer/SDKs/MacOSX26.4.sdk -target arm64-apple-macos14.0 -g -module-cache-path /Users/nick/Desktop/cf-tunnel-menubar/build/derived/ModuleCache.noindex -Xfrontend -serialize-debugging-options -enable-testing -index-store-path /Users/nick/Desktop/cf-tunnel-menubar/build/derived/Index.noindex/DataStore -Xcc -D_LIBCPP_HARDENING_MODE\=_LIBCPP_HARDENING_MODE_DEBUG -swift-version 5 -I /Users/nick/Desktop/cf-tunnel-menubar/build/derived/Build/Products/Debug -F /Users/nick/Desktop/cf-tunnel-menubar/build/derived/Build/Products/Debug -c -j16 -enable-batch-mode -incremental -Xcc -ivfsstatcache -Xcc /Users/nick/Desktop/cf-tunnel-menubar/build/derived/SDKStatCaches.noindex/macosx26.4-25E251-30f9ca8789b706f8bd3fc906a70d770f.sdkstatcache -output-file-map /Users/nick/Desktop/cf-tunnel-menubar/build/derived/Build/Intermediates.noindex/Burrow.build/Debug/BurrowSmoke.build/Objects-normal/arm64/BurrowSmoke-OutputFileMap.json -use-frontend-parseable-output -save-temps -no-color-diagnostics -explicit-module-build -module-cache-path /Users/nick/Desktop/cf-tunnel-menubar/build/derived/Build/Intermediates.noindex/SwiftExplicitPrecompiledModules -clang-scanner-module-cache-path /Users/nick/Desktop/cf-tunnel-menubar/build/derived/ModuleCache.noindex -sdk-module-cache-path /Users/nick/Desktop/cf-tunnel-menubar/build/derived/ModuleCache.noindex -serialize-diagnostics -emit-dependencies -emit-module -emit-module-path /Users/nick/Desktop/cf-tunnel-menubar/build/derived/Build/Intermediates.noindex/Burrow.build/Debug/BurrowSmoke.build/Objects-normal/arm64/BurrowSmoke.swiftmodule -validate-clang-modules-once -clang-build-session-file /Users/nick/Desktop/cf-tunnel-menubar/build/derived/ModuleCache.noindex/Session.modulevalidation -Xcc -I/Users/nick/Desktop/cf-tunnel-menubar/build/derived/Build/Intermediates.noindex/Burrow.build/Debug/BurrowSmoke.build/swift-overrides.hmap -emit-const-values -Xfrontend -const-gather-protocols-file -Xfrontend /Users/nick/Desktop/cf-tunnel-menubar/build/derived/Build/Intermediates.noindex/Burrow.build/Debug/BurrowSmoke.build/Objects-normal/arm64/BurrowSmoke_const_extract_protocols.json -Xcc -iquote -Xcc /Users/nick/Desktop/cf-tunnel-menubar/build/derived/Build/Intermediates.noindex/Burrow.build/Debug/BurrowSmoke.build/BurrowSmoke-generated-files.hmap -Xcc -I/Users/nick/Desktop/cf-tunnel-menubar/build/derived/Build/Intermediates.noindex/Burrow.build/Debug/BurrowSmoke.build/BurrowSmoke-own-target-headers.hmap -Xcc -I/Users/nick/Desktop/cf-tunnel-menubar/build/derived/Build/Intermediates.noindex/Burrow.build/Debug/BurrowSmoke.build/BurrowSmoke-all-target-headers.hmap -Xcc -iquote -Xcc /Users/nick/Desktop/cf-tunnel-menubar/build/derived/Build/Intermediates.noindex/Burrow.build/Debug/BurrowSmoke.build/BurrowSmoke-project-headers.hmap -Xcc -I/Users/nick/Desktop/cf-tunnel-menubar/build/derived/Build/Products/Debug/include -Xcc -I/Users/nick/Desktop/cf-tunnel-menubar/build/derived/Build/Intermediates.noindex/Burrow.build/Debug/BurrowSmoke.build/DerivedSources-normal/arm64 -Xcc -I/Users/nick/Desktop/cf-tunnel-menubar/build/derived/Build/Intermediates.noindex/Burrow.build/Debug/BurrowSmoke.build/DerivedSources/arm64 -Xcc -I/Users/nick/Desktop/cf-tunnel-menubar/build/derived/Build/Intermediates.noindex/Burrow.build/Debug/BurrowSmoke.build/DerivedSources -Xcc -DDEBUG\=1 -emit-objc-header -emit-objc-header-path /Users/nick/Desktop/cf-tunnel-menubar/build/derived/Build/Intermediates.noindex/Burrow.build/Debug/BurrowSmoke.build/Objects-normal/arm64/BurrowSmoke-Swift.h -working-directory /Users/nick/Desktop/cf-tunnel-menubar -experimental-emit-module-separately -disable-cmo

SwiftCompile normal arm64 Compiling\ CloudflareError.swift /Users/nick/Desktop/cf-tunnel-menubar/Sources/CloudflareAPI/CloudflareError.swift (in target 'BurrowSmoke' from project 'Burrow')

SwiftCompile normal arm64 /Users/nick/Desktop/cf-tunnel-menubar/Sources/CloudflareAPI/CloudflareError.swift (in target 'BurrowSmoke' from project 'Burrow')
    cd /Users/nick/Desktop/cf-tunnel-menubar
    

SwiftCompile normal arm64 Compiling\ CloudflareClient.swift /Users/nick/Desktop/cf-tunnel-menubar/Sources/CloudflareAPI/CloudflareClient.swift (in target 'BurrowSmoke' from project 'Burrow')
SwiftCompile normal arm64 /Users/nick/Desktop/cf-tunnel-menubar/Sources/CloudflareAPI/CloudflareClient.swift (in target 'BurrowSmoke' from project 'Burrow')
    cd /Users/nick/Desktop/cf-tunnel-menubar
    

SwiftCompile normal arm64 Compiling\ DNSRecord.swift /Users/nick/Desktop/cf-tunnel-menubar/Sources/CloudflareAPI/Models/DNSRecord.swift (in target 'BurrowSmoke' from project 'Burrow')

SwiftCompile normal arm64 /Users/nick/Desktop/cf-tunnel-menubar/Sources/CloudflareAPI/Models/DNSRecord.swift (in target 'BurrowSmoke' from project 'Burrow')
    cd /Users/nick/Desktop/cf-tunnel-menubar
    

SwiftCompile normal arm64 Compiling\ APIEnvelope.swift /Users/nick/Desktop/cf-tunnel-menubar/Sources/CloudflareAPI/Models/APIEnvelope.swift (in target 'BurrowSmoke' from project 'Burrow')

SwiftCompile normal arm64 /Users/nick/Desktop/cf-tunnel-menubar/Sources/CloudflareAPI/Models/APIEnvelope.swift (in target 'BurrowSmoke' from project 'Burrow')
    cd /Users/nick/Desktop/cf-tunnel-menubar
    

SwiftCompile normal arm64 Compiling\ TokenVerify.swift /Users/nick/Desktop/cf-tunnel-menubar/Sources/CloudflareAPI/Models/TokenVerify.swift (in target 'BurrowSmoke' from project 'Burrow')

SwiftCompile normal arm64 /Users/nick/Desktop/cf-tunnel-menubar/Sources/CloudflareAPI/Models/TokenVerify.swift (in target 'BurrowSmoke' from project 'Burrow')
    cd /Users/nick/Desktop/cf-tunnel-menubar
    

SwiftCompile normal arm64 Compiling\ Zone.swift /Users/nick/Desktop/cf-tunnel-menubar/Sources/CloudflareAPI/Models/Zone.swift (in target 'BurrowSmoke' from project 'Burrow')

SwiftCompile normal arm64 /Users/nick/Desktop/cf-tunnel-menubar/Sources/CloudflareAPI/Models/Zone.swift (in target 'BurrowSmoke' from project 'Burrow')
    cd /Users/nick/Desktop/cf-tunnel-menubar
    

SwiftEmitModule normal arm64 Emitting\ module\ for\ BurrowSmoke (in target 'BurrowSmoke' from project 'Burrow')

EmitSwiftModule normal arm64 (in target 'BurrowSmoke' from project 'Burrow')
    cd /Users/nick/Desktop/cf-tunnel-menubar
    

SwiftCompile normal arm64 Compiling\ Tunnel.swift /Users/nick/Desktop/cf-tunnel-menubar/Sources/CloudflareAPI/Models/Tunnel.swift (in target 'BurrowSmoke' from project 'Burrow')

SwiftCompile normal arm64 /Users/nick/Desktop/cf-tunnel-menubar/Sources/CloudflareAPI/Models/Tunnel.swift (in target 'BurrowSmoke' from project 'Burrow')
    cd /Users/nick/Desktop/cf-tunnel-menubar
    

SwiftCompile normal arm64 Compiling\ Endpoints.swift /Users/nick/Desktop/cf-tunnel-menubar/Sources/CloudflareAPI/Endpoints.swift (in target 'BurrowSmoke' from project 'Burrow')

SwiftCompile normal arm64 /Users/nick/Desktop/cf-tunnel-menubar/Sources/CloudflareAPI/Endpoints.swift (in target 'BurrowSmoke' from project 'Burrow')
    cd /Users/nick/Desktop/cf-tunnel-menubar
    

SwiftCompile normal arm64 Compiling\ Log.swift /Users/nick/Desktop/cf-tunnel-menubar/Sources/Logging/Log.swift (in target 'BurrowSmoke' from project 'Burrow')

SwiftCompile normal arm64 /Users/nick/Desktop/cf-tunnel-menubar/Sources/Logging/Log.swift (in target 'BurrowSmoke' from project 'Burrow')
    cd /Users/nick/Desktop/cf-tunnel-menubar
    

SwiftCompile normal arm64 Compiling\ Account.swift /Users/nick/Desktop/cf-tunnel-menubar/Sources/CloudflareAPI/Models/Account.swift (in target 'BurrowSmoke' from project 'Burrow')

SwiftCompile normal arm64 /Users/nick/Desktop/cf-tunnel-menubar/Sources/CloudflareAPI/Models/Account.swift (in target 'BurrowSmoke' from project 'Burrow')
    cd /Users/nick/Desktop/cf-tunnel-menubar
    

SwiftCompile normal arm64 Compiling\ SmokeRunner.swift /Users/nick/Desktop/cf-tunnel-menubar/Sources/SmokeRunner/SmokeRunner.swift (in target 'BurrowSmoke' from project 'Burrow')

SwiftCompile normal arm64 /Users/nick/Desktop/cf-tunnel-menubar/Sources/SmokeRunner/SmokeRunner.swift (in target 'BurrowSmoke' from project 'Burrow')
    cd /Users/nick/Desktop/cf-tunnel-menubar
    

SwiftDriverJobDiscovery normal arm64 Compiling Endpoints.swift (in target 'BurrowSmoke' from project 'Burrow')

SwiftDriverJobDiscovery normal arm64 Compiling TokenVerify.swift (in target 'BurrowSmoke' from project 'Burrow')

SwiftDriverJobDiscovery normal arm64 Compiling Account.swift (in target 'BurrowSmoke' from project 'Burrow')

SwiftDriverJobDiscovery normal arm64 Compiling Log.swift (in target 'BurrowSmoke' from project 'Burrow')

SwiftDriverJobDiscovery normal arm64 Compiling Tunnel.swift (in target 'BurrowSmoke' from project 'Burrow')

SwiftDriverJobDiscovery normal arm64 Compiling DNSRecord.swift (in target 'BurrowSmoke' from project 'Burrow')

SwiftDriverJobDiscovery normal arm64 Compiling CloudflareError.swift (in target 'BurrowSmoke' from project 'Burrow')

SwiftDriverJobDiscovery normal arm64 Compiling APIEnvelope.swift (in target 'BurrowSmoke' from project 'Burrow')

SwiftDriverJobDiscovery normal arm64 Compiling Zone.swift (in target 'BurrowSmoke' from project 'Burrow')

SwiftDriverJobDiscovery normal arm64 Emitting module for BurrowSmoke (in target 'BurrowSmoke' from project 'Burrow')

SwiftDriver\ Compilation\ Requirements BurrowSmoke normal arm64 com.apple.xcode.tools.swift.compiler (in target 'BurrowSmoke' from project 'Burrow')
    cd /Users/nick/Desktop/cf-tunnel-menubar
    builtin-Swift-Compilation-Requirements -- /Applications/Xcode.app/Contents/Developer/Toolchains/XcodeDefault.xctoolchain/usr/bin/swiftc -module-name BurrowSmoke -Onone @/Users/nick/Desktop/cf-tunnel-menubar/build/derived/Build/Intermediates.noindex/Burrow.build/Debug/BurrowSmoke.build/Objects-normal/arm64/BurrowSmoke.SwiftFileList -DDEBUG -enable-bare-slash-regex -enable-experimental-feature DebugDescriptionMacro -sdk /Applications/Xcode.app/Contents/Developer/Platforms/MacOSX.platform/Developer/SDKs/MacOSX26.4.sdk -target arm64-apple-macos14.0 -g -module-cache-path /Users/nick/Desktop/cf-tunnel-menubar/build/derived/ModuleCache.noindex -Xfrontend -serialize-debugging-options -enable-testing -index-store-path /Users/nick/Desktop/cf-tunnel-menubar/build/derived/Index.noindex/DataStore -Xcc -D_LIBCPP_HARDENING_MODE\=_LIBCPP_HARDENING_MODE_DEBUG -swift-version 5 -I /Users/nick/Desktop/cf-tunnel-menubar/build/derived/Build/Products/Debug -F /Users/nick/Desktop/cf-tunnel-menubar/build/derived/Build/Products/Debug -c -j16 -enable-batch-mode -incremental -Xcc -ivfsstatcache -Xcc /Users/nick/Desktop/cf-tunnel-menubar/build/derived/SDKStatCaches.noindex/macosx26.4-25E251-30f9ca8789b706f8bd3fc906a70d770f.sdkstatcache -output-file-map /Users/nick/Desktop/cf-tunnel-menubar/build/derived/Build/Intermediates.noindex/Burrow.build/Debug/BurrowSmoke.build/Objects-normal/arm64/BurrowSmoke-OutputFileMap.json -use-frontend-parseable-output -save-temps -no-color-diagnostics -explicit-module-build -module-cache-path /Users/nick/Desktop/cf-tunnel-menubar/build/derived/Build/Intermediates.noindex/SwiftExplicitPrecompiledModules -clang-scanner-module-cache-path /Users/nick/Desktop/cf-tunnel-menubar/build/derived/ModuleCache.noindex -sdk-module-cache-path /Users/nick/Desktop/cf-tunnel-menubar/build/derived/ModuleCache.noindex -serialize-diagnostics -emit-dependencies -emit-module -emit-module-path /Users/nick/Desktop/cf-tunnel-menubar/build/derived/Build/Intermediates.noindex/Burrow.build/Debug/BurrowSmoke.build/Objects-normal/arm64/BurrowSmoke.swiftmodule -validate-clang-modules-once -clang-build-session-file /Users/nick/Desktop/cf-tunnel-menubar/build/derived/ModuleCache.noindex/Session.modulevalidation -Xcc -I/Users/nick/Desktop/cf-tunnel-menubar/build/derived/Build/Intermediates.noindex/Burrow.build/Debug/BurrowSmoke.build/swift-overrides.hmap -emit-const-values -Xfrontend -const-gather-protocols-file -Xfrontend /Users/nick/Desktop/cf-tunnel-menubar/build/derived/Build/Intermediates.noindex/Burrow.build/Debug/BurrowSmoke.build/Objects-normal/arm64/BurrowSmoke_const_extract_protocols.json -Xcc -iquote -Xcc /Users/nick/Desktop/cf-tunnel-menubar/build/derived/Build/Intermediates.noindex/Burrow.build/Debug/BurrowSmoke.build/BurrowSmoke-generated-files.hmap -Xcc -I/Users/nick/Desktop/cf-tunnel-menubar/build/derived/Build/Intermediates.noindex/Burrow.build/Debug/BurrowSmoke.build/BurrowSmoke-own-target-headers.hmap -Xcc -I/Users/nick/Desktop/cf-tunnel-menubar/build/derived/Build/Intermediates.noindex/Burrow.build/Debug/BurrowSmoke.build/BurrowSmoke-all-target-headers.hmap -Xcc -iquote -Xcc /Users/nick/Desktop/cf-tunnel-menubar/build/derived/Build/Intermediates.noindex/Burrow.build/Debug/BurrowSmoke.build/BurrowSmoke-project-headers.hmap -Xcc -I/Users/nick/Desktop/cf-tunnel-menubar/build/derived/Build/Products/Debug/include -Xcc -I/Users/nick/Desktop/cf-tunnel-menubar/build/derived/Build/Intermediates.noindex/Burrow.build/Debug/BurrowSmoke.build/DerivedSources-normal/arm64 -Xcc -I/Users/nick/Desktop/cf-tunnel-menubar/build/derived/Build/Intermediates.noindex/Burrow.build/Debug/BurrowSmoke.build/DerivedSources/arm64 -Xcc -I/Users/nick/Desktop/cf-tunnel-menubar/build/derived/Build/Intermediates.noindex/Burrow.build/Debug/BurrowSmoke.build/DerivedSources -Xcc -DDEBUG\=1 -emit-objc-header -emit-objc-header-path /Users/nick/Desktop/cf-tunnel-menubar/build/derived/Build/Intermediates.noindex/Burrow.build/Debug/BurrowSmoke.build/Objects-normal/arm64/BurrowSmoke-Swift.h -working-directory /Users/nick/Desktop/cf-tunnel-menubar -experimental-emit-module-separately -disable-cmo

SwiftMergeGeneratedHeaders /Users/nick/Desktop/cf-tunnel-menubar/build/derived/Build/Intermediates.noindex/Burrow.build/Debug/BurrowSmoke.build/DerivedSources/BurrowSmoke-Swift.h /Users/nick/Desktop/cf-tunnel-menubar/build/derived/Build/Intermediates.noindex/Burrow.build/Debug/BurrowSmoke.build/Objects-normal/arm64/BurrowSmoke-Swift.h (in target 'BurrowSmoke' from project 'Burrow')
    cd /Users/nick/Desktop/cf-tunnel-menubar
    builtin-swiftHeaderTool -arch arm64 /Users/nick/Desktop/cf-tunnel-menubar/build/derived/Build/Intermediates.noindex/Burrow.build/Debug/BurrowSmoke.build/Objects-normal/arm64/BurrowSmoke-Swift.h -o /Users/nick/Desktop/cf-tunnel-menubar/build/derived/Build/Intermediates.noindex/Burrow.build/Debug/BurrowSmoke.build/DerivedSources/BurrowSmoke-Swift.h

Copy /Users/nick/Desktop/cf-tunnel-menubar/build/derived/Build/Products/Debug/BurrowSmoke.swiftmodule/arm64-apple-macos.swiftdoc /Users/nick/Desktop/cf-tunnel-menubar/build/derived/Build/Intermediates.noindex/Burrow.build/Debug/BurrowSmoke.build/Objects-normal/arm64/BurrowSmoke.swiftdoc (in target 'BurrowSmoke' from project 'Burrow')
    cd /Users/nick/Desktop/cf-tunnel-menubar
    builtin-copy -exclude .DS_Store -exclude CVS -exclude .svn -exclude .git -exclude .hg -resolve-src-symlinks -rename /Users/nick/Desktop/cf-tunnel-menubar/build/derived/Build/Intermediates.noindex/Burrow.build/Debug/BurrowSmoke.build/Objects-normal/arm64/BurrowSmoke.swiftdoc /Users/nick/Desktop/cf-tunnel-menubar/build/derived/Build/Products/Debug/BurrowSmoke.swiftmodule/arm64-apple-macos.swiftdoc

Copy /Users/nick/Desktop/cf-tunnel-menubar/build/derived/Build/Products/Debug/BurrowSmoke.swiftmodule/arm64-apple-macos.abi.json /Users/nick/Desktop/cf-tunnel-menubar/build/derived/Build/Intermediates.noindex/Burrow.build/Debug/BurrowSmoke.build/Objects-normal/arm64/BurrowSmoke.abi.json (in target 'BurrowSmoke' from project 'Burrow')
    cd /Users/nick/Desktop/cf-tunnel-menubar
    builtin-copy -exclude .DS_Store -exclude CVS -exclude .svn -exclude .git -exclude .hg -resolve-src-symlinks -rename /Users/nick/Desktop/cf-tunnel-menubar/build/derived/Build/Intermediates.noindex/Burrow.build/Debug/BurrowSmoke.build/Objects-normal/arm64/BurrowSmoke.abi.json /Users/nick/Desktop/cf-tunnel-menubar/build/derived/Build/Products/Debug/BurrowSmoke.swiftmodule/arm64-apple-macos.abi.json

Copy /Users/nick/Desktop/cf-tunnel-menubar/build/derived/Build/Products/Debug/BurrowSmoke.swiftmodule/arm64-apple-macos.swiftmodule /Users/nick/Desktop/cf-tunnel-menubar/build/derived/Build/Intermediates.noindex/Burrow.build/Debug/BurrowSmoke.build/Objects-normal/arm64/BurrowSmoke.swiftmodule (in target 'BurrowSmoke' from project 'Burrow')
    cd /Users/nick/Desktop/cf-tunnel-menubar
    builtin-copy -exclude .DS_Store -exclude CVS -exclude .svn -exclude .git -exclude .hg -resolve-src-symlinks -rename /Users/nick/Desktop/cf-tunnel-menubar/build/derived/Build/Intermediates.noindex/Burrow.build/Debug/BurrowSmoke.build/Objects-normal/arm64/BurrowSmoke.swiftmodule /Users/nick/Desktop/cf-tunnel-menubar/build/derived/Build/Products/Debug/BurrowSmoke.swiftmodule/arm64-apple-macos.swiftmodule

Copy /Users/nick/Desktop/cf-tunnel-menubar/build/derived/Build/Products/Debug/BurrowSmoke.swiftmodule/Project/arm64-apple-macos.swiftsourceinfo /Users/nick/Desktop/cf-tunnel-menubar/build/derived/Build/Intermediates.noindex/Burrow.build/Debug/BurrowSmoke.build/Objects-normal/arm64/BurrowSmoke.swiftsourceinfo (in target 'BurrowSmoke' from project 'Burrow')
    cd /Users/nick/Desktop/cf-tunnel-menubar
    builtin-copy -exclude .DS_Store -exclude CVS -exclude .svn -exclude .git -exclude .hg -resolve-src-symlinks -rename /Users/nick/Desktop/cf-tunnel-menubar/build/derived/Build/Intermediates.noindex/Burrow.build/Debug/BurrowSmoke.build/Objects-normal/arm64/BurrowSmoke.swiftsourceinfo /Users/nick/Desktop/cf-tunnel-menubar/build/derived/Build/Products/Debug/BurrowSmoke.swiftmodule/Project/arm64-apple-macos.swiftsourceinfo

SwiftDriverJobDiscovery normal arm64 Compiling SmokeRunner.swift (in target 'BurrowSmoke' from project 'Burrow')

SwiftDriverJobDiscovery normal arm64 Compiling CloudflareClient.swift (in target 'BurrowSmoke' from project 'Burrow')

SwiftDriver\ Compilation BurrowSmoke normal arm64 com.apple.xcode.tools.swift.compiler (in target 'BurrowSmoke' from project 'Burrow')
    cd /Users/nick/Desktop/cf-tunnel-menubar
    builtin-Swift-Compilation -- /Applications/Xcode.app/Contents/Developer/Toolchains/XcodeDefault.xctoolchain/usr/bin/swiftc -module-name BurrowSmoke -Onone @/Users/nick/Desktop/cf-tunnel-menubar/build/derived/Build/Intermediates.noindex/Burrow.build/Debug/BurrowSmoke.build/Objects-normal/arm64/BurrowSmoke.SwiftFileList -DDEBUG -enable-bare-slash-regex -enable-experimental-feature DebugDescriptionMacro -sdk /Applications/Xcode.app/Contents/Developer/Platforms/MacOSX.platform/Developer/SDKs/MacOSX26.4.sdk -target arm64-apple-macos14.0 -g -module-cache-path /Users/nick/Desktop/cf-tunnel-menubar/build/derived/ModuleCache.noindex -Xfrontend -serialize-debugging-options -enable-testing -index-store-path /Users/nick/Desktop/cf-tunnel-menubar/build/derived/Index.noindex/DataStore -Xcc -D_LIBCPP_HARDENING_MODE\=_LIBCPP_HARDENING_MODE_DEBUG -swift-version 5 -I /Users/nick/Desktop/cf-tunnel-menubar/build/derived/Build/Products/Debug -F /Users/nick/Desktop/cf-tunnel-menubar/build/derived/Build/Products/Debug -c -j16 -enable-batch-mode -incremental -Xcc -ivfsstatcache -Xcc /Users/nick/Desktop/cf-tunnel-menubar/build/derived/SDKStatCaches.noindex/macosx26.4-25E251-30f9ca8789b706f8bd3fc906a70d770f.sdkstatcache -output-file-map /Users/nick/Desktop/cf-tunnel-menubar/build/derived/Build/Intermediates.noindex/Burrow.build/Debug/BurrowSmoke.build/Objects-normal/arm64/BurrowSmoke-OutputFileMap.json -use-frontend-parseable-output -save-temps -no-color-diagnostics -explicit-module-build -module-cache-path /Users/nick/Desktop/cf-tunnel-menubar/build/derived/Build/Intermediates.noindex/SwiftExplicitPrecompiledModules -clang-scanner-module-cache-path /Users/nick/Desktop/cf-tunnel-menubar/build/derived/ModuleCache.noindex -sdk-module-cache-path /Users/nick/Desktop/cf-tunnel-menubar/build/derived/ModuleCache.noindex -serialize-diagnostics -emit-dependencies -emit-module -emit-module-path /Users/nick/Desktop/cf-tunnel-menubar/build/derived/Build/Intermediates.noindex/Burrow.build/Debug/BurrowSmoke.build/Objects-normal/arm64/BurrowSmoke.swiftmodule -validate-clang-modules-once -clang-build-session-file /Users/nick/Desktop/cf-tunnel-menubar/build/derived/ModuleCache.noindex/Session.modulevalidation -Xcc -I/Users/nick/Desktop/cf-tunnel-menubar/build/derived/Build/Intermediates.noindex/Burrow.build/Debug/BurrowSmoke.build/swift-overrides.hmap -emit-const-values -Xfrontend -const-gather-protocols-file -Xfrontend /Users/nick/Desktop/cf-tunnel-menubar/build/derived/Build/Intermediates.noindex/Burrow.build/Debug/BurrowSmoke.build/Objects-normal/arm64/BurrowSmoke_const_extract_protocols.json -Xcc -iquote -Xcc /Users/nick/Desktop/cf-tunnel-menubar/build/derived/Build/Intermediates.noindex/Burrow.build/Debug/BurrowSmoke.build/BurrowSmoke-generated-files.hmap -Xcc -I/Users/nick/Desktop/cf-tunnel-menubar/build/derived/Build/Intermediates.noindex/Burrow.build/Debug/BurrowSmoke.build/BurrowSmoke-own-target-headers.hmap -Xcc -I/Users/nick/Desktop/cf-tunnel-menubar/build/derived/Build/Intermediates.noindex/Burrow.build/Debug/BurrowSmoke.build/BurrowSmoke-all-target-headers.hmap -Xcc -iquote -Xcc /Users/nick/Desktop/cf-tunnel-menubar/build/derived/Build/Intermediates.noindex/Burrow.build/Debug/BurrowSmoke.build/BurrowSmoke-project-headers.hmap -Xcc -I/Users/nick/Desktop/cf-tunnel-menubar/build/derived/Build/Products/Debug/include -Xcc -I/Users/nick/Desktop/cf-tunnel-menubar/build/derived/Build/Intermediates.noindex/Burrow.build/Debug/BurrowSmoke.build/DerivedSources-normal/arm64 -Xcc -I/Users/nick/Desktop/cf-tunnel-menubar/build/derived/Build/Intermediates.noindex/Burrow.build/Debug/BurrowSmoke.build/DerivedSources/arm64 -Xcc -I/Users/nick/Desktop/cf-tunnel-menubar/build/derived/Build/Intermediates.noindex/Burrow.build/Debug/BurrowSmoke.build/DerivedSources -Xcc -DDEBUG\=1 -emit-objc-header -emit-objc-header-path /Users/nick/Desktop/cf-tunnel-menubar/build/derived/Build/Intermediates.noindex/Burrow.build/Debug/BurrowSmoke.build/Objects-normal/arm64/BurrowSmoke-Swift.h -working-directory /Users/nick/Desktop/cf-tunnel-menubar -experimental-emit-module-separately -disable-cmo

Ld /Users/nick/Desktop/cf-tunnel-menubar/build/derived/Build/Products/Debug/BurrowSmoke normal (in target 'BurrowSmoke' from project 'Burrow')
    cd /Users/nick/Desktop/cf-tunnel-menubar
    /Applications/Xcode.app/Contents/Developer/Toolchains/XcodeDefault.xctoolchain/usr/bin/clang -Xlinker -reproducible -target arm64-apple-macos14.0 -isysroot /Applications/Xcode.app/Contents/Developer/Platforms/MacOSX.platform/Developer/SDKs/MacOSX26.4.sdk -O0 -L/Users/nick/Desktop/cf-tunnel-menubar/build/derived/Build/Intermediates.noindex/EagerLinkingTBDs/Debug -L/Users/nick/Desktop/cf-tunnel-menubar/build/derived/Build/Products/Debug -F/Users/nick/Desktop/cf-tunnel-menubar/build/derived/Build/Intermediates.noindex/EagerLinkingTBDs/Debug -F/Users/nick/Desktop/cf-tunnel-menubar/build/derived/Build/Products/Debug -filelist /Users/nick/Desktop/cf-tunnel-menubar/build/derived/Build/Intermediates.noindex/Burrow.build/Debug/BurrowSmoke.build/Objects-normal/arm64/BurrowSmoke.LinkFileList -Xlinker -rpath -Xlinker /usr/lib/swift -Xlinker -rpath -Xlinker @executable_path/../Frameworks -Xlinker -object_path_lto -Xlinker /Users/nick/Desktop/cf-tunnel-menubar/build/derived/Build/Intermediates.noindex/Burrow.build/Debug/BurrowSmoke.build/Objects-normal/arm64/BurrowSmoke_lto.o -rdynamic -Xlinker -no_deduplicate -Xlinker -dependency_info -Xlinker /Users/nick/Desktop/cf-tunnel-menubar/build/derived/Build/Intermediates.noindex/Burrow.build/Debug/BurrowSmoke.build/Objects-normal/arm64/BurrowSmoke_dependency_info.dat -fobjc-link-runtime -L/Applications/Xcode.app/Contents/Developer/Toolchains/XcodeDefault.xctoolchain/usr/lib/swift/macosx -L/usr/lib/swift -Xlinker -add_ast_path -Xlinker /Users/nick/Desktop/cf-tunnel-menubar/build/derived/Build/Intermediates.noindex/Burrow.build/Debug/BurrowSmoke.build/Objects-normal/arm64/BurrowSmoke.swiftmodule @/Users/nick/Desktop/cf-tunnel-menubar/build/derived/Build/Intermediates.noindex/Burrow.build/Debug/BurrowSmoke.build/Objects-normal/arm64/BurrowSmoke-linker-args.resp -Xlinker -no_adhoc_codesign -o /Users/nick/Desktop/cf-tunnel-menubar/build/derived/Build/Products/Debug/BurrowSmoke

CodeSign /Users/nick/Desktop/cf-tunnel-menubar/build/derived/Build/Products/Debug/BurrowSmoke (in target 'BurrowSmoke' from project 'Burrow')
    cd /Users/nick/Desktop/cf-tunnel-menubar
    
    Signing Identity:     "Sign to Run Locally"
    
    /usr/bin/codesign --force --sign - --entitlements /Users/nick/Desktop/cf-tunnel-menubar/build/derived/Build/Intermediates.noindex/Burrow.build/Debug/BurrowSmoke.build/BurrowSmoke.xcent --timestamp\=none --generate-entitlement-der /Users/nick/Desktop/cf-tunnel-menubar/build/derived/Build/Products/Debug/BurrowSmoke

RegisterExecutionPolicyException /Users/nick/Desktop/cf-tunnel-menubar/build/derived/Build/Products/Debug/BurrowSmoke (in target 'BurrowSmoke' from project 'Burrow')
    cd /Users/nick/Desktop/cf-tunnel-menubar
    builtin-RegisterExecutionPolicyException /Users/nick/Desktop/cf-tunnel-menubar/build/derived/Build/Products/Debug/BurrowSmoke

** BUILD SUCCEEDED **

