Command line invocation:
    /Applications/Xcode.app/Contents/Developer/usr/bin/xcodebuild -project Burrow.xcodeproj -scheme Burrow -configuration Debug -destination platform=macOS -derivedDataPath build/derived build

Resolve Package Graph


Resolved source packages:
  KeychainAccess: https://github.com/kishikawakatsumi/KeychainAccess.git @ 4.2.2

2026-04-30 20:08:21.167 xcodebuild[41961:1534009] [MT] IDERunDestination: Supported platforms for the buildables in the current scheme is empty.
--- xcodebuild: WARNING: Using the first of multiple matching destinations:
{ platform:macOS, arch:arm64, id:00006041-001C488414FA801C, name:My Mac }
{ platform:macOS, arch:x86_64, id:00006041-001C488414FA801C, name:My Mac }
ComputePackagePrebuildTargetDependencyGraph

Prepare packages

CreateBuildRequest

SendProjectDescription

CreateBuildOperation

ComputeTargetDependencyGraph
note: Building targets in dependency order
note: Target dependency graph (3 targets)
    Target 'Burrow' in project 'Burrow'
        ➜ Explicit dependency on target 'KeychainAccess' in project 'KeychainAccess'
    Target 'KeychainAccess' in project 'KeychainAccess'
        ➜ Explicit dependency on target 'KeychainAccess' in project 'KeychainAccess'
    Target 'KeychainAccess' in project 'KeychainAccess' (no dependencies)

GatherProvisioningInputs

CreateBuildDescription

ExecuteExternalTool /Applications/Xcode.app/Contents/Developer/Toolchains/XcodeDefault.xctoolchain/usr/bin/clang -v -E -dM -isysroot /Applications/Xcode.app/Contents/Developer/Platforms/MacOSX.platform/Developer/SDKs/MacOSX26.4.sdk -x c -c /dev/null

ExecuteExternalTool /Applications/Xcode.app/Contents/Developer/Toolchains/XcodeDefault.xctoolchain/usr/bin/swiftc --version

ExecuteExternalTool /Applications/Xcode.app/Contents/Developer/Toolchains/XcodeDefault.xctoolchain/usr/bin/ld -version_details

Build description signature: 45e9ea18c90d9b4253dfdf3b28e275c0
Build description path: /Users/nick/Desktop/cf-tunnel-menubar/build/derived/Build/Intermediates.noindex/XCBuildData/45e9ea18c90d9b4253dfdf3b28e275c0.xcbuilddata
ClangStatCache /Applications/Xcode.app/Contents/Developer/Toolchains/XcodeDefault.xctoolchain/usr/bin/clang-stat-cache /Applications/Xcode.app/Contents/Developer/Platforms/MacOSX.platform/Developer/SDKs/MacOSX26.4.sdk /Users/nick/Desktop/cf-tunnel-menubar/build/derived/SDKStatCaches.noindex/macosx26.4-25E251-30f9ca8789b706f8bd3fc906a70d770f.sdkstatcache
    cd /Users/nick/Desktop/cf-tunnel-menubar/Burrow.xcodeproj
    /Applications/Xcode.app/Contents/Developer/Toolchains/XcodeDefault.xctoolchain/usr/bin/clang-stat-cache /Applications/Xcode.app/Contents/Developer/Platforms/MacOSX.platform/Developer/SDKs/MacOSX26.4.sdk -o /Users/nick/Desktop/cf-tunnel-menubar/build/derived/SDKStatCaches.noindex/macosx26.4-25E251-30f9ca8789b706f8bd3fc906a70d770f.sdkstatcache

note: Disabling hardened runtime with ad-hoc codesigning. (in target 'Burrow' from project 'Burrow')
SwiftDriver Burrow normal arm64 com.apple.xcode.tools.swift.compiler (in target 'Burrow' from project 'Burrow')
    cd /Users/nick/Desktop/cf-tunnel-menubar
    builtin-SwiftDriver -- /Applications/Xcode.app/Contents/Developer/Toolchains/XcodeDefault.xctoolchain/usr/bin/swiftc -module-name Burrow -Onone @/Users/nick/Desktop/cf-tunnel-menubar/build/derived/Build/Intermediates.noindex/Burrow.build/Debug/Burrow.build/Objects-normal/arm64/Burrow.SwiftFileList -DDEBUG -enable-bare-slash-regex -enable-experimental-feature DebugDescriptionMacro -sdk /Applications/Xcode.app/Contents/Developer/Platforms/MacOSX.platform/Developer/SDKs/MacOSX26.4.sdk -target arm64-apple-macos14.0 -g -module-cache-path /Users/nick/Desktop/cf-tunnel-menubar/build/derived/ModuleCache.noindex -Xfrontend -serialize-debugging-options -enable-testing -index-store-path /Users/nick/Desktop/cf-tunnel-menubar/build/derived/Index.noindex/DataStore -Xcc -D_LIBCPP_HARDENING_MODE\=_LIBCPP_HARDENING_MODE_DEBUG -swift-version 5 -I /Users/nick/Desktop/cf-tunnel-menubar/build/derived/Build/Products/Debug -F /Users/nick/Desktop/cf-tunnel-menubar/build/derived/Build/Products/Debug/PackageFrameworks -F /Users/nick/Desktop/cf-tunnel-menubar/build/derived/Build/Products/Debug -c -j16 -enable-batch-mode -incremental -Xcc -ivfsstatcache -Xcc /Users/nick/Desktop/cf-tunnel-menubar/build/derived/SDKStatCaches.noindex/macosx26.4-25E251-30f9ca8789b706f8bd3fc906a70d770f.sdkstatcache -output-file-map /Users/nick/Desktop/cf-tunnel-menubar/build/derived/Build/Intermediates.noindex/Burrow.build/Debug/Burrow.build/Objects-normal/arm64/Burrow-OutputFileMap.json -use-frontend-parseable-output -save-temps -no-color-diagnostics -explicit-module-build -module-cache-path /Users/nick/Desktop/cf-tunnel-menubar/build/derived/Build/Intermediates.noindex/SwiftExplicitPrecompiledModules -clang-scanner-module-cache-path /Users/nick/Desktop/cf-tunnel-menubar/build/derived/ModuleCache.noindex -sdk-module-cache-path /Users/nick/Desktop/cf-tunnel-menubar/build/derived/ModuleCache.noindex -serialize-diagnostics -emit-dependencies -emit-module -emit-module-path /Users/nick/Desktop/cf-tunnel-menubar/build/derived/Build/Intermediates.noindex/Burrow.build/Debug/Burrow.build/Objects-normal/arm64/Burrow.swiftmodule -validate-clang-modules-once -clang-build-session-file /Users/nick/Desktop/cf-tunnel-menubar/build/derived/ModuleCache.noindex/Session.modulevalidation -Xcc -I/Users/nick/Desktop/cf-tunnel-menubar/build/derived/Build/Intermediates.noindex/Burrow.build/Debug/Burrow.build/swift-overrides.hmap -emit-const-values -Xfrontend -const-gather-protocols-file -Xfrontend /Users/nick/Desktop/cf-tunnel-menubar/build/derived/Build/Intermediates.noindex/Burrow.build/Debug/Burrow.build/Objects-normal/arm64/Burrow_const_extract_protocols.json -Xcc -iquote -Xcc /Users/nick/Desktop/cf-tunnel-menubar/build/derived/Build/Intermediates.noindex/Burrow.build/Debug/Burrow.build/Burrow-generated-files.hmap -Xcc -I/Users/nick/Desktop/cf-tunnel-menubar/build/derived/Build/Intermediates.noindex/Burrow.build/Debug/Burrow.build/Burrow-own-target-headers.hmap -Xcc -I/Users/nick/Desktop/cf-tunnel-menubar/build/derived/Build/Intermediates.noindex/Burrow.build/Debug/Burrow.build/Burrow-all-non-framework-target-headers.hmap -Xcc -ivfsoverlay -Xcc /Users/nick/Desktop/cf-tunnel-menubar/build/derived/Build/Intermediates.noindex/Burrow.build/Debug/Burrow-d39d63d28bddfedf4cbd8e3d6ddebca5-VFS/all-product-headers.yaml -Xcc -iquote -Xcc /Users/nick/Desktop/cf-tunnel-menubar/build/derived/Build/Intermediates.noindex/Burrow.build/Debug/Burrow.build/Burrow-project-headers.hmap -Xcc -I/Users/nick/Desktop/cf-tunnel-menubar/build/derived/Build/Products/Debug/include -Xcc -I/Users/nick/Desktop/cf-tunnel-menubar/build/derived/Build/Intermediates.noindex/Burrow.build/Debug/Burrow.build/DerivedSources-normal/arm64 -Xcc -I/Users/nick/Desktop/cf-tunnel-menubar/build/derived/Build/Intermediates.noindex/Burrow.build/Debug/Burrow.build/DerivedSources/arm64 -Xcc -I/Users/nick/Desktop/cf-tunnel-menubar/build/derived/Build/Intermediates.noindex/Burrow.build/Debug/Burrow.build/DerivedSources -Xcc -DDEBUG\=1 -emit-objc-header -emit-objc-header-path /Users/nick/Desktop/cf-tunnel-menubar/build/derived/Build/Intermediates.noindex/Burrow.build/Debug/Burrow.build/Objects-normal/arm64/Burrow-Swift.h -working-directory /Users/nick/Desktop/cf-tunnel-menubar -experimental-emit-module-separately -disable-cmo

Ld /Users/nick/Desktop/cf-tunnel-menubar/build/derived/Build/Products/Debug/Burrow.app/Contents/MacOS/__preview.dylib normal (in target 'Burrow' from project 'Burrow')
    cd /Users/nick/Desktop/cf-tunnel-menubar
    /Applications/Xcode.app/Contents/Developer/Toolchains/XcodeDefault.xctoolchain/usr/bin/clang -Xlinker -reproducible -target arm64-apple-macos14.0 -dynamiclib -isysroot /Applications/Xcode.app/Contents/Developer/Platforms/MacOSX.platform/Developer/SDKs/MacOSX26.4.sdk -O0 -L/Users/nick/Desktop/cf-tunnel-menubar/build/derived/Build/Products/Debug -F/Users/nick/Desktop/cf-tunnel-menubar/build/derived/Build/Products/Debug/PackageFrameworks -F/Users/nick/Desktop/cf-tunnel-menubar/build/derived/Build/Products/Debug -install_name @rpath/Burrow.debug.dylib -rdynamic -Xlinker -no_deduplicate -Xlinker -dependency_info -Xlinker /Users/nick/Desktop/cf-tunnel-menubar/build/derived/Build/Intermediates.noindex/Burrow.build/Debug/Burrow.build/Objects-normal/arm64/Burrow_dependency_info.dat -Xlinker -no_adhoc_codesign -o /Users/nick/Desktop/cf-tunnel-menubar/build/derived/Build/Products/Debug/Burrow.app/Contents/MacOS/__preview.dylib

ProcessInfoPlistFile /Users/nick/Desktop/cf-tunnel-menubar/build/derived/Build/Products/Debug/Burrow.app/Contents/Info.plist /Users/nick/Desktop/cf-tunnel-menubar/Resources/Info.plist (in target 'Burrow' from project 'Burrow')
    cd /Users/nick/Desktop/cf-tunnel-menubar
    builtin-infoPlistUtility /Users/nick/Desktop/cf-tunnel-menubar/Resources/Info.plist -producttype com.apple.product-type.application -genpkginfo /Users/nick/Desktop/cf-tunnel-menubar/build/derived/Build/Products/Debug/Burrow.app/Contents/PkgInfo -expandbuildsettings -platform macosx -o /Users/nick/Desktop/cf-tunnel-menubar/build/derived/Build/Products/Debug/Burrow.app/Contents/Info.plist

SwiftCompile normal arm64 Compiling\ APIEnvelope.swift,\ Account.swift,\ AccountZoneStep.swift /Users/nick/Desktop/cf-tunnel-menubar/Sources/CloudflareAPI/Models/APIEnvelope.swift /Users/nick/Desktop/cf-tunnel-menubar/Sources/CloudflareAPI/Models/Account.swift /Users/nick/Desktop/cf-tunnel-menubar/Sources/UI/FirstRun/Steps/AccountZoneStep.swift (in target 'Burrow' from project 'Burrow')

SwiftCompile normal arm64 /Users/nick/Desktop/cf-tunnel-menubar/Sources/CloudflareAPI/Models/APIEnvelope.swift (in target 'Burrow' from project 'Burrow')
    cd /Users/nick/Desktop/cf-tunnel-menubar
    

SwiftCompile normal arm64 /Users/nick/Desktop/cf-tunnel-menubar/Sources/CloudflareAPI/Models/Account.swift (in target 'Burrow' from project 'Burrow')
    cd /Users/nick/Desktop/cf-tunnel-menubar
    

SwiftCompile normal arm64 /Users/nick/Desktop/cf-tunnel-menubar/Sources/UI/FirstRun/Steps/AccountZoneStep.swift (in target 'Burrow' from project 'Burrow')
    cd /Users/nick/Desktop/cf-tunnel-menubar
    

SwiftCompile normal arm64 Compiling\ CloudflareTab.swift,\ CloudflaredCheckStep.swift /Users/nick/Desktop/cf-tunnel-menubar/Sources/UI/Settings/CloudflareTab.swift /Users/nick/Desktop/cf-tunnel-menubar/Sources/UI/FirstRun/Steps/CloudflaredCheckStep.swift (in target 'Burrow' from project 'Burrow')

SwiftCompile normal arm64 /Users/nick/Desktop/cf-tunnel-menubar/Sources/UI/Settings/CloudflareTab.swift (in target 'Burrow' from project 'Burrow')
    cd /Users/nick/Desktop/cf-tunnel-menubar
    

SwiftCompile normal arm64 /Users/nick/Desktop/cf-tunnel-menubar/Sources/UI/FirstRun/Steps/CloudflaredCheckStep.swift (in target 'Burrow' from project 'Burrow')
    cd /Users/nick/Desktop/cf-tunnel-menubar
    

SwiftCompile normal arm64 Compiling\ CFTunnelApp.swift,\ CloudflareClient.swift,\ CloudflareError.swift /Users/nick/Desktop/cf-tunnel-menubar/Sources/App/CFTunnelApp.swift /Users/nick/Desktop/cf-tunnel-menubar/Sources/CloudflareAPI/CloudflareClient.swift /Users/nick/Desktop/cf-tunnel-menubar/Sources/CloudflareAPI/CloudflareError.swift (in target 'Burrow' from project 'Burrow')

SwiftCompile normal arm64 /Users/nick/Desktop/cf-tunnel-menubar/Sources/App/CFTunnelApp.swift (in target 'Burrow' from project 'Burrow')
    cd /Users/nick/Desktop/cf-tunnel-menubar
    

SwiftCompile normal arm64 /Users/nick/Desktop/cf-tunnel-menubar/Sources/CloudflareAPI/CloudflareClient.swift (in target 'Burrow' from project 'Burrow')
    cd /Users/nick/Desktop/cf-tunnel-menubar
    

SwiftCompile normal arm64 /Users/nick/Desktop/cf-tunnel-menubar/Sources/CloudflareAPI/CloudflareError.swift (in target 'Burrow' from project 'Burrow')
    cd /Users/nick/Desktop/cf-tunnel-menubar
    

SwiftCompile normal arm64 Compiling\ AdvancedTab.swift,\ AppDelegate.swift,\ BinaryLocator.swift /Users/nick/Desktop/cf-tunnel-menubar/Sources/UI/Settings/AdvancedTab.swift /Users/nick/Desktop/cf-tunnel-menubar/Sources/App/AppDelegate.swift /Users/nick/Desktop/cf-tunnel-menubar/Sources/TunnelCore/BinaryLocator.swift (in target 'Burrow' from project 'Burrow')
SwiftCompile normal arm64 /Users/nick/Desktop/cf-tunnel-menubar/Sources/UI/Settings/AdvancedTab.swift (in target 'Burrow' from project 'Burrow')
    cd /Users/nick/Desktop/cf-tunnel-menubar
    

SwiftCompile normal arm64 /Users/nick/Desktop/cf-tunnel-menubar/Sources/App/AppDelegate.swift (in target 'Burrow' from project 'Burrow')
    cd /Users/nick/Desktop/cf-tunnel-menubar
    

SwiftCompile normal arm64 /Users/nick/Desktop/cf-tunnel-menubar/Sources/TunnelCore/BinaryLocator.swift (in target 'Burrow' from project 'Burrow')
    cd /Users/nick/Desktop/cf-tunnel-menubar
    

SwiftCompile normal arm64 Compiling\ DoneStep.swift,\ Endpoints.swift /Users/nick/Desktop/cf-tunnel-menubar/Sources/UI/FirstRun/Steps/DoneStep.swift /Users/nick/Desktop/cf-tunnel-menubar/Sources/CloudflareAPI/Endpoints.swift (in target 'Burrow' from project 'Burrow')

SwiftCompile normal arm64 /Users/nick/Desktop/cf-tunnel-menubar/Sources/UI/FirstRun/Steps/DoneStep.swift (in target 'Burrow' from project 'Burrow')
    cd /Users/nick/Desktop/cf-tunnel-menubar
    

SwiftCompile normal arm64 /Users/nick/Desktop/cf-tunnel-menubar/Sources/CloudflareAPI/Endpoints.swift (in target 'Burrow' from project 'Burrow')
    cd /Users/nick/Desktop/cf-tunnel-menubar
    

SwiftCompile normal arm64 Compiling\ DNSRecord.swift,\ DNSTab.swift /Users/nick/Desktop/cf-tunnel-menubar/Sources/CloudflareAPI/Models/DNSRecord.swift /Users/nick/Desktop/cf-tunnel-menubar/Sources/UI/Settings/DNSTab.swift (in target 'Burrow' from project 'Burrow')

SwiftCompile normal arm64 /Users/nick/Desktop/cf-tunnel-menubar/Sources/CloudflareAPI/Models/DNSRecord.swift (in target 'Burrow' from project 'Burrow')
    cd /Users/nick/Desktop/cf-tunnel-menubar
    

SwiftCompile normal arm64 /Users/nick/Desktop/cf-tunnel-menubar/Sources/UI/Settings/DNSTab.swift (in target 'Burrow' from project 'Burrow')
    cd /Users/nick/Desktop/cf-tunnel-menubar
    

SwiftCompile normal arm64 Compiling\ KeychainService.swift,\ Log.swift /Users/nick/Desktop/cf-tunnel-menubar/Sources/Keychain/KeychainService.swift /Users/nick/Desktop/cf-tunnel-menubar/Sources/Logging/Log.swift (in target 'Burrow' from project 'Burrow')

SwiftCompile normal arm64 /Users/nick/Desktop/cf-tunnel-menubar/Sources/Keychain/KeychainService.swift (in target 'Burrow' from project 'Burrow')
    cd /Users/nick/Desktop/cf-tunnel-menubar
    

SwiftCompile normal arm64 /Users/nick/Desktop/cf-tunnel-menubar/Sources/Logging/Log.swift (in target 'Burrow' from project 'Burrow')
    cd /Users/nick/Desktop/cf-tunnel-menubar
    

SwiftCompile normal arm64 Compiling\ TokenStep.swift,\ TokenVerify.swift /Users/nick/Desktop/cf-tunnel-menubar/Sources/UI/FirstRun/Steps/TokenStep.swift /Users/nick/Desktop/cf-tunnel-menubar/Sources/CloudflareAPI/Models/TokenVerify.swift (in target 'Burrow' from project 'Burrow')

SwiftCompile normal arm64 /Users/nick/Desktop/cf-tunnel-menubar/Sources/UI/FirstRun/Steps/TokenStep.swift (in target 'Burrow' from project 'Burrow')
    cd /Users/nick/Desktop/cf-tunnel-menubar
    

SwiftCompile normal arm64 /Users/nick/Desktop/cf-tunnel-menubar/Sources/CloudflareAPI/Models/TokenVerify.swift (in target 'Burrow' from project 'Burrow')
    cd /Users/nick/Desktop/cf-tunnel-menubar
    

SwiftCompile normal arm64 Compiling\ MenuBarContentView.swift,\ NetworkMonitor.swift /Users/nick/Desktop/cf-tunnel-menubar/Sources/UI/MenuBar/MenuBarContentView.swift /Users/nick/Desktop/cf-tunnel-menubar/Sources/Networking/NetworkMonitor.swift (in target 'Burrow' from project 'Burrow')
SwiftCompile normal arm64 /Users/nick/Desktop/cf-tunnel-menubar/Sources/UI/MenuBar/MenuBarContentView.swift (in target 'Burrow' from project 'Burrow')
    cd /Users/nick/Desktop/cf-tunnel-menubar
    

SwiftCompile normal arm64 /Users/nick/Desktop/cf-tunnel-menubar/Sources/Networking/NetworkMonitor.swift (in target 'Burrow' from project 'Burrow')
    cd /Users/nick/Desktop/cf-tunnel-menubar
    

SwiftCompile normal arm64 Compiling\ Tunnel.swift,\ TunnelState.swift /Users/nick/Desktop/cf-tunnel-menubar/Sources/CloudflareAPI/Models/Tunnel.swift /Users/nick/Desktop/cf-tunnel-menubar/Sources/TunnelCore/TunnelState.swift (in target 'Burrow' from project 'Burrow')

SwiftCompile normal arm64 /Users/nick/Desktop/cf-tunnel-menubar/Sources/CloudflareAPI/Models/Tunnel.swift (in target 'Burrow' from project 'Burrow')
    cd /Users/nick/Desktop/cf-tunnel-menubar
    

SwiftCompile normal arm64 /Users/nick/Desktop/cf-tunnel-menubar/Sources/TunnelCore/TunnelState.swift (in target 'Burrow' from project 'Burrow')
    cd /Users/nick/Desktop/cf-tunnel-menubar
    

SwiftCompile normal arm64 Compiling\ CloudflaredManager.swift,\ CreateTunnelStep.swift /Users/nick/Desktop/cf-tunnel-menubar/Sources/TunnelCore/CloudflaredManager.swift /Users/nick/Desktop/cf-tunnel-menubar/Sources/UI/FirstRun/Steps/CreateTunnelStep.swift (in target 'Burrow' from project 'Burrow')

SwiftCompile normal arm64 /Users/nick/Desktop/cf-tunnel-menubar/Sources/TunnelCore/CloudflaredManager.swift (in target 'Burrow' from project 'Burrow')
    cd /Users/nick/Desktop/cf-tunnel-menubar
    

SwiftCompile normal arm64 /Users/nick/Desktop/cf-tunnel-menubar/Sources/UI/FirstRun/Steps/CreateTunnelStep.swift (in target 'Burrow' from project 'Burrow')
    cd /Users/nick/Desktop/cf-tunnel-menubar
    

SwiftCompile normal arm64 Compiling\ SettingsView.swift,\ SubdomainStep.swift /Users/nick/Desktop/cf-tunnel-menubar/Sources/UI/Settings/SettingsView.swift /Users/nick/Desktop/cf-tunnel-menubar/Sources/UI/FirstRun/Steps/SubdomainStep.swift (in target 'Burrow' from project 'Burrow')

SwiftCompile normal arm64 /Users/nick/Desktop/cf-tunnel-menubar/Sources/UI/Settings/SettingsView.swift (in target 'Burrow' from project 'Burrow')
    cd /Users/nick/Desktop/cf-tunnel-menubar
    

SwiftCompile normal arm64 /Users/nick/Desktop/cf-tunnel-menubar/Sources/UI/FirstRun/Steps/SubdomainStep.swift (in target 'Burrow' from project 'Burrow')
    cd /Users/nick/Desktop/cf-tunnel-menubar
    

SwiftCompile normal arm64 Compiling\ GeneralTab.swift,\ IngressConfigBuilder.swift /Users/nick/Desktop/cf-tunnel-menubar/Sources/UI/Settings/GeneralTab.swift /Users/nick/Desktop/cf-tunnel-menubar/Sources/TunnelCore/IngressConfigBuilder.swift (in target 'Burrow' from project 'Burrow')

SwiftCompile normal arm64 /Users/nick/Desktop/cf-tunnel-menubar/Sources/UI/Settings/GeneralTab.swift (in target 'Burrow' from project 'Burrow')
    cd /Users/nick/Desktop/cf-tunnel-menubar
    

SwiftCompile normal arm64 /Users/nick/Desktop/cf-tunnel-menubar/Sources/TunnelCore/IngressConfigBuilder.swift (in target 'Burrow' from project 'Burrow')
    cd /Users/nick/Desktop/cf-tunnel-menubar
    

SwiftCompile normal arm64 Compiling\ PowerObserver.swift,\ PreferencesStore.swift /Users/nick/Desktop/cf-tunnel-menubar/Sources/Networking/PowerObserver.swift /Users/nick/Desktop/cf-tunnel-menubar/Sources/Preferences/PreferencesStore.swift (in target 'Burrow' from project 'Burrow')

SwiftCompile normal arm64 /Users/nick/Desktop/cf-tunnel-menubar/Sources/Networking/PowerObserver.swift (in target 'Burrow' from project 'Burrow')
    cd /Users/nick/Desktop/cf-tunnel-menubar
    

SwiftCompile normal arm64 /Users/nick/Desktop/cf-tunnel-menubar/Sources/Preferences/PreferencesStore.swift (in target 'Burrow' from project 'Burrow')
    cd /Users/nick/Desktop/cf-tunnel-menubar
    

SwiftEmitModule normal arm64 Emitting\ module\ for\ Burrow (in target 'Burrow' from project 'Burrow')

EmitSwiftModule normal arm64 (in target 'Burrow' from project 'Burrow')
    cd /Users/nick/Desktop/cf-tunnel-menubar
    

SwiftCompile normal arm64 Compiling\ TunnelTab.swift,\ WelcomeStep.swift /Users/nick/Desktop/cf-tunnel-menubar/Sources/UI/Settings/TunnelTab.swift /Users/nick/Desktop/cf-tunnel-menubar/Sources/UI/FirstRun/Steps/WelcomeStep.swift (in target 'Burrow' from project 'Burrow')

SwiftCompile normal arm64 /Users/nick/Desktop/cf-tunnel-menubar/Sources/UI/Settings/TunnelTab.swift (in target 'Burrow' from project 'Burrow')
    cd /Users/nick/Desktop/cf-tunnel-menubar
    

SwiftCompile normal arm64 /Users/nick/Desktop/cf-tunnel-menubar/Sources/UI/FirstRun/Steps/WelcomeStep.swift (in target 'Burrow' from project 'Burrow')
    cd /Users/nick/Desktop/cf-tunnel-menubar
    

SwiftCompile normal arm64 Compiling\ WizardCoordinator.swift,\ Zone.swift /Users/nick/Desktop/cf-tunnel-menubar/Sources/UI/FirstRun/WizardCoordinator.swift /Users/nick/Desktop/cf-tunnel-menubar/Sources/CloudflareAPI/Models/Zone.swift (in target 'Burrow' from project 'Burrow')

SwiftCompile normal arm64 /Users/nick/Desktop/cf-tunnel-menubar/Sources/UI/FirstRun/WizardCoordinator.swift (in target 'Burrow' from project 'Burrow')
    cd /Users/nick/Desktop/cf-tunnel-menubar
    

SwiftCompile normal arm64 /Users/nick/Desktop/cf-tunnel-menubar/Sources/CloudflareAPI/Models/Zone.swift (in target 'Burrow' from project 'Burrow')
    cd /Users/nick/Desktop/cf-tunnel-menubar
    

SwiftDriverJobDiscovery normal arm64 Compiling Tunnel.swift, TunnelState.swift (in target 'Burrow' from project 'Burrow')

SwiftDriverJobDiscovery normal arm64 Compiling KeychainService.swift, Log.swift (in target 'Burrow' from project 'Burrow')

SwiftDriverJobDiscovery normal arm64 Emitting module for Burrow (in target 'Burrow' from project 'Burrow')

SwiftDriver\ Compilation\ Requirements Burrow normal arm64 com.apple.xcode.tools.swift.compiler (in target 'Burrow' from project 'Burrow')
    cd /Users/nick/Desktop/cf-tunnel-menubar
    builtin-Swift-Compilation-Requirements -- /Applications/Xcode.app/Contents/Developer/Toolchains/XcodeDefault.xctoolchain/usr/bin/swiftc -module-name Burrow -Onone @/Users/nick/Desktop/cf-tunnel-menubar/build/derived/Build/Intermediates.noindex/Burrow.build/Debug/Burrow.build/Objects-normal/arm64/Burrow.SwiftFileList -DDEBUG -enable-bare-slash-regex -enable-experimental-feature DebugDescriptionMacro -sdk /Applications/Xcode.app/Contents/Developer/Platforms/MacOSX.platform/Developer/SDKs/MacOSX26.4.sdk -target arm64-apple-macos14.0 -g -module-cache-path /Users/nick/Desktop/cf-tunnel-menubar/build/derived/ModuleCache.noindex -Xfrontend -serialize-debugging-options -enable-testing -index-store-path /Users/nick/Desktop/cf-tunnel-menubar/build/derived/Index.noindex/DataStore -Xcc -D_LIBCPP_HARDENING_MODE\=_LIBCPP_HARDENING_MODE_DEBUG -swift-version 5 -I /Users/nick/Desktop/cf-tunnel-menubar/build/derived/Build/Products/Debug -F /Users/nick/Desktop/cf-tunnel-menubar/build/derived/Build/Products/Debug/PackageFrameworks -F /Users/nick/Desktop/cf-tunnel-menubar/build/derived/Build/Products/Debug -c -j16 -enable-batch-mode -incremental -Xcc -ivfsstatcache -Xcc /Users/nick/Desktop/cf-tunnel-menubar/build/derived/SDKStatCaches.noindex/macosx26.4-25E251-30f9ca8789b706f8bd3fc906a70d770f.sdkstatcache -output-file-map /Users/nick/Desktop/cf-tunnel-menubar/build/derived/Build/Intermediates.noindex/Burrow.build/Debug/Burrow.build/Objects-normal/arm64/Burrow-OutputFileMap.json -use-frontend-parseable-output -save-temps -no-color-diagnostics -explicit-module-build -module-cache-path /Users/nick/Desktop/cf-tunnel-menubar/build/derived/Build/Intermediates.noindex/SwiftExplicitPrecompiledModules -clang-scanner-module-cache-path /Users/nick/Desktop/cf-tunnel-menubar/build/derived/ModuleCache.noindex -sdk-module-cache-path /Users/nick/Desktop/cf-tunnel-menubar/build/derived/ModuleCache.noindex -serialize-diagnostics -emit-dependencies -emit-module -emit-module-path /Users/nick/Desktop/cf-tunnel-menubar/build/derived/Build/Intermediates.noindex/Burrow.build/Debug/Burrow.build/Objects-normal/arm64/Burrow.swiftmodule -validate-clang-modules-once -clang-build-session-file /Users/nick/Desktop/cf-tunnel-menubar/build/derived/ModuleCache.noindex/Session.modulevalidation -Xcc -I/Users/nick/Desktop/cf-tunnel-menubar/build/derived/Build/Intermediates.noindex/Burrow.build/Debug/Burrow.build/swift-overrides.hmap -emit-const-values -Xfrontend -const-gather-protocols-file -Xfrontend /Users/nick/Desktop/cf-tunnel-menubar/build/derived/Build/Intermediates.noindex/Burrow.build/Debug/Burrow.build/Objects-normal/arm64/Burrow_const_extract_protocols.json -Xcc -iquote -Xcc /Users/nick/Desktop/cf-tunnel-menubar/build/derived/Build/Intermediates.noindex/Burrow.build/Debug/Burrow.build/Burrow-generated-files.hmap -Xcc -I/Users/nick/Desktop/cf-tunnel-menubar/build/derived/Build/Intermediates.noindex/Burrow.build/Debug/Burrow.build/Burrow-own-target-headers.hmap -Xcc -I/Users/nick/Desktop/cf-tunnel-menubar/build/derived/Build/Intermediates.noindex/Burrow.build/Debug/Burrow.build/Burrow-all-non-framework-target-headers.hmap -Xcc -ivfsoverlay -Xcc /Users/nick/Desktop/cf-tunnel-menubar/build/derived/Build/Intermediates.noindex/Burrow.build/Debug/Burrow-d39d63d28bddfedf4cbd8e3d6ddebca5-VFS/all-product-headers.yaml -Xcc -iquote -Xcc /Users/nick/Desktop/cf-tunnel-menubar/build/derived/Build/Intermediates.noindex/Burrow.build/Debug/Burrow.build/Burrow-project-headers.hmap -Xcc -I/Users/nick/Desktop/cf-tunnel-menubar/build/derived/Build/Products/Debug/include -Xcc -I/Users/nick/Desktop/cf-tunnel-menubar/build/derived/Build/Intermediates.noindex/Burrow.build/Debug/Burrow.build/DerivedSources-normal/arm64 -Xcc -I/Users/nick/Desktop/cf-tunnel-menubar/build/derived/Build/Intermediates.noindex/Burrow.build/Debug/Burrow.build/DerivedSources/arm64 -Xcc -I/Users/nick/Desktop/cf-tunnel-menubar/build/derived/Build/Intermediates.noindex/Burrow.build/Debug/Burrow.build/DerivedSources -Xcc -DDEBUG\=1 -emit-objc-header -emit-objc-header-path /Users/nick/Desktop/cf-tunnel-menubar/build/derived/Build/Intermediates.noindex/Burrow.build/Debug/Burrow.build/Objects-normal/arm64/Burrow-Swift.h -working-directory /Users/nick/Desktop/cf-tunnel-menubar -experimental-emit-module-separately -disable-cmo

SwiftMergeGeneratedHeaders /Users/nick/Desktop/cf-tunnel-menubar/build/derived/Build/Intermediates.noindex/Burrow.build/Debug/Burrow.build/DerivedSources/Burrow-Swift.h /Users/nick/Desktop/cf-tunnel-menubar/build/derived/Build/Intermediates.noindex/Burrow.build/Debug/Burrow.build/Objects-normal/arm64/Burrow-Swift.h (in target 'Burrow' from project 'Burrow')
    cd /Users/nick/Desktop/cf-tunnel-menubar
    builtin-swiftHeaderTool -arch arm64 /Users/nick/Desktop/cf-tunnel-menubar/build/derived/Build/Intermediates.noindex/Burrow.build/Debug/Burrow.build/Objects-normal/arm64/Burrow-Swift.h -o /Users/nick/Desktop/cf-tunnel-menubar/build/derived/Build/Intermediates.noindex/Burrow.build/Debug/Burrow.build/DerivedSources/Burrow-Swift.h

Copy /Users/nick/Desktop/cf-tunnel-menubar/build/derived/Build/Products/Debug/Burrow.swiftmodule/arm64-apple-macos.swiftmodule /Users/nick/Desktop/cf-tunnel-menubar/build/derived/Build/Intermediates.noindex/Burrow.build/Debug/Burrow.build/Objects-normal/arm64/Burrow.swiftmodule (in target 'Burrow' from project 'Burrow')
    cd /Users/nick/Desktop/cf-tunnel-menubar
    builtin-copy -exclude .DS_Store -exclude CVS -exclude .svn -exclude .git -exclude .hg -resolve-src-symlinks -rename /Users/nick/Desktop/cf-tunnel-menubar/build/derived/Build/Intermediates.noindex/Burrow.build/Debug/Burrow.build/Objects-normal/arm64/Burrow.swiftmodule /Users/nick/Desktop/cf-tunnel-menubar/build/derived/Build/Products/Debug/Burrow.swiftmodule/arm64-apple-macos.swiftmodule

Copy /Users/nick/Desktop/cf-tunnel-menubar/build/derived/Build/Products/Debug/Burrow.swiftmodule/arm64-apple-macos.swiftdoc /Users/nick/Desktop/cf-tunnel-menubar/build/derived/Build/Intermediates.noindex/Burrow.build/Debug/Burrow.build/Objects-normal/arm64/Burrow.swiftdoc (in target 'Burrow' from project 'Burrow')
    cd /Users/nick/Desktop/cf-tunnel-menubar
    builtin-copy -exclude .DS_Store -exclude CVS -exclude .svn -exclude .git -exclude .hg -resolve-src-symlinks -rename /Users/nick/Desktop/cf-tunnel-menubar/build/derived/Build/Intermediates.noindex/Burrow.build/Debug/Burrow.build/Objects-normal/arm64/Burrow.swiftdoc /Users/nick/Desktop/cf-tunnel-menubar/build/derived/Build/Products/Debug/Burrow.swiftmodule/arm64-apple-macos.swiftdoc

Copy /Users/nick/Desktop/cf-tunnel-menubar/build/derived/Build/Products/Debug/Burrow.swiftmodule/arm64-apple-macos.abi.json /Users/nick/Desktop/cf-tunnel-menubar/build/derived/Build/Intermediates.noindex/Burrow.build/Debug/Burrow.build/Objects-normal/arm64/Burrow.abi.json (in target 'Burrow' from project 'Burrow')
    cd /Users/nick/Desktop/cf-tunnel-menubar
    builtin-copy -exclude .DS_Store -exclude CVS -exclude .svn -exclude .git -exclude .hg -resolve-src-symlinks -rename /Users/nick/Desktop/cf-tunnel-menubar/build/derived/Build/Intermediates.noindex/Burrow.build/Debug/Burrow.build/Objects-normal/arm64/Burrow.abi.json /Users/nick/Desktop/cf-tunnel-menubar/build/derived/Build/Products/Debug/Burrow.swiftmodule/arm64-apple-macos.abi.json

Copy /Users/nick/Desktop/cf-tunnel-menubar/build/derived/Build/Products/Debug/Burrow.swiftmodule/Project/arm64-apple-macos.swiftsourceinfo /Users/nick/Desktop/cf-tunnel-menubar/build/derived/Build/Intermediates.noindex/Burrow.build/Debug/Burrow.build/Objects-normal/arm64/Burrow.swiftsourceinfo (in target 'Burrow' from project 'Burrow')
    cd /Users/nick/Desktop/cf-tunnel-menubar
    builtin-copy -exclude .DS_Store -exclude CVS -exclude .svn -exclude .git -exclude .hg -resolve-src-symlinks -rename /Users/nick/Desktop/cf-tunnel-menubar/build/derived/Build/Intermediates.noindex/Burrow.build/Debug/Burrow.build/Objects-normal/arm64/Burrow.swiftsourceinfo /Users/nick/Desktop/cf-tunnel-menubar/build/derived/Build/Products/Debug/Burrow.swiftmodule/Project/arm64-apple-macos.swiftsourceinfo

SwiftDriverJobDiscovery normal arm64 Compiling DoneStep.swift, Endpoints.swift (in target 'Burrow' from project 'Burrow')

SwiftDriverJobDiscovery normal arm64 Compiling CloudflareTab.swift, CloudflaredCheckStep.swift (in target 'Burrow' from project 'Burrow')

SwiftDriverJobDiscovery normal arm64 Compiling GeneralTab.swift, IngressConfigBuilder.swift (in target 'Burrow' from project 'Burrow')

SwiftDriverJobDiscovery normal arm64 Compiling CloudflaredManager.swift, CreateTunnelStep.swift (in target 'Burrow' from project 'Burrow')

SwiftDriverJobDiscovery normal arm64 Compiling DNSRecord.swift, DNSTab.swift (in target 'Burrow' from project 'Burrow')

SwiftDriverJobDiscovery normal arm64 Compiling WizardCoordinator.swift, Zone.swift (in target 'Burrow' from project 'Burrow')

SwiftDriverJobDiscovery normal arm64 Compiling SettingsView.swift, SubdomainStep.swift (in target 'Burrow' from project 'Burrow')

SwiftDriverJobDiscovery normal arm64 Compiling CFTunnelApp.swift, CloudflareClient.swift, CloudflareError.swift (in target 'Burrow' from project 'Burrow')

SwiftDriverJobDiscovery normal arm64 Compiling TunnelTab.swift, WelcomeStep.swift (in target 'Burrow' from project 'Burrow')

SwiftDriverJobDiscovery normal arm64 Compiling TokenStep.swift, TokenVerify.swift (in target 'Burrow' from project 'Burrow')

SwiftDriverJobDiscovery normal arm64 Compiling PowerObserver.swift, PreferencesStore.swift (in target 'Burrow' from project 'Burrow')

SwiftDriverJobDiscovery normal arm64 Compiling APIEnvelope.swift, Account.swift, AccountZoneStep.swift (in target 'Burrow' from project 'Burrow')

SwiftDriverJobDiscovery normal arm64 Compiling AdvancedTab.swift, AppDelegate.swift, BinaryLocator.swift (in target 'Burrow' from project 'Burrow')

SwiftDriverJobDiscovery normal arm64 Compiling MenuBarContentView.swift, NetworkMonitor.swift (in target 'Burrow' from project 'Burrow')

SwiftDriver\ Compilation Burrow normal arm64 com.apple.xcode.tools.swift.compiler (in target 'Burrow' from project 'Burrow')
    cd /Users/nick/Desktop/cf-tunnel-menubar
    builtin-Swift-Compilation -- /Applications/Xcode.app/Contents/Developer/Toolchains/XcodeDefault.xctoolchain/usr/bin/swiftc -module-name Burrow -Onone @/Users/nick/Desktop/cf-tunnel-menubar/build/derived/Build/Intermediates.noindex/Burrow.build/Debug/Burrow.build/Objects-normal/arm64/Burrow.SwiftFileList -DDEBUG -enable-bare-slash-regex -enable-experimental-feature DebugDescriptionMacro -sdk /Applications/Xcode.app/Contents/Developer/Platforms/MacOSX.platform/Developer/SDKs/MacOSX26.4.sdk -target arm64-apple-macos14.0 -g -module-cache-path /Users/nick/Desktop/cf-tunnel-menubar/build/derived/ModuleCache.noindex -Xfrontend -serialize-debugging-options -enable-testing -index-store-path /Users/nick/Desktop/cf-tunnel-menubar/build/derived/Index.noindex/DataStore -Xcc -D_LIBCPP_HARDENING_MODE\=_LIBCPP_HARDENING_MODE_DEBUG -swift-version 5 -I /Users/nick/Desktop/cf-tunnel-menubar/build/derived/Build/Products/Debug -F /Users/nick/Desktop/cf-tunnel-menubar/build/derived/Build/Products/Debug/PackageFrameworks -F /Users/nick/Desktop/cf-tunnel-menubar/build/derived/Build/Products/Debug -c -j16 -enable-batch-mode -incremental -Xcc -ivfsstatcache -Xcc /Users/nick/Desktop/cf-tunnel-menubar/build/derived/SDKStatCaches.noindex/macosx26.4-25E251-30f9ca8789b706f8bd3fc906a70d770f.sdkstatcache -output-file-map /Users/nick/Desktop/cf-tunnel-menubar/build/derived/Build/Intermediates.noindex/Burrow.build/Debug/Burrow.build/Objects-normal/arm64/Burrow-OutputFileMap.json -use-frontend-parseable-output -save-temps -no-color-diagnostics -explicit-module-build -module-cache-path /Users/nick/Desktop/cf-tunnel-menubar/build/derived/Build/Intermediates.noindex/SwiftExplicitPrecompiledModules -clang-scanner-module-cache-path /Users/nick/Desktop/cf-tunnel-menubar/build/derived/ModuleCache.noindex -sdk-module-cache-path /Users/nick/Desktop/cf-tunnel-menubar/build/derived/ModuleCache.noindex -serialize-diagnostics -emit-dependencies -emit-module -emit-module-path /Users/nick/Desktop/cf-tunnel-menubar/build/derived/Build/Intermediates.noindex/Burrow.build/Debug/Burrow.build/Objects-normal/arm64/Burrow.swiftmodule -validate-clang-modules-once -clang-build-session-file /Users/nick/Desktop/cf-tunnel-menubar/build/derived/ModuleCache.noindex/Session.modulevalidation -Xcc -I/Users/nick/Desktop/cf-tunnel-menubar/build/derived/Build/Intermediates.noindex/Burrow.build/Debug/Burrow.build/swift-overrides.hmap -emit-const-values -Xfrontend -const-gather-protocols-file -Xfrontend /Users/nick/Desktop/cf-tunnel-menubar/build/derived/Build/Intermediates.noindex/Burrow.build/Debug/Burrow.build/Objects-normal/arm64/Burrow_const_extract_protocols.json -Xcc -iquote -Xcc /Users/nick/Desktop/cf-tunnel-menubar/build/derived/Build/Intermediates.noindex/Burrow.build/Debug/Burrow.build/Burrow-generated-files.hmap -Xcc -I/Users/nick/Desktop/cf-tunnel-menubar/build/derived/Build/Intermediates.noindex/Burrow.build/Debug/Burrow.build/Burrow-own-target-headers.hmap -Xcc -I/Users/nick/Desktop/cf-tunnel-menubar/build/derived/Build/Intermediates.noindex/Burrow.build/Debug/Burrow.build/Burrow-all-non-framework-target-headers.hmap -Xcc -ivfsoverlay -Xcc /Users/nick/Desktop/cf-tunnel-menubar/build/derived/Build/Intermediates.noindex/Burrow.build/Debug/Burrow-d39d63d28bddfedf4cbd8e3d6ddebca5-VFS/all-product-headers.yaml -Xcc -iquote -Xcc /Users/nick/Desktop/cf-tunnel-menubar/build/derived/Build/Intermediates.noindex/Burrow.build/Debug/Burrow.build/Burrow-project-headers.hmap -Xcc -I/Users/nick/Desktop/cf-tunnel-menubar/build/derived/Build/Products/Debug/include -Xcc -I/Users/nick/Desktop/cf-tunnel-menubar/build/derived/Build/Intermediates.noindex/Burrow.build/Debug/Burrow.build/DerivedSources-normal/arm64 -Xcc -I/Users/nick/Desktop/cf-tunnel-menubar/build/derived/Build/Intermediates.noindex/Burrow.build/Debug/Burrow.build/DerivedSources/arm64 -Xcc -I/Users/nick/Desktop/cf-tunnel-menubar/build/derived/Build/Intermediates.noindex/Burrow.build/Debug/Burrow.build/DerivedSources -Xcc -DDEBUG\=1 -emit-objc-header -emit-objc-header-path /Users/nick/Desktop/cf-tunnel-menubar/build/derived/Build/Intermediates.noindex/Burrow.build/Debug/Burrow.build/Objects-normal/arm64/Burrow-Swift.h -working-directory /Users/nick/Desktop/cf-tunnel-menubar -experimental-emit-module-separately -disable-cmo

Ld /Users/nick/Desktop/cf-tunnel-menubar/build/derived/Build/Products/Debug/Burrow.app/Contents/MacOS/Burrow.debug.dylib normal (in target 'Burrow' from project 'Burrow')
    cd /Users/nick/Desktop/cf-tunnel-menubar
    /Applications/Xcode.app/Contents/Developer/Toolchains/XcodeDefault.xctoolchain/usr/bin/clang -Xlinker -reproducible -target arm64-apple-macos14.0 -dynamiclib -isysroot /Applications/Xcode.app/Contents/Developer/Platforms/MacOSX.platform/Developer/SDKs/MacOSX26.4.sdk -O0 -L/Users/nick/Desktop/cf-tunnel-menubar/build/derived/Build/Intermediates.noindex/EagerLinkingTBDs/Debug -L/Users/nick/Desktop/cf-tunnel-menubar/build/derived/Build/Products/Debug -F/Users/nick/Desktop/cf-tunnel-menubar/build/derived/Build/Intermediates.noindex/EagerLinkingTBDs/Debug -F/Users/nick/Desktop/cf-tunnel-menubar/build/derived/Build/Products/Debug/PackageFrameworks -F/Users/nick/Desktop/cf-tunnel-menubar/build/derived/Build/Products/Debug -filelist /Users/nick/Desktop/cf-tunnel-menubar/build/derived/Build/Intermediates.noindex/Burrow.build/Debug/Burrow.build/Objects-normal/arm64/Burrow.LinkFileList -install_name @rpath/Burrow.debug.dylib -Xlinker -rpath -Xlinker /usr/lib/swift -Xlinker -rpath -Xlinker /Users/nick/Desktop/cf-tunnel-menubar/build/derived/Build/Products/Debug/PackageFrameworks -Xlinker -rpath -Xlinker @executable_path/../Frameworks -Xlinker -object_path_lto -Xlinker /Users/nick/Desktop/cf-tunnel-menubar/build/derived/Build/Intermediates.noindex/Burrow.build/Debug/Burrow.build/Objects-normal/arm64/Burrow_lto.o -rdynamic -Xlinker -no_deduplicate -Xlinker -dependency_info -Xlinker /Users/nick/Desktop/cf-tunnel-menubar/build/derived/Build/Intermediates.noindex/Burrow.build/Debug/Burrow.build/Objects-normal/arm64/Burrow_dependency_info.dat -fobjc-link-runtime -L/Applications/Xcode.app/Contents/Developer/Toolchains/XcodeDefault.xctoolchain/usr/lib/swift/macosx -L/usr/lib/swift -Xlinker -add_ast_path -Xlinker /Users/nick/Desktop/cf-tunnel-menubar/build/derived/Build/Intermediates.noindex/Burrow.build/Debug/Burrow.build/Objects-normal/arm64/Burrow.swiftmodule @/Users/nick/Desktop/cf-tunnel-menubar/build/derived/Build/Intermediates.noindex/Burrow.build/Debug/Burrow.build/Objects-normal/arm64/Burrow-linker-args.resp -Wl,-no_warn_duplicate_libraries -Xlinker -alias -Xlinker _main -Xlinker ___debug_main_executable_dylib_entry_point -Xlinker -no_adhoc_codesign -o /Users/nick/Desktop/cf-tunnel-menubar/build/derived/Build/Products/Debug/Burrow.app/Contents/MacOS/Burrow.debug.dylib -Xlinker -add_ast_path -Xlinker /Users/nick/Desktop/cf-tunnel-menubar/build/derived/Build/Intermediates.noindex/KeychainAccess.build/Debug/KeychainAccess.build/Objects-normal/arm64/KeychainAccess.swiftmodule @/Users/nick/Desktop/cf-tunnel-menubar/build/derived/Build/Intermediates.noindex/KeychainAccess.build/Debug/KeychainAccess.build/Objects-normal/arm64/KeychainAccess-linker-args.resp

ConstructStubExecutorLinkFileList /Users/nick/Desktop/cf-tunnel-menubar/build/derived/Build/Intermediates.noindex/Burrow.build/Debug/Burrow.build/Burrow-ExecutorLinkFileList-normal-arm64.txt (in target 'Burrow' from project 'Burrow')
    cd /Users/nick/Desktop/cf-tunnel-menubar
    construct-stub-executor-link-file-list /Users/nick/Desktop/cf-tunnel-menubar/build/derived/Build/Products/Debug/Burrow.app/Contents/MacOS/Burrow.debug.dylib /Applications/Xcode.app/Contents/Developer/Platforms/MacOSX.platform/Developer/usr/lib/libPreviewsJITStubExecutor_no_swift_entry_point.a /Applications/Xcode.app/Contents/Developer/Platforms/MacOSX.platform/Developer/usr/lib/libPreviewsJITStubExecutor.a --output /Users/nick/Desktop/cf-tunnel-menubar/build/derived/Build/Intermediates.noindex/Burrow.build/Debug/Burrow.build/Burrow-ExecutorLinkFileList-normal-arm64.txt
note: Using stub executor library with Swift entry point. (in target 'Burrow' from project 'Burrow')

Ld /Users/nick/Desktop/cf-tunnel-menubar/build/derived/Build/Products/Debug/Burrow.app/Contents/MacOS/Burrow normal (in target 'Burrow' from project 'Burrow')
    cd /Users/nick/Desktop/cf-tunnel-menubar
    /Applications/Xcode.app/Contents/Developer/Toolchains/XcodeDefault.xctoolchain/usr/bin/clang -Xlinker -reproducible -target arm64-apple-macos14.0 -isysroot /Applications/Xcode.app/Contents/Developer/Platforms/MacOSX.platform/Developer/SDKs/MacOSX26.4.sdk -O0 -L/Users/nick/Desktop/cf-tunnel-menubar/build/derived/Build/Products/Debug -F/Users/nick/Desktop/cf-tunnel-menubar/build/derived/Build/Products/Debug/PackageFrameworks -F/Users/nick/Desktop/cf-tunnel-menubar/build/derived/Build/Products/Debug -Xlinker -rpath -Xlinker @executable_path -Xlinker -rpath -Xlinker /Users/nick/Desktop/cf-tunnel-menubar/build/derived/Build/Products/Debug/PackageFrameworks -Xlinker -rpath -Xlinker @executable_path/../Frameworks -rdynamic -Xlinker -no_deduplicate -e ___debug_blank_executor_main -Xlinker -sectcreate -Xlinker __TEXT -Xlinker __debug_dylib -Xlinker /Users/nick/Desktop/cf-tunnel-menubar/build/derived/Build/Intermediates.noindex/Burrow.build/Debug/Burrow.build/Burrow-DebugDylibPath-normal-arm64.txt -Xlinker -sectcreate -Xlinker __TEXT -Xlinker __debug_instlnm -Xlinker /Users/nick/Desktop/cf-tunnel-menubar/build/derived/Build/Intermediates.noindex/Burrow.build/Debug/Burrow.build/Burrow-DebugDylibInstallName-normal-arm64.txt -Xlinker -filelist -Xlinker /Users/nick/Desktop/cf-tunnel-menubar/build/derived/Build/Intermediates.noindex/Burrow.build/Debug/Burrow.build/Burrow-ExecutorLinkFileList-normal-arm64.txt /Users/nick/Desktop/cf-tunnel-menubar/build/derived/Build/Products/Debug/Burrow.app/Contents/MacOS/Burrow.debug.dylib -Xlinker -no_adhoc_codesign -o /Users/nick/Desktop/cf-tunnel-menubar/build/derived/Build/Products/Debug/Burrow.app/Contents/MacOS/Burrow

CopySwiftLibs /Users/nick/Desktop/cf-tunnel-menubar/build/derived/Build/Products/Debug/Burrow.app (in target 'Burrow' from project 'Burrow')
    cd /Users/nick/Desktop/cf-tunnel-menubar
    builtin-swiftStdLibTool --copy --verbose --sign - --scan-executable /Users/nick/Desktop/cf-tunnel-menubar/build/derived/Build/Products/Debug/Burrow.app/Contents/MacOS/Burrow.debug.dylib --scan-folder /Users/nick/Desktop/cf-tunnel-menubar/build/derived/Build/Products/Debug/Burrow.app/Contents/Frameworks --scan-folder /Users/nick/Desktop/cf-tunnel-menubar/build/derived/Build/Products/Debug/Burrow.app/Contents/PlugIns --scan-folder /Users/nick/Desktop/cf-tunnel-menubar/build/derived/Build/Products/Debug/Burrow.app/Contents/Library/SystemExtensions --scan-folder /Users/nick/Desktop/cf-tunnel-menubar/build/derived/Build/Products/Debug/Burrow.app/Contents/Extensions --platform macosx --toolchain /Applications/Xcode.app/Contents/Developer/Toolchains/XcodeDefault.xctoolchain --destination /Users/nick/Desktop/cf-tunnel-menubar/build/derived/Build/Products/Debug/Burrow.app/Contents/Frameworks --strip-bitcode --strip-bitcode-tool /Applications/Xcode.app/Contents/Developer/Toolchains/XcodeDefault.xctoolchain/usr/bin/bitcode_strip --emit-dependency-info /Users/nick/Desktop/cf-tunnel-menubar/build/derived/Build/Intermediates.noindex/Burrow.build/Debug/Burrow.build/SwiftStdLibToolInputDependencies.dep --filter-for-swift-os --back-deploy-swift-span

ExtractAppIntentsMetadata (in target 'Burrow' from project 'Burrow')
    cd /Users/nick/Desktop/cf-tunnel-menubar
    /Applications/Xcode.app/Contents/Developer/Toolchains/XcodeDefault.xctoolchain/usr/bin/appintentsmetadataprocessor --toolchain-dir /Applications/Xcode.app/Contents/Developer/Toolchains/XcodeDefault.xctoolchain --module-name Burrow --sdk-root /Applications/Xcode.app/Contents/Developer/Platforms/MacOSX.platform/Developer/SDKs/MacOSX26.4.sdk --xcode-version 17E202 --platform-family macOS --deployment-target 14.0 --bundle-identifier com.krzemienski.burrow --output /Users/nick/Desktop/cf-tunnel-menubar/build/derived/Build/Products/Debug/Burrow.app/Contents/Resources --target-triple arm64-apple-macos14.0 --binary-file /Users/nick/Desktop/cf-tunnel-menubar/build/derived/Build/Products/Debug/Burrow.app/Contents/MacOS/Burrow --dependency-file /Users/nick/Desktop/cf-tunnel-menubar/build/derived/Build/Intermediates.noindex/Burrow.build/Debug/Burrow.build/Objects-normal/arm64/Burrow_dependency_info.dat --stringsdata-file /Users/nick/Desktop/cf-tunnel-menubar/build/derived/Build/Intermediates.noindex/Burrow.build/Debug/Burrow.build/Objects-normal/arm64/ExtractedAppShortcutsMetadata.stringsdata --source-file-list /Users/nick/Desktop/cf-tunnel-menubar/build/derived/Build/Intermediates.noindex/Burrow.build/Debug/Burrow.build/Objects-normal/arm64/Burrow.SwiftFileList --metadata-file-list /Users/nick/Desktop/cf-tunnel-menubar/build/derived/Build/Intermediates.noindex/Burrow.build/Debug/Burrow.build/Burrow.DependencyMetadataFileList --static-metadata-file-list /Users/nick/Desktop/cf-tunnel-menubar/build/derived/Build/Intermediates.noindex/Burrow.build/Debug/Burrow.build/Burrow.DependencyStaticMetadataFileList --swift-const-vals-list /Users/nick/Desktop/cf-tunnel-menubar/build/derived/Build/Intermediates.noindex/Burrow.build/Debug/Burrow.build/Objects-normal/arm64/Burrow.SwiftConstValuesFileList --compile-time-extraction --deployment-aware-processing --validate-assistant-intents --no-app-shortcuts-localization
2026-04-30 20:08:24.346 appintentsmetadataprocessor[43061:1535420] Starting appintentsmetadataprocessor export
2026-04-30 20:08:24.347 appintentsmetadataprocessor[43061:1535420] warning: Metadata extraction skipped. No AppIntents.framework dependency found.

CodeSign /Users/nick/Desktop/cf-tunnel-menubar/build/derived/Build/Products/Debug/Burrow.app/Contents/MacOS/Burrow.debug.dylib (in target 'Burrow' from project 'Burrow')
    cd /Users/nick/Desktop/cf-tunnel-menubar
    
    Signing Identity:     "Sign to Run Locally"
    
    /usr/bin/codesign --force --sign - --timestamp\=none --generate-entitlement-der /Users/nick/Desktop/cf-tunnel-menubar/build/derived/Build/Products/Debug/Burrow.app/Contents/MacOS/Burrow.debug.dylib

CodeSign /Users/nick/Desktop/cf-tunnel-menubar/build/derived/Build/Products/Debug/Burrow.app/Contents/MacOS/__preview.dylib (in target 'Burrow' from project 'Burrow')
    cd /Users/nick/Desktop/cf-tunnel-menubar
    
    Signing Identity:     "Sign to Run Locally"
    
    /usr/bin/codesign --force --sign - --timestamp\=none --generate-entitlement-der /Users/nick/Desktop/cf-tunnel-menubar/build/derived/Build/Products/Debug/Burrow.app/Contents/MacOS/__preview.dylib

CodeSign /Users/nick/Desktop/cf-tunnel-menubar/build/derived/Build/Products/Debug/Burrow.app (in target 'Burrow' from project 'Burrow')
    cd /Users/nick/Desktop/cf-tunnel-menubar
    
    Signing Identity:     "Sign to Run Locally"
    
    /usr/bin/codesign --force --sign - --entitlements /Users/nick/Desktop/cf-tunnel-menubar/build/derived/Build/Intermediates.noindex/Burrow.build/Debug/Burrow.build/Burrow.app.xcent --timestamp\=none --generate-entitlement-der /Users/nick/Desktop/cf-tunnel-menubar/build/derived/Build/Products/Debug/Burrow.app

RegisterExecutionPolicyException /Users/nick/Desktop/cf-tunnel-menubar/build/derived/Build/Products/Debug/Burrow.app (in target 'Burrow' from project 'Burrow')
    cd /Users/nick/Desktop/cf-tunnel-menubar
    builtin-RegisterExecutionPolicyException /Users/nick/Desktop/cf-tunnel-menubar/build/derived/Build/Products/Debug/Burrow.app

Validate /Users/nick/Desktop/cf-tunnel-menubar/build/derived/Build/Products/Debug/Burrow.app (in target 'Burrow' from project 'Burrow')
    cd /Users/nick/Desktop/cf-tunnel-menubar
    builtin-validationUtility /Users/nick/Desktop/cf-tunnel-menubar/build/derived/Build/Products/Debug/Burrow.app -no-validate-extension -infoplist-subpath Contents/Info.plist

Touch /Users/nick/Desktop/cf-tunnel-menubar/build/derived/Build/Products/Debug/Burrow.app (in target 'Burrow' from project 'Burrow')
    cd /Users/nick/Desktop/cf-tunnel-menubar
    /usr/bin/touch -c /Users/nick/Desktop/cf-tunnel-menubar/build/derived/Build/Products/Debug/Burrow.app

RegisterWithLaunchServices /Users/nick/Desktop/cf-tunnel-menubar/build/derived/Build/Products/Debug/Burrow.app (in target 'Burrow' from project 'Burrow')
    cd /Users/nick/Desktop/cf-tunnel-menubar
    /System/Library/Frameworks/CoreServices.framework/Versions/Current/Frameworks/LaunchServices.framework/Versions/Current/Support/lsregister -f -R -trusted /Users/nick/Desktop/cf-tunnel-menubar/build/derived/Build/Products/Debug/Burrow.app

** BUILD SUCCEEDED **

