2026-04-30 21:21:44.977 xcodebuild[49747:1814119] CoreSimulator detected version change.  Framework version (1051.53) does not match existing job version (1051.51).  Attempting to remove the stale service in order to add the expected version.
Command line invocation:
    /Applications/Xcode.app/Contents/Developer/usr/bin/xcodebuild -project Burrow.xcodeproj -scheme Burrow -configuration Debug -destination platform=macOS,arch=arm64 build

Resolve Package Graph


Resolved source packages:
  KeychainAccess: https://github.com/kishikawakatsumi/KeychainAccess.git @ 4.2.2

ComputePackagePrebuildTargetDependencyGraph

Prepare packages

CreateBuildRequest

SendProjectDescription

CreateBuildOperation

ComputeTargetDependencyGraph
note: Building targets in dependency order
note: Target dependency graph (3 targets)
    Target 'Burrow' in project 'Burrow'
        ➜ Explicit dependency on target 'KeychainAccess' in project 'KeychainAccess'
    Target 'KeychainAccess' in project 'KeychainAccess'
        ➜ Explicit dependency on target 'KeychainAccess' in project 'KeychainAccess'
    Target 'KeychainAccess' in project 'KeychainAccess' (no dependencies)

GatherProvisioningInputs

CreateBuildDescription

ExecuteExternalTool /Applications/Xcode.app/Contents/Developer/Toolchains/XcodeDefault.xctoolchain/usr/bin/clang -v -E -dM -isysroot /Applications/Xcode.app/Contents/Developer/Platforms/MacOSX.platform/Developer/SDKs/MacOSX26.4.sdk -x c -c /dev/null

ExecuteExternalTool /Applications/Xcode.app/Contents/Developer/Toolchains/XcodeDefault.xctoolchain/usr/bin/swiftc --version

ExecuteExternalTool /Applications/Xcode.app/Contents/Developer/Toolchains/XcodeDefault.xctoolchain/usr/bin/ld -version_details

Build description signature: b94a34f15d0ca0423509e91e6a4c9781
Build description path: /Users/nick/Library/Developer/Xcode/DerivedData/Burrow-fpkzlxmtaqbhwpggkxjmlklwglgd/Build/Intermediates.noindex/XCBuildData/b94a34f15d0ca0423509e91e6a4c9781.xcbuilddata
ClangStatCache /Applications/Xcode.app/Contents/Developer/Toolchains/XcodeDefault.xctoolchain/usr/bin/clang-stat-cache /Applications/Xcode.app/Contents/Developer/Platforms/MacOSX.platform/Developer/SDKs/MacOSX26.4.sdk /Users/nick/Library/Developer/Xcode/DerivedData/SDKStatCaches.noindex/macosx26.4-25E251-30f9ca8789b706f8bd3fc906a70d770f.sdkstatcache
    cd /Users/nick/Desktop/cf-tunnel-menubar/Burrow.xcodeproj
    /Applications/Xcode.app/Contents/Developer/Toolchains/XcodeDefault.xctoolchain/usr/bin/clang-stat-cache /Applications/Xcode.app/Contents/Developer/Platforms/MacOSX.platform/Developer/SDKs/MacOSX26.4.sdk -o /Users/nick/Library/Developer/Xcode/DerivedData/SDKStatCaches.noindex/macosx26.4-25E251-30f9ca8789b706f8bd3fc906a70d770f.sdkstatcache

CreateBuildDirectory /Users/nick/Library/Developer/Xcode/DerivedData/Burrow-fpkzlxmtaqbhwpggkxjmlklwglgd/Build/Products
    cd /Users/nick/Desktop/cf-tunnel-menubar/Burrow.xcodeproj
    builtin-create-build-directory /Users/nick/Library/Developer/Xcode/DerivedData/Burrow-fpkzlxmtaqbhwpggkxjmlklwglgd/Build/Products

CreateBuildDirectory /Users/nick/Library/Developer/Xcode/DerivedData/Burrow-fpkzlxmtaqbhwpggkxjmlklwglgd/Build/Intermediates.noindex
    cd /Users/nick/Desktop/cf-tunnel-menubar/Burrow.xcodeproj
    builtin-create-build-directory /Users/nick/Library/Developer/Xcode/DerivedData/Burrow-fpkzlxmtaqbhwpggkxjmlklwglgd/Build/Intermediates.noindex

CreateBuildDirectory /Users/nick/Library/Developer/Xcode/DerivedData/Burrow-fpkzlxmtaqbhwpggkxjmlklwglgd/Build/Intermediates.noindex/SwiftExplicitPrecompiledModules
    cd /Users/nick/Desktop/cf-tunnel-menubar/Burrow.xcodeproj
    builtin-create-build-directory /Users/nick/Library/Developer/Xcode/DerivedData/Burrow-fpkzlxmtaqbhwpggkxjmlklwglgd/Build/Intermediates.noindex/SwiftExplicitPrecompiledModules

CreateBuildDirectory /Users/nick/Library/Developer/Xcode/DerivedData/Burrow-fpkzlxmtaqbhwpggkxjmlklwglgd/Build/Intermediates.noindex/ExplicitPrecompiledModules
    cd /Users/nick/Desktop/cf-tunnel-menubar/Burrow.xcodeproj
    builtin-create-build-directory /Users/nick/Library/Developer/Xcode/DerivedData/Burrow-fpkzlxmtaqbhwpggkxjmlklwglgd/Build/Intermediates.noindex/ExplicitPrecompiledModules

CreateBuildDirectory /Users/nick/Library/Developer/Xcode/DerivedData/Burrow-fpkzlxmtaqbhwpggkxjmlklwglgd/Build/Products/Debug
    cd /Users/nick/Desktop/cf-tunnel-menubar/Burrow.xcodeproj
    builtin-create-build-directory /Users/nick/Library/Developer/Xcode/DerivedData/Burrow-fpkzlxmtaqbhwpggkxjmlklwglgd/Build/Products/Debug

CreateBuildDirectory /Users/nick/Library/Developer/Xcode/DerivedData/Burrow-fpkzlxmtaqbhwpggkxjmlklwglgd/Build/Intermediates.noindex/EagerLinkingTBDs/Debug
    cd /Users/nick/Desktop/cf-tunnel-menubar/Burrow.xcodeproj
    builtin-create-build-directory /Users/nick/Library/Developer/Xcode/DerivedData/Burrow-fpkzlxmtaqbhwpggkxjmlklwglgd/Build/Intermediates.noindex/EagerLinkingTBDs/Debug

WriteAuxiliaryFile /Users/nick/Library/Developer/Xcode/DerivedData/Burrow-fpkzlxmtaqbhwpggkxjmlklwglgd/Build/Intermediates.noindex/Burrow.build/Debug/Burrow-d39d63d28bddfedf4cbd8e3d6ddebca5-VFS/all-product-headers.yaml
    cd /Users/nick/Desktop/cf-tunnel-menubar/Burrow.xcodeproj
    write-file /Users/nick/Library/Developer/Xcode/DerivedData/Burrow-fpkzlxmtaqbhwpggkxjmlklwglgd/Build/Intermediates.noindex/Burrow.build/Debug/Burrow-d39d63d28bddfedf4cbd8e3d6ddebca5-VFS/all-product-headers.yaml

CreateBuildDirectory /Users/nick/Library/Developer/Xcode/DerivedData/Burrow-fpkzlxmtaqbhwpggkxjmlklwglgd/Build/Products/Debug/PackageFrameworks
    cd /Users/nick/Desktop/cf-tunnel-menubar/Burrow.xcodeproj
    builtin-create-build-directory /Users/nick/Library/Developer/Xcode/DerivedData/Burrow-fpkzlxmtaqbhwpggkxjmlklwglgd/Build/Products/Debug/PackageFrameworks

WriteAuxiliaryFile /Users/nick/Library/Developer/Xcode/DerivedData/Burrow-fpkzlxmtaqbhwpggkxjmlklwglgd/Build/Intermediates.noindex/KeychainAccess.build/Debug/KeychainAccess.build/KeychainAccess.modulemap (in target 'KeychainAccess' from project 'KeychainAccess')
    cd /Users/nick/Library/Developer/Xcode/DerivedData/Burrow-fpkzlxmtaqbhwpggkxjmlklwglgd/SourcePackages/checkouts/KeychainAccess
    write-file /Users/nick/Library/Developer/Xcode/DerivedData/Burrow-fpkzlxmtaqbhwpggkxjmlklwglgd/Build/Intermediates.noindex/KeychainAccess.build/Debug/KeychainAccess.build/KeychainAccess.modulemap

WriteAuxiliaryFile /Users/nick/Library/Developer/Xcode/DerivedData/Burrow-fpkzlxmtaqbhwpggkxjmlklwglgd/Build/Intermediates.noindex/Burrow.build/Debug/Burrow.build/Burrow.hmap (in target 'Burrow' from project 'Burrow')
    cd /Users/nick/Desktop/cf-tunnel-menubar
    write-file /Users/nick/Library/Developer/Xcode/DerivedData/Burrow-fpkzlxmtaqbhwpggkxjmlklwglgd/Build/Intermediates.noindex/Burrow.build/Debug/Burrow.build/Burrow.hmap

WriteAuxiliaryFile /Users/nick/Library/Developer/Xcode/DerivedData/Burrow-fpkzlxmtaqbhwpggkxjmlklwglgd/Build/Intermediates.noindex/KeychainAccess.build/Debug/KeychainAccess.build/KeychainAccess.DependencyStaticMetadataFileList (in target 'KeychainAccess' from project 'KeychainAccess')
    cd /Users/nick/Library/Developer/Xcode/DerivedData/Burrow-fpkzlxmtaqbhwpggkxjmlklwglgd/SourcePackages/checkouts/KeychainAccess
    write-file /Users/nick/Library/Developer/Xcode/DerivedData/Burrow-fpkzlxmtaqbhwpggkxjmlklwglgd/Build/Intermediates.noindex/KeychainAccess.build/Debug/KeychainAccess.build/KeychainAccess.DependencyStaticMetadataFileList

WriteAuxiliaryFile /Users/nick/Library/Developer/Xcode/DerivedData/Burrow-fpkzlxmtaqbhwpggkxjmlklwglgd/Build/Intermediates.noindex/Burrow.build/Debug/Burrow.build/DerivedSources/Entitlements.plist (in target 'Burrow' from project 'Burrow')
    cd /Users/nick/Desktop/cf-tunnel-menubar
    write-file /Users/nick/Library/Developer/Xcode/DerivedData/Burrow-fpkzlxmtaqbhwpggkxjmlklwglgd/Build/Intermediates.noindex/Burrow.build/Debug/Burrow.build/DerivedSources/Entitlements.plist

WriteAuxiliaryFile /Users/nick/Library/Developer/Xcode/DerivedData/Burrow-fpkzlxmtaqbhwpggkxjmlklwglgd/Build/Intermediates.noindex/KeychainAccess.build/Debug/KeychainAccess.build/KeychainAccess.DependencyMetadataFileList (in target 'KeychainAccess' from project 'KeychainAccess')
    cd /Users/nick/Library/Developer/Xcode/DerivedData/Burrow-fpkzlxmtaqbhwpggkxjmlklwglgd/SourcePackages/checkouts/KeychainAccess
    write-file /Users/nick/Library/Developer/Xcode/DerivedData/Burrow-fpkzlxmtaqbhwpggkxjmlklwglgd/Build/Intermediates.noindex/KeychainAccess.build/Debug/KeychainAccess.build/KeychainAccess.DependencyMetadataFileList

WriteAuxiliaryFile /Users/nick/Library/Developer/Xcode/DerivedData/Burrow-fpkzlxmtaqbhwpggkxjmlklwglgd/Build/Intermediates.noindex/Burrow.build/Debug/Burrow.build/Objects-normal/arm64/Burrow_const_extract_protocols.json (in target 'Burrow' from project 'Burrow')
    cd /Users/nick/Desktop/cf-tunnel-menubar
    write-file /Users/nick/Library/Developer/Xcode/DerivedData/Burrow-fpkzlxmtaqbhwpggkxjmlklwglgd/Build/Intermediates.noindex/Burrow.build/Debug/Burrow.build/Objects-normal/arm64/Burrow_const_extract_protocols.json

WriteAuxiliaryFile /Users/nick/Library/Developer/Xcode/DerivedData/Burrow-fpkzlxmtaqbhwpggkxjmlklwglgd/Build/Intermediates.noindex/Burrow.build/Debug/Burrow.build/Objects-normal/arm64/Burrow.SwiftConstValuesFileList (in target 'Burrow' from project 'Burrow')
    cd /Users/nick/Desktop/cf-tunnel-menubar
    write-file /Users/nick/Library/Developer/Xcode/DerivedData/Burrow-fpkzlxmtaqbhwpggkxjmlklwglgd/Build/Intermediates.noindex/Burrow.build/Debug/Burrow.build/Objects-normal/arm64/Burrow.SwiftConstValuesFileList

WriteAuxiliaryFile /Users/nick/Library/Developer/Xcode/DerivedData/Burrow-fpkzlxmtaqbhwpggkxjmlklwglgd/Build/Intermediates.noindex/Burrow.build/Debug/Burrow.build/Objects-normal/arm64/Burrow.LinkFileList (in target 'Burrow' from project 'Burrow')
    cd /Users/nick/Desktop/cf-tunnel-menubar
    write-file /Users/nick/Library/Developer/Xcode/DerivedData/Burrow-fpkzlxmtaqbhwpggkxjmlklwglgd/Build/Intermediates.noindex/Burrow.build/Debug/Burrow.build/Objects-normal/arm64/Burrow.LinkFileList

WriteAuxiliaryFile /Users/nick/Library/Developer/Xcode/DerivedData/Burrow-fpkzlxmtaqbhwpggkxjmlklwglgd/Build/Intermediates.noindex/Burrow.build/Debug/Burrow.build/Objects-normal/arm64/Burrow.SwiftFileList (in target 'Burrow' from project 'Burrow')
    cd /Users/nick/Desktop/cf-tunnel-menubar
    write-file /Users/nick/Library/Developer/Xcode/DerivedData/Burrow-fpkzlxmtaqbhwpggkxjmlklwglgd/Build/Intermediates.noindex/Burrow.build/Debug/Burrow.build/Objects-normal/arm64/Burrow.SwiftFileList

WriteAuxiliaryFile /Users/nick/Library/Developer/Xcode/DerivedData/Burrow-fpkzlxmtaqbhwpggkxjmlklwglgd/Build/Intermediates.noindex/KeychainAccess.build/Debug/KeychainAccess.build/Objects-normal/arm64/KeychainAccess.LinkFileList (in target 'KeychainAccess' from project 'KeychainAccess')
    cd /Users/nick/Library/Developer/Xcode/DerivedData/Burrow-fpkzlxmtaqbhwpggkxjmlklwglgd/SourcePackages/checkouts/KeychainAccess
    write-file /Users/nick/Library/Developer/Xcode/DerivedData/Burrow-fpkzlxmtaqbhwpggkxjmlklwglgd/Build/Intermediates.noindex/KeychainAccess.build/Debug/KeychainAccess.build/Objects-normal/arm64/KeychainAccess.LinkFileList

WriteAuxiliaryFile /Users/nick/Library/Developer/Xcode/DerivedData/Burrow-fpkzlxmtaqbhwpggkxjmlklwglgd/Build/Intermediates.noindex/Burrow.build/Debug/Burrow.build/Objects-normal/arm64/Burrow-OutputFileMap.json (in target 'Burrow' from project 'Burrow')
    cd /Users/nick/Desktop/cf-tunnel-menubar
    write-file /Users/nick/Library/Developer/Xcode/DerivedData/Burrow-fpkzlxmtaqbhwpggkxjmlklwglgd/Build/Intermediates.noindex/Burrow.build/Debug/Burrow.build/Objects-normal/arm64/Burrow-OutputFileMap.json

WriteAuxiliaryFile /Users/nick/Library/Developer/Xcode/DerivedData/Burrow-fpkzlxmtaqbhwpggkxjmlklwglgd/Build/Intermediates.noindex/KeychainAccess.build/Debug/KeychainAccess.build/Objects-normal/arm64/KeychainAccess.SwiftConstValuesFileList (in target 'KeychainAccess' from project 'KeychainAccess')
    cd /Users/nick/Library/Developer/Xcode/DerivedData/Burrow-fpkzlxmtaqbhwpggkxjmlklwglgd/SourcePackages/checkouts/KeychainAccess
    write-file /Users/nick/Library/Developer/Xcode/DerivedData/Burrow-fpkzlxmtaqbhwpggkxjmlklwglgd/Build/Intermediates.noindex/KeychainAccess.build/Debug/KeychainAccess.build/Objects-normal/arm64/KeychainAccess.SwiftConstValuesFileList

WriteAuxiliaryFile /Users/nick/Library/Developer/Xcode/DerivedData/Burrow-fpkzlxmtaqbhwpggkxjmlklwglgd/Build/Intermediates.noindex/KeychainAccess.build/Debug/KeychainAccess.build/Objects-normal/arm64/KeychainAccess_const_extract_protocols.json (in target 'KeychainAccess' from project 'KeychainAccess')
    cd /Users/nick/Library/Developer/Xcode/DerivedData/Burrow-fpkzlxmtaqbhwpggkxjmlklwglgd/SourcePackages/checkouts/KeychainAccess
    write-file /Users/nick/Library/Developer/Xcode/DerivedData/Burrow-fpkzlxmtaqbhwpggkxjmlklwglgd/Build/Intermediates.noindex/KeychainAccess.build/Debug/KeychainAccess.build/Objects-normal/arm64/KeychainAccess_const_extract_protocols.json

WriteAuxiliaryFile /Users/nick/Library/Developer/Xcode/DerivedData/Burrow-fpkzlxmtaqbhwpggkxjmlklwglgd/Build/Intermediates.noindex/KeychainAccess.build/Debug/KeychainAccess.build/Objects-normal/arm64/KeychainAccess-OutputFileMap.json (in target 'KeychainAccess' from project 'KeychainAccess')
    cd /Users/nick/Library/Developer/Xcode/DerivedData/Burrow-fpkzlxmtaqbhwpggkxjmlklwglgd/SourcePackages/checkouts/KeychainAccess
    write-file /Users/nick/Library/Developer/Xcode/DerivedData/Burrow-fpkzlxmtaqbhwpggkxjmlklwglgd/Build/Intermediates.noindex/KeychainAccess.build/Debug/KeychainAccess.build/Objects-normal/arm64/KeychainAccess-OutputFileMap.json

WriteAuxiliaryFile /Users/nick/Library/Developer/Xcode/DerivedData/Burrow-fpkzlxmtaqbhwpggkxjmlklwglgd/Build/Intermediates.noindex/KeychainAccess.build/Debug/KeychainAccess.build/Objects-normal/arm64/KeychainAccess.SwiftFileList (in target 'KeychainAccess' from project 'KeychainAccess')
    cd /Users/nick/Library/Developer/Xcode/DerivedData/Burrow-fpkzlxmtaqbhwpggkxjmlklwglgd/SourcePackages/checkouts/KeychainAccess
    write-file /Users/nick/Library/Developer/Xcode/DerivedData/Burrow-fpkzlxmtaqbhwpggkxjmlklwglgd/Build/Intermediates.noindex/KeychainAccess.build/Debug/KeychainAccess.build/Objects-normal/arm64/KeychainAccess.SwiftFileList

WriteAuxiliaryFile /Users/nick/Library/Developer/Xcode/DerivedData/Burrow-fpkzlxmtaqbhwpggkxjmlklwglgd/Build/Intermediates.noindex/Burrow.build/Debug/Burrow.build/Burrow.DependencyStaticMetadataFileList (in target 'Burrow' from project 'Burrow')
    cd /Users/nick/Desktop/cf-tunnel-menubar
    write-file /Users/nick/Library/Developer/Xcode/DerivedData/Burrow-fpkzlxmtaqbhwpggkxjmlklwglgd/Build/Intermediates.noindex/Burrow.build/Debug/Burrow.build/Burrow.DependencyStaticMetadataFileList

WriteAuxiliaryFile /Users/nick/Library/Developer/Xcode/DerivedData/Burrow-fpkzlxmtaqbhwpggkxjmlklwglgd/Build/Intermediates.noindex/Burrow.build/Debug/Burrow.build/Burrow.DependencyMetadataFileList (in target 'Burrow' from project 'Burrow')
    cd /Users/nick/Desktop/cf-tunnel-menubar
    write-file /Users/nick/Library/Developer/Xcode/DerivedData/Burrow-fpkzlxmtaqbhwpggkxjmlklwglgd/Build/Intermediates.noindex/Burrow.build/Debug/Burrow.build/Burrow.DependencyMetadataFileList

WriteAuxiliaryFile /Users/nick/Library/Developer/Xcode/DerivedData/Burrow-fpkzlxmtaqbhwpggkxjmlklwglgd/Build/Intermediates.noindex/Burrow.build/Debug/Burrow.build/Burrow-own-target-headers.hmap (in target 'Burrow' from project 'Burrow')
    cd /Users/nick/Desktop/cf-tunnel-menubar
    write-file /Users/nick/Library/Developer/Xcode/DerivedData/Burrow-fpkzlxmtaqbhwpggkxjmlklwglgd/Build/Intermediates.noindex/Burrow.build/Debug/Burrow.build/Burrow-own-target-headers.hmap

WriteAuxiliaryFile /Users/nick/Library/Developer/Xcode/DerivedData/Burrow-fpkzlxmtaqbhwpggkxjmlklwglgd/Build/Intermediates.noindex/Burrow.build/Debug/Burrow.build/Burrow-project-headers.hmap (in target 'Burrow' from project 'Burrow')
    cd /Users/nick/Desktop/cf-tunnel-menubar
    write-file /Users/nick/Library/Developer/Xcode/DerivedData/Burrow-fpkzlxmtaqbhwpggkxjmlklwglgd/Build/Intermediates.noindex/Burrow.build/Debug/Burrow.build/Burrow-project-headers.hmap

Copy /Users/nick/Library/Developer/Xcode/DerivedData/Burrow-fpkzlxmtaqbhwpggkxjmlklwglgd/Build/Intermediates.noindex/GeneratedModuleMaps/KeychainAccess.modulemap /Users/nick/Library/Developer/Xcode/DerivedData/Burrow-fpkzlxmtaqbhwpggkxjmlklwglgd/Build/Intermediates.noindex/KeychainAccess.build/Debug/KeychainAccess.build/KeychainAccess.modulemap (in target 'KeychainAccess' from project 'KeychainAccess')
    cd /Users/nick/Library/Developer/Xcode/DerivedData/Burrow-fpkzlxmtaqbhwpggkxjmlklwglgd/SourcePackages/checkouts/KeychainAccess
    builtin-copy -exclude .DS_Store -exclude CVS -exclude .svn -exclude .git -exclude .hg -resolve-src-symlinks /Users/nick/Library/Developer/Xcode/DerivedData/Burrow-fpkzlxmtaqbhwpggkxjmlklwglgd/Build/Intermediates.noindex/KeychainAccess.build/Debug/KeychainAccess.build/KeychainAccess.modulemap /Users/nick/Library/Developer/Xcode/DerivedData/Burrow-fpkzlxmtaqbhwpggkxjmlklwglgd/Build/Intermediates.noindex/GeneratedModuleMaps

WriteAuxiliaryFile /Users/nick/Library/Developer/Xcode/DerivedData/Burrow-fpkzlxmtaqbhwpggkxjmlklwglgd/Build/Intermediates.noindex/Burrow.build/Debug/Burrow.build/Burrow-generated-files.hmap (in target 'Burrow' from project 'Burrow')
    cd /Users/nick/Desktop/cf-tunnel-menubar
    write-file /Users/nick/Library/Developer/Xcode/DerivedData/Burrow-fpkzlxmtaqbhwpggkxjmlklwglgd/Build/Intermediates.noindex/Burrow.build/Debug/Burrow.build/Burrow-generated-files.hmap

WriteAuxiliaryFile /Users/nick/Library/Developer/Xcode/DerivedData/Burrow-fpkzlxmtaqbhwpggkxjmlklwglgd/Build/Intermediates.noindex/Burrow.build/Debug/Burrow.build/Burrow-all-target-headers.hmap (in target 'Burrow' from project 'Burrow')
    cd /Users/nick/Desktop/cf-tunnel-menubar
    write-file /Users/nick/Library/Developer/Xcode/DerivedData/Burrow-fpkzlxmtaqbhwpggkxjmlklwglgd/Build/Intermediates.noindex/Burrow.build/Debug/Burrow.build/Burrow-all-target-headers.hmap

WriteAuxiliaryFile /Users/nick/Library/Developer/Xcode/DerivedData/Burrow-fpkzlxmtaqbhwpggkxjmlklwglgd/Build/Intermediates.noindex/Burrow.build/Debug/Burrow.build/Burrow-all-non-framework-target-headers.hmap (in target 'Burrow' from project 'Burrow')
    cd /Users/nick/Desktop/cf-tunnel-menubar
    write-file /Users/nick/Library/Developer/Xcode/DerivedData/Burrow-fpkzlxmtaqbhwpggkxjmlklwglgd/Build/Intermediates.noindex/Burrow.build/Debug/Burrow.build/Burrow-all-non-framework-target-headers.hmap

WriteAuxiliaryFile /Users/nick/Library/Developer/Xcode/DerivedData/Burrow-fpkzlxmtaqbhwpggkxjmlklwglgd/Build/Intermediates.noindex/Burrow.build/Debug/Burrow.build/Burrow-DebugDylibPath-normal-arm64.txt (in target 'Burrow' from project 'Burrow')
    cd /Users/nick/Desktop/cf-tunnel-menubar
    write-file /Users/nick/Library/Developer/Xcode/DerivedData/Burrow-fpkzlxmtaqbhwpggkxjmlklwglgd/Build/Intermediates.noindex/Burrow.build/Debug/Burrow.build/Burrow-DebugDylibPath-normal-arm64.txt

WriteAuxiliaryFile /Users/nick/Library/Developer/Xcode/DerivedData/Burrow-fpkzlxmtaqbhwpggkxjmlklwglgd/Build/Intermediates.noindex/Burrow.build/Debug/Burrow.build/Burrow-DebugDylibInstallName-normal-arm64.txt (in target 'Burrow' from project 'Burrow')
    cd /Users/nick/Desktop/cf-tunnel-menubar
    write-file /Users/nick/Library/Developer/Xcode/DerivedData/Burrow-fpkzlxmtaqbhwpggkxjmlklwglgd/Build/Intermediates.noindex/Burrow.build/Debug/Burrow.build/Burrow-DebugDylibInstallName-normal-arm64.txt

MkDir /Users/nick/Library/Developer/Xcode/DerivedData/Burrow-fpkzlxmtaqbhwpggkxjmlklwglgd/Build/Products/Debug/Burrow.app (in target 'Burrow' from project 'Burrow')
    cd /Users/nick/Desktop/cf-tunnel-menubar
    /bin/mkdir -p /Users/nick/Library/Developer/Xcode/DerivedData/Burrow-fpkzlxmtaqbhwpggkxjmlklwglgd/Build/Products/Debug/Burrow.app

MkDir /Users/nick/Library/Developer/Xcode/DerivedData/Burrow-fpkzlxmtaqbhwpggkxjmlklwglgd/Build/Products/Debug/Burrow.app/Contents (in target 'Burrow' from project 'Burrow')
    cd /Users/nick/Desktop/cf-tunnel-menubar
    /bin/mkdir -p /Users/nick/Library/Developer/Xcode/DerivedData/Burrow-fpkzlxmtaqbhwpggkxjmlklwglgd/Build/Products/Debug/Burrow.app/Contents

MkDir /Users/nick/Library/Developer/Xcode/DerivedData/Burrow-fpkzlxmtaqbhwpggkxjmlklwglgd/Build/Products/Debug/Burrow.app/Contents/MacOS (in target 'Burrow' from project 'Burrow')
    cd /Users/nick/Desktop/cf-tunnel-menubar
    /bin/mkdir -p /Users/nick/Library/Developer/Xcode/DerivedData/Burrow-fpkzlxmtaqbhwpggkxjmlklwglgd/Build/Products/Debug/Burrow.app/Contents/MacOS

SwiftDriver KeychainAccess normal arm64 com.apple.xcode.tools.swift.compiler (in target 'KeychainAccess' from project 'KeychainAccess')
    cd /Users/nick/Desktop/cf-tunnel-menubar/Burrow.xcodeproj
    builtin-SwiftDriver -- /Applications/Xcode.app/Contents/Developer/Toolchains/XcodeDefault.xctoolchain/usr/bin/swiftc -module-name KeychainAccess -Onone @/Users/nick/Library/Developer/Xcode/DerivedData/Burrow-fpkzlxmtaqbhwpggkxjmlklwglgd/Build/Intermediates.noindex/KeychainAccess.build/Debug/KeychainAccess.build/Objects-normal/arm64/KeychainAccess.SwiftFileList -DSWIFT_PACKAGE -DDEBUG -DSWIFT_MODULE_RESOURCE_BUNDLE_UNAVAILABLE -DXcode -plugin-path /Applications/Xcode.app/Contents/Developer/Toolchains/XcodeDefault.xctoolchain/usr/lib/swift/host/plugins/testing -enable-experimental-feature DebugDescriptionMacro -sdk /Applications/Xcode.app/Contents/Developer/Platforms/MacOSX.platform/Developer/SDKs/MacOSX26.4.sdk -target arm64-apple-macos10.13 -g -module-cache-path /Users/nick/Library/Developer/Xcode/DerivedData/ModuleCache.noindex -Xfrontend -serialize-debugging-options -enable-testing -suppress-warnings -index-store-path /Users/nick/Library/Developer/Xcode/DerivedData/Burrow-fpkzlxmtaqbhwpggkxjmlklwglgd/Index.noindex/DataStore -Xcc -D_LIBCPP_HARDENING_MODE\=_LIBCPP_HARDENING_MODE_DEBUG -swift-version 5 -I /Users/nick/Library/Developer/Xcode/DerivedData/Burrow-fpkzlxmtaqbhwpggkxjmlklwglgd/Build/Products/Debug -Isystem /Applications/Xcode.app/Contents/Developer/Platforms/MacOSX.platform/Developer/usr/lib -F /Users/nick/Library/Developer/Xcode/DerivedData/Burrow-fpkzlxmtaqbhwpggkxjmlklwglgd/Build/Products/Debug -F /Applications/Xcode.app/Contents/Developer/Platforms/MacOSX.platform/Developer/Library/Frameworks -parse-as-library -c -j16 -enable-batch-mode -incremental -Xcc -ivfsstatcache -Xcc /Users/nick/Library/Developer/Xcode/DerivedData/SDKStatCaches.noindex/macosx26.4-25E251-30f9ca8789b706f8bd3fc906a70d770f.sdkstatcache -output-file-map /Users/nick/Library/Developer/Xcode/DerivedData/Burrow-fpkzlxmtaqbhwpggkxjmlklwglgd/Build/Intermediates.noindex/KeychainAccess.build/Debug/KeychainAccess.build/Objects-normal/arm64/KeychainAccess-OutputFileMap.json -use-frontend-parseable-output -save-temps -no-color-diagnostics -explicit-module-build -module-cache-path /Users/nick/Library/Developer/Xcode/DerivedData/Burrow-fpkzlxmtaqbhwpggkxjmlklwglgd/Build/Intermediates.noindex/SwiftExplicitPrecompiledModules -clang-scanner-module-cache-path /Users/nick/Library/Developer/Xcode/DerivedData/ModuleCache.noindex -sdk-module-cache-path /Users/nick/Library/Developer/Xcode/DerivedData/ModuleCache.noindex -serialize-diagnostics -emit-dependencies -emit-module -emit-module-path /Users/nick/Library/Developer/Xcode/DerivedData/Burrow-fpkzlxmtaqbhwpggkxjmlklwglgd/Build/Intermediates.noindex/KeychainAccess.build/Debug/KeychainAccess.build/Objects-normal/arm64/KeychainAccess.swiftmodule -validate-clang-modules-once -clang-build-session-file /Users/nick/Library/Developer/Xcode/DerivedData/ModuleCache.noindex/Session.modulevalidation -Xcc -I/Users/nick/Library/Developer/Xcode/DerivedData/Burrow-fpkzlxmtaqbhwpggkxjmlklwglgd/Build/Intermediates.noindex/KeychainAccess.build/Debug/KeychainAccess.build/swift-overrides.hmap -emit-const-values -Xfrontend -const-gather-protocols-file -Xfrontend /Users/nick/Library/Developer/Xcode/DerivedData/Burrow-fpkzlxmtaqbhwpggkxjmlklwglgd/Build/Intermediates.noindex/KeychainAccess.build/Debug/KeychainAccess.build/Objects-normal/arm64/KeychainAccess_const_extract_protocols.json -Xcc -I/Users/nick/Library/Developer/Xcode/DerivedData/Burrow-fpkzlxmtaqbhwpggkxjmlklwglgd/Build/Products/Debug/include -Xcc -I/Users/nick/Library/Developer/Xcode/DerivedData/Burrow-fpkzlxmtaqbhwpggkxjmlklwglgd/Build/Intermediates.noindex/KeychainAccess.build/Debug/KeychainAccess.build/DerivedSources-normal/arm64 -Xcc -I/Users/nick/Library/Developer/Xcode/DerivedData/Burrow-fpkzlxmtaqbhwpggkxjmlklwglgd/Build/Intermediates.noindex/KeychainAccess.build/Debug/KeychainAccess.build/DerivedSources/arm64 -Xcc -I/Users/nick/Library/Developer/Xcode/DerivedData/Burrow-fpkzlxmtaqbhwpggkxjmlklwglgd/Build/Intermediates.noindex/KeychainAccess.build/Debug/KeychainAccess.build/DerivedSources -Xcc -DSWIFT_PACKAGE -Xcc -DDEBUG\=1 -emit-objc-header -emit-objc-header-path /Users/nick/Library/Developer/Xcode/DerivedData/Burrow-fpkzlxmtaqbhwpggkxjmlklwglgd/Build/Intermediates.noindex/KeychainAccess.build/Debug/KeychainAccess.build/Objects-normal/arm64/KeychainAccess-Swift.h -working-directory /Users/nick/Desktop/cf-tunnel-menubar/Burrow.xcodeproj -experimental-emit-module-separately -disable-cmo

SwiftExplicitDependencyGeneratePcm arm64 /Users/nick/Library/Developer/Xcode/DerivedData/ModuleCache.noindex/SwiftShims-5X3JI03BB4FPL04P58IXF1YQJ.pcm

SwiftExplicitDependencyGeneratePcm arm64 /Users/nick/Library/Developer/Xcode/DerivedData/ModuleCache.noindex/_Builtin_stddef-7KLF1N0KV7FAFMY288CSUT0NI.pcm

SwiftExplicitDependencyGeneratePcm arm64 /Users/nick/Library/Developer/Xcode/DerivedData/ModuleCache.noindex/ptrcheck-7S3SAB2EGEJ7YYILJ5EXDRH4X.pcm

SwiftExplicitDependencyGeneratePcm arm64 /Users/nick/Library/Developer/Xcode/DerivedData/ModuleCache.noindex/ptrauth-81VYZB8DEYAXONU20HGPDAG5U.pcm

SwiftExplicitDependencyGeneratePcm arm64 /Users/nick/Library/Developer/Xcode/DerivedData/ModuleCache.noindex/_AvailabilityInternal-43JMWH66S56OEO0AGW641OIVH.pcm

SwiftExplicitDependencyGeneratePcm arm64 /Users/nick/Library/Developer/Xcode/DerivedData/ModuleCache.noindex/_Builtin_stdbool-A1RE56EFAKV57KLXEH3ER1SL7.pcm

SwiftExplicitDependencyGeneratePcm arm64 /Users/nick/Library/Developer/Xcode/DerivedData/ModuleCache.noindex/_SwiftConcurrencyShims-4BIBKTCKJW2CRV0ORDTTYXB7O.pcm

SwiftExplicitDependencyGeneratePcm arm64 /Users/nick/Library/Developer/Xcode/DerivedData/ModuleCache.noindex/_Builtin_float-8EVZICGNVRPP22CK508O2LPAT.pcm

SwiftExplicitDependencyGeneratePcm arm64 /Users/nick/Library/Developer/Xcode/DerivedData/ModuleCache.noindex/_Builtin_stdarg-TJTLO7JHVM2LH8JFHZ4FLZGN.pcm

SwiftExplicitDependencyGeneratePcm arm64 /Users/nick/Library/Developer/Xcode/DerivedData/ModuleCache.noindex/_DarwinFoundation1-4WNAPMH2JS84SRCPC5O0C15FX.pcm

SwiftExplicitDependencyGeneratePcm arm64 /Users/nick/Library/Developer/Xcode/DerivedData/ModuleCache.noindex/_Builtin_limits-EY3FD6VN2WYQ6AQVOV0PCI11W.pcm

SwiftExplicitDependencyGeneratePcm arm64 /Users/nick/Library/Developer/Xcode/DerivedData/ModuleCache.noindex/_DarwinFoundation2-7BBI1AA680RMWI567M5RLZ8S1.pcm

SwiftExplicitDependencyGeneratePcm arm64 /Users/nick/Library/Developer/Xcode/DerivedData/ModuleCache.noindex/_Builtin_stdint-EEAO2K63MRQ8NTVY31PYHTEV9.pcm

SwiftExplicitDependencyGeneratePcm arm64 /Users/nick/Library/Developer/Xcode/DerivedData/ModuleCache.noindex/sys_types-96QKMLKDE5ZUUJWWINTZVGB8L.pcm

SwiftExplicitDependencyGeneratePcm arm64 /Users/nick/Library/Developer/Xcode/DerivedData/ModuleCache.noindex/_DarwinFoundation3-AJM1G7IFIOTBH3CWN1DQTTDUD.pcm

SwiftExplicitDependencyGeneratePcm arm64 /Users/nick/Library/Developer/Xcode/DerivedData/ModuleCache.noindex/libDER-8AGEVQX6S5S93756TYJD6OP9K.pcm

SwiftExplicitDependencyGeneratePcm arm64 /Users/nick/Library/Developer/Xcode/DerivedData/ModuleCache.noindex/_Builtin_inttypes-8U0GZM7CW8S71J911KFDHR3OM.pcm

SwiftExplicitDependencyGeneratePcm arm64 /Users/nick/Library/Developer/Xcode/DerivedData/ModuleCache.noindex/Darwin-120I1E7IRXM7432P0WOIOJPEV.pcm

SwiftExplicitDependencyGeneratePcm arm64 /Users/nick/Library/Developer/Xcode/DerivedData/ModuleCache.noindex/launch-YNFNJOK167CMAA6MMO8EX4XJ.pcm

SwiftExplicitDependencyGeneratePcm arm64 /Users/nick/Library/Developer/Xcode/DerivedData/ModuleCache.noindex/libkern-6XSAXW69B93RZZAMBO5YLNSZ0.pcm

SwiftExplicitDependencyGeneratePcm arm64 /Users/nick/Library/Developer/Xcode/DerivedData/ModuleCache.noindex/MachO-DRBB4SOBPMP0D9BU8M2DQEPGA.pcm

SwiftExplicitDependencyGeneratePcm arm64 /Users/nick/Library/Developer/Xcode/DerivedData/ModuleCache.noindex/ObjectiveC-DEY3DOJ2D71AD9HCO55Q4QC8H.pcm

SwiftExplicitDependencyGeneratePcm arm64 /Users/nick/Library/Developer/Xcode/DerivedData/ModuleCache.noindex/os_object-860HAEGR6MWVYLOHP7SGBVGU9.pcm

SwiftExplicitDependencyGeneratePcm arm64 /Users/nick/Library/Developer/Xcode/DerivedData/ModuleCache.noindex/os_workgroup-3FNP5SW71L4AXP08OE4RZCGDP.pcm

SwiftExplicitDependencyGeneratePcm arm64 /Users/nick/Library/Developer/Xcode/DerivedData/ModuleCache.noindex/Dispatch-CMHEDOKJJWFSRMIY7QYBPL9GD.pcm

SwiftExplicitDependencyGeneratePcm arm64 /Users/nick/Library/Developer/Xcode/DerivedData/ModuleCache.noindex/CoreFoundation-1YX7C59EUKV2DZRDNLVENZM71.pcm

SwiftExplicitDependencyGeneratePcm arm64 /Users/nick/Library/Developer/Xcode/DerivedData/ModuleCache.noindex/XPC-1R1QQX80SP0VKZ9NGIZBCBPK4.pcm

SwiftExplicitDependencyGeneratePcm arm64 /Users/nick/Library/Developer/Xcode/DerivedData/ModuleCache.noindex/IOKit-EPZJ6WBAQYFT4CZZ2GS05JVHG.pcm

SwiftExplicitDependencyGeneratePcm arm64 /Users/nick/Library/Developer/Xcode/DerivedData/ModuleCache.noindex/CFNetwork-43G2WGWQYJEMC61R6YB8WB3WW.pcm

SwiftExplicitDependencyGeneratePcm arm64 /Users/nick/Library/Developer/Xcode/DerivedData/ModuleCache.noindex/Security-5SZ6HOJ7RMUYGCFSU97PPRZK8.pcm

SwiftExplicitDependencyGeneratePcm arm64 /Users/nick/Library/Developer/Xcode/DerivedData/ModuleCache.noindex/DiskArbitration-1TQ6L1A4E4WJFNWV256ADU9KX.pcm

SwiftExplicitDependencyGeneratePcm arm64 /Users/nick/Library/Developer/Xcode/DerivedData/ModuleCache.noindex/CoreServices-3M2VFJXES63UJAXHFYTRBKHT1.pcm

SwiftExplicitDependencyGeneratePcm arm64 /Users/nick/Library/Developer/Xcode/DerivedData/ModuleCache.noindex/Foundation-6XPX5RIZ51AIGW4P3BH4OKITT.pcm

SwiftExplicitDependencyGeneratePcm arm64 /Users/nick/Library/Developer/Xcode/DerivedData/ModuleCache.noindex/LocalAuthentication-8J45S1D6TFZRXRPD6CAZZ8F24.pcm

SwiftEmitModule normal arm64 Emitting\ module\ for\ KeychainAccess (in target 'KeychainAccess' from project 'KeychainAccess')

SwiftCompile normal arm64 /Users/nick/Library/Developer/Xcode/DerivedData/Burrow-fpkzlxmtaqbhwpggkxjmlklwglgd/SourcePackages/checkouts/KeychainAccess/Lib/KeychainAccess/Keychain.swift (in target 'KeychainAccess' from project 'KeychainAccess')
    cd /Users/nick/Desktop/cf-tunnel-menubar/Burrow.xcodeproj
    

SwiftCompile normal arm64 Compiling\ Keychain.swift /Users/nick/Library/Developer/Xcode/DerivedData/Burrow-fpkzlxmtaqbhwpggkxjmlklwglgd/SourcePackages/checkouts/KeychainAccess/Lib/KeychainAccess/Keychain.swift (in target 'KeychainAccess' from project 'KeychainAccess')
SwiftCompile normal arm64 /Users/nick/Library/Developer/Xcode/DerivedData/Burrow-fpkzlxmtaqbhwpggkxjmlklwglgd/SourcePackages/checkouts/KeychainAccess/Lib/KeychainAccess/Keychain.swift (in target 'KeychainAccess' from project 'KeychainAccess')
    cd /Users/nick/Desktop/cf-tunnel-menubar/Burrow.xcodeproj
    

SwiftDriverJobDiscovery normal arm64 Emitting module for KeychainAccess (in target 'KeychainAccess' from project 'KeychainAccess')

SwiftDriver\ Compilation\ Requirements KeychainAccess normal arm64 com.apple.xcode.tools.swift.compiler (in target 'KeychainAccess' from project 'KeychainAccess')
    cd /Users/nick/Desktop/cf-tunnel-menubar/Burrow.xcodeproj
    builtin-Swift-Compilation-Requirements -- /Applications/Xcode.app/Contents/Developer/Toolchains/XcodeDefault.xctoolchain/usr/bin/swiftc -module-name KeychainAccess -Onone @/Users/nick/Library/Developer/Xcode/DerivedData/Burrow-fpkzlxmtaqbhwpggkxjmlklwglgd/Build/Intermediates.noindex/KeychainAccess.build/Debug/KeychainAccess.build/Objects-normal/arm64/KeychainAccess.SwiftFileList -DSWIFT_PACKAGE -DDEBUG -DSWIFT_MODULE_RESOURCE_BUNDLE_UNAVAILABLE -DXcode -plugin-path /Applications/Xcode.app/Contents/Developer/Toolchains/XcodeDefault.xctoolchain/usr/lib/swift/host/plugins/testing -enable-experimental-feature DebugDescriptionMacro -sdk /Applications/Xcode.app/Contents/Developer/Platforms/MacOSX.platform/Developer/SDKs/MacOSX26.4.sdk -target arm64-apple-macos10.13 -g -module-cache-path /Users/nick/Library/Developer/Xcode/DerivedData/ModuleCache.noindex -Xfrontend -serialize-debugging-options -enable-testing -suppress-warnings -index-store-path /Users/nick/Library/Developer/Xcode/DerivedData/Burrow-fpkzlxmtaqbhwpggkxjmlklwglgd/Index.noindex/DataStore -Xcc -D_LIBCPP_HARDENING_MODE\=_LIBCPP_HARDENING_MODE_DEBUG -swift-version 5 -I /Users/nick/Library/Developer/Xcode/DerivedData/Burrow-fpkzlxmtaqbhwpggkxjmlklwglgd/Build/Products/Debug -Isystem /Applications/Xcode.app/Contents/Developer/Platforms/MacOSX.platform/Developer/usr/lib -F /Users/nick/Library/Developer/Xcode/DerivedData/Burrow-fpkzlxmtaqbhwpggkxjmlklwglgd/Build/Products/Debug -F /Applications/Xcode.app/Contents/Developer/Platforms/MacOSX.platform/Developer/Library/Frameworks -parse-as-library -c -j16 -enable-batch-mode -incremental -Xcc -ivfsstatcache -Xcc /Users/nick/Library/Developer/Xcode/DerivedData/SDKStatCaches.noindex/macosx26.4-25E251-30f9ca8789b706f8bd3fc906a70d770f.sdkstatcache -output-file-map /Users/nick/Library/Developer/Xcode/DerivedData/Burrow-fpkzlxmtaqbhwpggkxjmlklwglgd/Build/Intermediates.noindex/KeychainAccess.build/Debug/KeychainAccess.build/Objects-normal/arm64/KeychainAccess-OutputFileMap.json -use-frontend-parseable-output -save-temps -no-color-diagnostics -explicit-module-build -module-cache-path /Users/nick/Library/Developer/Xcode/DerivedData/Burrow-fpkzlxmtaqbhwpggkxjmlklwglgd/Build/Intermediates.noindex/SwiftExplicitPrecompiledModules -clang-scanner-module-cache-path /Users/nick/Library/Developer/Xcode/DerivedData/ModuleCache.noindex -sdk-module-cache-path /Users/nick/Library/Developer/Xcode/DerivedData/ModuleCache.noindex -serialize-diagnostics -emit-dependencies -emit-module -emit-module-path /Users/nick/Library/Developer/Xcode/DerivedData/Burrow-fpkzlxmtaqbhwpggkxjmlklwglgd/Build/Intermediates.noindex/KeychainAccess.build/Debug/KeychainAccess.build/Objects-normal/arm64/KeychainAccess.swiftmodule -validate-clang-modules-once -clang-build-session-file /Users/nick/Library/Developer/Xcode/DerivedData/ModuleCache.noindex/Session.modulevalidation -Xcc -I/Users/nick/Library/Developer/Xcode/DerivedData/Burrow-fpkzlxmtaqbhwpggkxjmlklwglgd/Build/Intermediates.noindex/KeychainAccess.build/Debug/KeychainAccess.build/swift-overrides.hmap -emit-const-values -Xfrontend -const-gather-protocols-file -Xfrontend /Users/nick/Library/Developer/Xcode/DerivedData/Burrow-fpkzlxmtaqbhwpggkxjmlklwglgd/Build/Intermediates.noindex/KeychainAccess.build/Debug/KeychainAccess.build/Objects-normal/arm64/KeychainAccess_const_extract_protocols.json -Xcc -I/Users/nick/Library/Developer/Xcode/DerivedData/Burrow-fpkzlxmtaqbhwpggkxjmlklwglgd/Build/Products/Debug/include -Xcc -I/Users/nick/Library/Developer/Xcode/DerivedData/Burrow-fpkzlxmtaqbhwpggkxjmlklwglgd/Build/Intermediates.noindex/KeychainAccess.build/Debug/KeychainAccess.build/DerivedSources-normal/arm64 -Xcc -I/Users/nick/Library/Developer/Xcode/DerivedData/Burrow-fpkzlxmtaqbhwpggkxjmlklwglgd/Build/Intermediates.noindex/KeychainAccess.build/Debug/KeychainAccess.build/DerivedSources/arm64 -Xcc -I/Users/nick/Library/Developer/Xcode/DerivedData/Burrow-fpkzlxmtaqbhwpggkxjmlklwglgd/Build/Intermediates.noindex/KeychainAccess.build/Debug/KeychainAccess.build/DerivedSources -Xcc -DSWIFT_PACKAGE -Xcc -DDEBUG\=1 -emit-objc-header -emit-objc-header-path /Users/nick/Library/Developer/Xcode/DerivedData/Burrow-fpkzlxmtaqbhwpggkxjmlklwglgd/Build/Intermediates.noindex/KeychainAccess.build/Debug/KeychainAccess.build/Objects-normal/arm64/KeychainAccess-Swift.h -working-directory /Users/nick/Desktop/cf-tunnel-menubar/Burrow.xcodeproj -experimental-emit-module-separately -disable-cmo

SwiftMergeGeneratedHeaders /Users/nick/Library/Developer/Xcode/DerivedData/Burrow-fpkzlxmtaqbhwpggkxjmlklwglgd/Build/Intermediates.noindex/GeneratedModuleMaps/KeychainAccess-Swift.h /Users/nick/Library/Developer/Xcode/DerivedData/Burrow-fpkzlxmtaqbhwpggkxjmlklwglgd/Build/Intermediates.noindex/KeychainAccess.build/Debug/KeychainAccess.build/Objects-normal/arm64/KeychainAccess-Swift.h (in target 'KeychainAccess' from project 'KeychainAccess')
    cd /Users/nick/Library/Developer/Xcode/DerivedData/Burrow-fpkzlxmtaqbhwpggkxjmlklwglgd/SourcePackages/checkouts/KeychainAccess
    builtin-swiftHeaderTool -arch arm64 /Users/nick/Library/Developer/Xcode/DerivedData/Burrow-fpkzlxmtaqbhwpggkxjmlklwglgd/Build/Intermediates.noindex/KeychainAccess.build/Debug/KeychainAccess.build/Objects-normal/arm64/KeychainAccess-Swift.h -o /Users/nick/Library/Developer/Xcode/DerivedData/Burrow-fpkzlxmtaqbhwpggkxjmlklwglgd/Build/Intermediates.noindex/GeneratedModuleMaps/KeychainAccess-Swift.h

Copy /Users/nick/Library/Developer/Xcode/DerivedData/Burrow-fpkzlxmtaqbhwpggkxjmlklwglgd/Build/Products/Debug/KeychainAccess.swiftmodule/arm64-apple-macos.abi.json /Users/nick/Library/Developer/Xcode/DerivedData/Burrow-fpkzlxmtaqbhwpggkxjmlklwglgd/Build/Intermediates.noindex/KeychainAccess.build/Debug/KeychainAccess.build/Objects-normal/arm64/KeychainAccess.abi.json (in target 'KeychainAccess' from project 'KeychainAccess')
    cd /Users/nick/Library/Developer/Xcode/DerivedData/Burrow-fpkzlxmtaqbhwpggkxjmlklwglgd/SourcePackages/checkouts/KeychainAccess
    builtin-copy -exclude .DS_Store -exclude CVS -exclude .svn -exclude .git -exclude .hg -resolve-src-symlinks -rename /Users/nick/Library/Developer/Xcode/DerivedData/Burrow-fpkzlxmtaqbhwpggkxjmlklwglgd/Build/Intermediates.noindex/KeychainAccess.build/Debug/KeychainAccess.build/Objects-normal/arm64/KeychainAccess.abi.json /Users/nick/Library/Developer/Xcode/DerivedData/Burrow-fpkzlxmtaqbhwpggkxjmlklwglgd/Build/Products/Debug/KeychainAccess.swiftmodule/arm64-apple-macos.abi.json

Copy /Users/nick/Library/Developer/Xcode/DerivedData/Burrow-fpkzlxmtaqbhwpggkxjmlklwglgd/Build/Products/Debug/KeychainAccess.swiftmodule/arm64-apple-macos.swiftmodule /Users/nick/Library/Developer/Xcode/DerivedData/Burrow-fpkzlxmtaqbhwpggkxjmlklwglgd/Build/Intermediates.noindex/KeychainAccess.build/Debug/KeychainAccess.build/Objects-normal/arm64/KeychainAccess.swiftmodule (in target 'KeychainAccess' from project 'KeychainAccess')
    cd /Users/nick/Library/Developer/Xcode/DerivedData/Burrow-fpkzlxmtaqbhwpggkxjmlklwglgd/SourcePackages/checkouts/KeychainAccess
    builtin-copy -exclude .DS_Store -exclude CVS -exclude .svn -exclude .git -exclude .hg -resolve-src-symlinks -rename /Users/nick/Library/Developer/Xcode/DerivedData/Burrow-fpkzlxmtaqbhwpggkxjmlklwglgd/Build/Intermediates.noindex/KeychainAccess.build/Debug/KeychainAccess.build/Objects-normal/arm64/KeychainAccess.swiftmodule /Users/nick/Library/Developer/Xcode/DerivedData/Burrow-fpkzlxmtaqbhwpggkxjmlklwglgd/Build/Products/Debug/KeychainAccess.swiftmodule/arm64-apple-macos.swiftmodule

Copy /Users/nick/Library/Developer/Xcode/DerivedData/Burrow-fpkzlxmtaqbhwpggkxjmlklwglgd/Build/Products/Debug/KeychainAccess.swiftmodule/arm64-apple-macos.swiftdoc /Users/nick/Library/Developer/Xcode/DerivedData/Burrow-fpkzlxmtaqbhwpggkxjmlklwglgd/Build/Intermediates.noindex/KeychainAccess.build/Debug/KeychainAccess.build/Objects-normal/arm64/KeychainAccess.swiftdoc (in target 'KeychainAccess' from project 'KeychainAccess')
    cd /Users/nick/Library/Developer/Xcode/DerivedData/Burrow-fpkzlxmtaqbhwpggkxjmlklwglgd/SourcePackages/checkouts/KeychainAccess
    builtin-copy -exclude .DS_Store -exclude CVS -exclude .svn -exclude .git -exclude .hg -resolve-src-symlinks -rename /Users/nick/Library/Developer/Xcode/DerivedData/Burrow-fpkzlxmtaqbhwpggkxjmlklwglgd/Build/Intermediates.noindex/KeychainAccess.build/Debug/KeychainAccess.build/Objects-normal/arm64/KeychainAccess.swiftdoc /Users/nick/Library/Developer/Xcode/DerivedData/Burrow-fpkzlxmtaqbhwpggkxjmlklwglgd/Build/Products/Debug/KeychainAccess.swiftmodule/arm64-apple-macos.swiftdoc

Copy /Users/nick/Library/Developer/Xcode/DerivedData/Burrow-fpkzlxmtaqbhwpggkxjmlklwglgd/Build/Products/Debug/KeychainAccess.swiftmodule/Project/arm64-apple-macos.swiftsourceinfo /Users/nick/Library/Developer/Xcode/DerivedData/Burrow-fpkzlxmtaqbhwpggkxjmlklwglgd/Build/Intermediates.noindex/KeychainAccess.build/Debug/KeychainAccess.build/Objects-normal/arm64/KeychainAccess.swiftsourceinfo (in target 'KeychainAccess' from project 'KeychainAccess')
    cd /Users/nick/Library/Developer/Xcode/DerivedData/Burrow-fpkzlxmtaqbhwpggkxjmlklwglgd/SourcePackages/checkouts/KeychainAccess
    builtin-copy -exclude .DS_Store -exclude CVS -exclude .svn -exclude .git -exclude .hg -resolve-src-symlinks -rename /Users/nick/Library/Developer/Xcode/DerivedData/Burrow-fpkzlxmtaqbhwpggkxjmlklwglgd/Build/Intermediates.noindex/KeychainAccess.build/Debug/KeychainAccess.build/Objects-normal/arm64/KeychainAccess.swiftsourceinfo /Users/nick/Library/Developer/Xcode/DerivedData/Burrow-fpkzlxmtaqbhwpggkxjmlklwglgd/Build/Products/Debug/KeychainAccess.swiftmodule/Project/arm64-apple-macos.swiftsourceinfo

ProcessProductPackaging /Users/nick/Desktop/cf-tunnel-menubar/Resources/Burrow.entitlements /Users/nick/Library/Developer/Xcode/DerivedData/Burrow-fpkzlxmtaqbhwpggkxjmlklwglgd/Build/Intermediates.noindex/Burrow.build/Debug/Burrow.build/Burrow.app.xcent (in target 'Burrow' from project 'Burrow')
    cd /Users/nick/Desktop/cf-tunnel-menubar
    
    Entitlements:
    
    {
    "com.apple.security.app-sandbox" = 0;
    "com.apple.security.get-task-allow" = 1;
    "com.apple.security.network.client" = 1;
}
    
    builtin-productPackagingUtility /Users/nick/Desktop/cf-tunnel-menubar/Resources/Burrow.entitlements -entitlements -format xml -o /Users/nick/Library/Developer/Xcode/DerivedData/Burrow-fpkzlxmtaqbhwpggkxjmlklwglgd/Build/Intermediates.noindex/Burrow.build/Debug/Burrow.build/Burrow.app.xcent

ProcessProductPackagingDER /Users/nick/Library/Developer/Xcode/DerivedData/Burrow-fpkzlxmtaqbhwpggkxjmlklwglgd/Build/Intermediates.noindex/Burrow.build/Debug/Burrow.build/Burrow.app.xcent /Users/nick/Library/Developer/Xcode/DerivedData/Burrow-fpkzlxmtaqbhwpggkxjmlklwglgd/Build/Intermediates.noindex/Burrow.build/Debug/Burrow.build/Burrow.app.xcent.der (in target 'Burrow' from project 'Burrow')
    cd /Users/nick/Desktop/cf-tunnel-menubar
    /usr/bin/derq query -f xml -i /Users/nick/Library/Developer/Xcode/DerivedData/Burrow-fpkzlxmtaqbhwpggkxjmlklwglgd/Build/Intermediates.noindex/Burrow.build/Debug/Burrow.build/Burrow.app.xcent -o /Users/nick/Library/Developer/Xcode/DerivedData/Burrow-fpkzlxmtaqbhwpggkxjmlklwglgd/Build/Intermediates.noindex/Burrow.build/Debug/Burrow.build/Burrow.app.xcent.der --raw

SwiftDriver Burrow normal arm64 com.apple.xcode.tools.swift.compiler (in target 'Burrow' from project 'Burrow')
    cd /Users/nick/Desktop/cf-tunnel-menubar
    builtin-SwiftDriver -- /Applications/Xcode.app/Contents/Developer/Toolchains/XcodeDefault.xctoolchain/usr/bin/swiftc -module-name Burrow -Onone @/Users/nick/Library/Developer/Xcode/DerivedData/Burrow-fpkzlxmtaqbhwpggkxjmlklwglgd/Build/Intermediates.noindex/Burrow.build/Debug/Burrow.build/Objects-normal/arm64/Burrow.SwiftFileList -DDEBUG -enable-bare-slash-regex -enable-experimental-feature DebugDescriptionMacro -sdk /Applications/Xcode.app/Contents/Developer/Platforms/MacOSX.platform/Developer/SDKs/MacOSX26.4.sdk -target arm64-apple-macos14.0 -g -module-cache-path /Users/nick/Library/Developer/Xcode/DerivedData/ModuleCache.noindex -Xfrontend -serialize-debugging-options -enable-testing -index-store-path /Users/nick/Library/Developer/Xcode/DerivedData/Burrow-fpkzlxmtaqbhwpggkxjmlklwglgd/Index.noindex/DataStore -Xcc -D_LIBCPP_HARDENING_MODE\=_LIBCPP_HARDENING_MODE_DEBUG -swift-version 5 -I /Users/nick/Library/Developer/Xcode/DerivedData/Burrow-fpkzlxmtaqbhwpggkxjmlklwglgd/Build/Products/Debug -F /Users/nick/Library/Developer/Xcode/DerivedData/Burrow-fpkzlxmtaqbhwpggkxjmlklwglgd/Build/Products/Debug/PackageFrameworks -F /Users/nick/Library/Developer/Xcode/DerivedData/Burrow-fpkzlxmtaqbhwpggkxjmlklwglgd/Build/Products/Debug -c -j16 -enable-batch-mode -incremental -Xcc -ivfsstatcache -Xcc /Users/nick/Library/Developer/Xcode/DerivedData/SDKStatCaches.noindex/macosx26.4-25E251-30f9ca8789b706f8bd3fc906a70d770f.sdkstatcache -output-file-map /Users/nick/Library/Developer/Xcode/DerivedData/Burrow-fpkzlxmtaqbhwpggkxjmlklwglgd/Build/Intermediates.noindex/Burrow.build/Debug/Burrow.build/Objects-normal/arm64/Burrow-OutputFileMap.json -use-frontend-parseable-output -save-temps -no-color-diagnostics -explicit-module-build -module-cache-path /Users/nick/Library/Developer/Xcode/DerivedData/Burrow-fpkzlxmtaqbhwpggkxjmlklwglgd/Build/Intermediates.noindex/SwiftExplicitPrecompiledModules -clang-scanner-module-cache-path /Users/nick/Library/Developer/Xcode/DerivedData/ModuleCache.noindex -sdk-module-cache-path /Users/nick/Library/Developer/Xcode/DerivedData/ModuleCache.noindex -serialize-diagnostics -emit-dependencies -emit-module -emit-module-path /Users/nick/Library/Developer/Xcode/DerivedData/Burrow-fpkzlxmtaqbhwpggkxjmlklwglgd/Build/Intermediates.noindex/Burrow.build/Debug/Burrow.build/Objects-normal/arm64/Burrow.swiftmodule -validate-clang-modules-once -clang-build-session-file /Users/nick/Library/Developer/Xcode/DerivedData/ModuleCache.noindex/Session.modulevalidation -Xcc -I/Users/nick/Library/Developer/Xcode/DerivedData/Burrow-fpkzlxmtaqbhwpggkxjmlklwglgd/Build/Intermediates.noindex/Burrow.build/Debug/Burrow.build/swift-overrides.hmap -emit-const-values -Xfrontend -const-gather-protocols-file -Xfrontend /Users/nick/Library/Developer/Xcode/DerivedData/Burrow-fpkzlxmtaqbhwpggkxjmlklwglgd/Build/Intermediates.noindex/Burrow.build/Debug/Burrow.build/Objects-normal/arm64/Burrow_const_extract_protocols.json -Xcc -iquote -Xcc /Users/nick/Library/Developer/Xcode/DerivedData/Burrow-fpkzlxmtaqbhwpggkxjmlklwglgd/Build/Intermediates.noindex/Burrow.build/Debug/Burrow.build/Burrow-generated-files.hmap -Xcc -I/Users/nick/Library/Developer/Xcode/DerivedData/Burrow-fpkzlxmtaqbhwpggkxjmlklwglgd/Build/Intermediates.noindex/Burrow.build/Debug/Burrow.build/Burrow-own-target-headers.hmap -Xcc -I/Users/nick/Library/Developer/Xcode/DerivedData/Burrow-fpkzlxmtaqbhwpggkxjmlklwglgd/Build/Intermediates.noindex/Burrow.build/Debug/Burrow.build/Burrow-all-non-framework-target-headers.hmap -Xcc -ivfsoverlay -Xcc /Users/nick/Library/Developer/Xcode/DerivedData/Burrow-fpkzlxmtaqbhwpggkxjmlklwglgd/Build/Intermediates.noindex/Burrow.build/Debug/Burrow-d39d63d28bddfedf4cbd8e3d6ddebca5-VFS/all-product-headers.yaml -Xcc -iquote -Xcc /Users/nick/Library/Developer/Xcode/DerivedData/Burrow-fpkzlxmtaqbhwpggkxjmlklwglgd/Build/Intermediates.noindex/Burrow.build/Debug/Burrow.build/Burrow-project-headers.hmap -Xcc -I/Users/nick/Library/Developer/Xcode/DerivedData/Burrow-fpkzlxmtaqbhwpggkxjmlklwglgd/Build/Products/Debug/include -Xcc -I/Users/nick/Library/Developer/Xcode/DerivedData/Burrow-fpkzlxmtaqbhwpggkxjmlklwglgd/Build/Intermediates.noindex/Burrow.build/Debug/Burrow.build/DerivedSources-normal/arm64 -Xcc -I/Users/nick/Library/Developer/Xcode/DerivedData/Burrow-fpkzlxmtaqbhwpggkxjmlklwglgd/Build/Intermediates.noindex/Burrow.build/Debug/Burrow.build/DerivedSources/arm64 -Xcc -I/Users/nick/Library/Developer/Xcode/DerivedData/Burrow-fpkzlxmtaqbhwpggkxjmlklwglgd/Build/Intermediates.noindex/Burrow.build/Debug/Burrow.build/DerivedSources -Xcc -DDEBUG\=1 -emit-objc-header -emit-objc-header-path /Users/nick/Library/Developer/Xcode/DerivedData/Burrow-fpkzlxmtaqbhwpggkxjmlklwglgd/Build/Intermediates.noindex/Burrow.build/Debug/Burrow.build/Objects-normal/arm64/Burrow-Swift.h -working-directory /Users/nick/Desktop/cf-tunnel-menubar -experimental-emit-module-separately -disable-cmo

SwiftExplicitDependencyGeneratePcm arm64 /Users/nick/Library/Developer/Xcode/DerivedData/ModuleCache.noindex/_AvailabilityInternal-2YWUBQIL53QZP2YE0AWDPW6CI.pcm

SwiftExplicitDependencyGeneratePcm arm64 /Users/nick/Library/Developer/Xcode/DerivedData/ModuleCache.noindex/ptrauth-4SJEKG40LZYVJMWMAFKMHKH3Q.pcm

SwiftExplicitDependencyGeneratePcm arm64 /Users/nick/Library/Developer/Xcode/DerivedData/ModuleCache.noindex/_Builtin_float-7NWRGESNN3E04RZX7FZWIH9B5.pcm

SwiftExplicitDependencyGeneratePcm arm64 /Users/nick/Library/Developer/Xcode/DerivedData/ModuleCache.noindex/DeveloperToolsSupport-20RXSXMZRL8D1NYV6RYXKTG7D.pcm

SwiftExplicitDependencyGeneratePcm arm64 /Users/nick/Library/Developer/Xcode/DerivedData/ModuleCache.noindex/SwiftShims-93BT4HFI5WA5WIU4EJXWPMZ14.pcm

SwiftExplicitDependencyGeneratePcm arm64 /Users/nick/Library/Developer/Xcode/DerivedData/ModuleCache.noindex/_Builtin_stdbool-5MG58YG24LVJEX25LZMRBGXCC.pcm

SwiftExplicitDependencyGeneratePcm arm64 /Users/nick/Library/Developer/Xcode/DerivedData/ModuleCache.noindex/_Builtin_stdarg-4G9QRZXPFSNI50JY53HKGE6YP.pcm

SwiftExplicitDependencyGeneratePcm arm64 /Users/nick/Library/Developer/Xcode/DerivedData/ModuleCache.noindex/_SwiftConcurrencyShims-K382THWK8I26D1XOLJ78BB3C.pcm

SwiftExplicitDependencyGeneratePcm arm64 /Users/nick/Library/Developer/Xcode/DerivedData/ModuleCache.noindex/_Builtin_stddef-743WR1BSH1C66JIGPS6XP3D2N.pcm

SwiftExplicitDependencyGeneratePcm arm64 /Users/nick/Library/Developer/Xcode/DerivedData/ModuleCache.noindex/ptrcheck-DGPO8G5WX05WCVRGW34L75RKI.pcm

SwiftExplicitDependencyGeneratePcm arm64 /Users/nick/Library/Developer/Xcode/DerivedData/ModuleCache.noindex/_DarwinFoundation1-9XLDQ58RSSJG5JZR5OKJ6VK5S.pcm

SwiftExplicitDependencyGeneratePcm arm64 /Users/nick/Library/Developer/Xcode/DerivedData/ModuleCache.noindex/_Builtin_limits-AQG08992IHR0TR55FC3FRYG2G.pcm

SwiftExplicitDependencyGeneratePcm arm64 /Users/nick/Library/Developer/Xcode/DerivedData/ModuleCache.noindex/_DarwinFoundation2-A63L8ZTK8L1YSOGG9RSW4W15S.pcm

SwiftExplicitDependencyGeneratePcm arm64 /Users/nick/Library/Developer/Xcode/DerivedData/ModuleCache.noindex/_Builtin_stdint-5HIMJJ305ETB231SVTPEU705G.pcm

SwiftExplicitDependencyGeneratePcm arm64 /Users/nick/Library/Developer/Xcode/DerivedData/ModuleCache.noindex/sys_types-83XG3ZV6ZN1O3NX1OOP973TCW.pcm

SwiftExplicitDependencyGeneratePcm arm64 /Users/nick/Library/Developer/Xcode/DerivedData/ModuleCache.noindex/_Builtin_tgmath-9B60JZUM9SS4CZZBCV4665JPJ.pcm

SwiftExplicitDependencyGeneratePcm arm64 /Users/nick/Library/Developer/Xcode/DerivedData/ModuleCache.noindex/_Builtin_intrinsics-417HY5BUJY5JZV2H16ZTOXJF.pcm

SwiftExplicitDependencyGeneratePcm arm64 /Users/nick/Library/Developer/Xcode/DerivedData/ModuleCache.noindex/_Builtin_stdatomic-2UN54UQ41LO0RI0GO1IILMTAT.pcm

SwiftExplicitDependencyGeneratePcm arm64 /Users/nick/Library/Developer/Xcode/DerivedData/ModuleCache.noindex/_DarwinFoundation3-DO5PBAGLXMQHJ593ZK1EDQB5B.pcm

SwiftExplicitDependencyGeneratePcm arm64 /Users/nick/Library/Developer/Xcode/DerivedData/ModuleCache.noindex/libDER-DLRKZ0XGVDLHV45RA7MJX2C1M.pcm

SwiftExplicitDependencyGeneratePcm arm64 /Users/nick/Library/Developer/Xcode/DerivedData/ModuleCache.noindex/OpenGL-5I1ARQHQ4WR7TYUHRL2RUMP1M.pcm

SwiftExplicitDependencyGeneratePcm arm64 /Users/nick/Library/Developer/Xcode/DerivedData/ModuleCache.noindex/_Builtin_inttypes-EVJ27SNQ9B0B3I2DMTP5NXWGZ.pcm

SwiftExplicitDependencyGeneratePcm arm64 /Users/nick/Library/Developer/Xcode/DerivedData/ModuleCache.noindex/Darwin-CMU0VU7TBE5Z9B8246J0SJGFI.pcm

SwiftExplicitDependencyGeneratePcm arm64 /Users/nick/Library/Developer/Xcode/DerivedData/ModuleCache.noindex/simd-74J3ZZWBXNBAZ2XPBPDV0H5VC.pcm

SwiftExplicitDependencyGeneratePcm arm64 /Users/nick/Library/Developer/Xcode/DerivedData/ModuleCache.noindex/libkern-60VCW5GGTZXS1EU1X7FJCR35G.pcm

SwiftExplicitDependencyGeneratePcm arm64 /Users/nick/Library/Developer/Xcode/DerivedData/ModuleCache.noindex/launch-IXXBNIOVTTPBQLLJJFKQGYW4.pcm

SwiftExplicitDependencyGeneratePcm arm64 /Users/nick/Library/Developer/Xcode/DerivedData/ModuleCache.noindex/MachO-1B8TPVWURZ6YTZ1I5M5Z9OIMG.pcm

SwiftExplicitDependencyGeneratePcm arm64 /Users/nick/Library/Developer/Xcode/DerivedData/ModuleCache.noindex/CUPS-2FBCH91Y8OPCV0176IHIQ94QC.pcm

SwiftExplicitDependencyGeneratePcm arm64 /Users/nick/Library/Developer/Xcode/DerivedData/ModuleCache.noindex/Spatial-32JNGHRVXI2KRV932QDNPSUHH.pcm

SwiftExplicitDependencyGeneratePcm arm64 /Users/nick/Library/Developer/Xcode/DerivedData/ModuleCache.noindex/ObjectiveC-9AQZUDHC8Y1KNFVYC8HHWNG79.pcm

SwiftExplicitDependencyGeneratePcm arm64 /Users/nick/Library/Developer/Xcode/DerivedData/ModuleCache.noindex/os_object-16BCSUUOPLHUVFU29D6H1TESQ.pcm

SwiftExplicitDependencyGeneratePcm arm64 /Users/nick/Library/Developer/Xcode/DerivedData/ModuleCache.noindex/os_workgroup-D66MVFH64VTG82T4AHQ3AS26V.pcm

SwiftExplicitDependencyGeneratePcm arm64 /Users/nick/Library/Developer/Xcode/DerivedData/ModuleCache.noindex/Dispatch-D23R8WDCOSNBL1AQ3QGV0DQLB.pcm

SwiftExplicitDependencyGeneratePcm arm64 /Users/nick/Library/Developer/Xcode/DerivedData/ModuleCache.noindex/dnssd-EEAYJWQ86A2FCV0G0EJ65ML6S.pcm

SwiftExplicitDependencyGeneratePcm arm64 /Users/nick/Library/Developer/Xcode/DerivedData/ModuleCache.noindex/CoreFoundation-C0NWXVYSRYFUL8EMEBMV00XTG.pcm

SwiftExplicitDependencyGeneratePcm arm64 /Users/nick/Library/Developer/Xcode/DerivedData/ModuleCache.noindex/XPC-B3TDK2NRBO6QMRGICGEWVEFRV.pcm

SwiftExplicitDependencyGeneratePcm arm64 /Users/nick/Library/Developer/Xcode/DerivedData/ModuleCache.noindex/os-1OLXWAFF3P5JZQ31P0X1JCLZF.pcm

SwiftDriverJobDiscovery normal arm64 Compiling Keychain.swift (in target 'KeychainAccess' from project 'KeychainAccess')

SwiftDriver\ Compilation KeychainAccess normal arm64 com.apple.xcode.tools.swift.compiler (in target 'KeychainAccess' from project 'KeychainAccess')
    cd /Users/nick/Desktop/cf-tunnel-menubar/Burrow.xcodeproj
    builtin-Swift-Compilation -- /Applications/Xcode.app/Contents/Developer/Toolchains/XcodeDefault.xctoolchain/usr/bin/swiftc -module-name KeychainAccess -Onone @/Users/nick/Library/Developer/Xcode/DerivedData/Burrow-fpkzlxmtaqbhwpggkxjmlklwglgd/Build/Intermediates.noindex/KeychainAccess.build/Debug/KeychainAccess.build/Objects-normal/arm64/KeychainAccess.SwiftFileList -DSWIFT_PACKAGE -DDEBUG -DSWIFT_MODULE_RESOURCE_BUNDLE_UNAVAILABLE -DXcode -plugin-path /Applications/Xcode.app/Contents/Developer/Toolchains/XcodeDefault.xctoolchain/usr/lib/swift/host/plugins/testing -enable-experimental-feature DebugDescriptionMacro -sdk /Applications/Xcode.app/Contents/Developer/Platforms/MacOSX.platform/Developer/SDKs/MacOSX26.4.sdk -target arm64-apple-macos10.13 -g -module-cache-path /Users/nick/Library/Developer/Xcode/DerivedData/ModuleCache.noindex -Xfrontend -serialize-debugging-options -enable-testing -suppress-warnings -index-store-path /Users/nick/Library/Developer/Xcode/DerivedData/Burrow-fpkzlxmtaqbhwpggkxjmlklwglgd/Index.noindex/DataStore -Xcc -D_LIBCPP_HARDENING_MODE\=_LIBCPP_HARDENING_MODE_DEBUG -swift-version 5 -I /Users/nick/Library/Developer/Xcode/DerivedData/Burrow-fpkzlxmtaqbhwpggkxjmlklwglgd/Build/Products/Debug -Isystem /Applications/Xcode.app/Contents/Developer/Platforms/MacOSX.platform/Developer/usr/lib -F /Users/nick/Library/Developer/Xcode/DerivedData/Burrow-fpkzlxmtaqbhwpggkxjmlklwglgd/Build/Products/Debug -F /Applications/Xcode.app/Contents/Developer/Platforms/MacOSX.platform/Developer/Library/Frameworks -parse-as-library -c -j16 -enable-batch-mode -incremental -Xcc -ivfsstatcache -Xcc /Users/nick/Library/Developer/Xcode/DerivedData/SDKStatCaches.noindex/macosx26.4-25E251-30f9ca8789b706f8bd3fc906a70d770f.sdkstatcache -output-file-map /Users/nick/Library/Developer/Xcode/DerivedData/Burrow-fpkzlxmtaqbhwpggkxjmlklwglgd/Build/Intermediates.noindex/KeychainAccess.build/Debug/KeychainAccess.build/Objects-normal/arm64/KeychainAccess-OutputFileMap.json -use-frontend-parseable-output -save-temps -no-color-diagnostics -explicit-module-build -module-cache-path /Users/nick/Library/Developer/Xcode/DerivedData/Burrow-fpkzlxmtaqbhwpggkxjmlklwglgd/Build/Intermediates.noindex/SwiftExplicitPrecompiledModules -clang-scanner-module-cache-path /Users/nick/Library/Developer/Xcode/DerivedData/ModuleCache.noindex -sdk-module-cache-path /Users/nick/Library/Developer/Xcode/DerivedData/ModuleCache.noindex -serialize-diagnostics -emit-dependencies -emit-module -emit-module-path /Users/nick/Library/Developer/Xcode/DerivedData/Burrow-fpkzlxmtaqbhwpggkxjmlklwglgd/Build/Intermediates.noindex/KeychainAccess.build/Debug/KeychainAccess.build/Objects-normal/arm64/KeychainAccess.swiftmodule -validate-clang-modules-once -clang-build-session-file /Users/nick/Library/Developer/Xcode/DerivedData/ModuleCache.noindex/Session.modulevalidation -Xcc -I/Users/nick/Library/Developer/Xcode/DerivedData/Burrow-fpkzlxmtaqbhwpggkxjmlklwglgd/Build/Intermediates.noindex/KeychainAccess.build/Debug/KeychainAccess.build/swift-overrides.hmap -emit-const-values -Xfrontend -const-gather-protocols-file -Xfrontend /Users/nick/Library/Developer/Xcode/DerivedData/Burrow-fpkzlxmtaqbhwpggkxjmlklwglgd/Build/Intermediates.noindex/KeychainAccess.build/Debug/KeychainAccess.build/Objects-normal/arm64/KeychainAccess_const_extract_protocols.json -Xcc -I/Users/nick/Library/Developer/Xcode/DerivedData/Burrow-fpkzlxmtaqbhwpggkxjmlklwglgd/Build/Products/Debug/include -Xcc -I/Users/nick/Library/Developer/Xcode/DerivedData/Burrow-fpkzlxmtaqbhwpggkxjmlklwglgd/Build/Intermediates.noindex/KeychainAccess.build/Debug/KeychainAccess.build/DerivedSources-normal/arm64 -Xcc -I/Users/nick/Library/Developer/Xcode/DerivedData/Burrow-fpkzlxmtaqbhwpggkxjmlklwglgd/Build/Intermediates.noindex/KeychainAccess.build/Debug/KeychainAccess.build/DerivedSources/arm64 -Xcc -I/Users/nick/Library/Developer/Xcode/DerivedData/Burrow-fpkzlxmtaqbhwpggkxjmlklwglgd/Build/Intermediates.noindex/KeychainAccess.build/Debug/KeychainAccess.build/DerivedSources -Xcc -DSWIFT_PACKAGE -Xcc -DDEBUG\=1 -emit-objc-header -emit-objc-header-path /Users/nick/Library/Developer/Xcode/DerivedData/Burrow-fpkzlxmtaqbhwpggkxjmlklwglgd/Build/Intermediates.noindex/KeychainAccess.build/Debug/KeychainAccess.build/Objects-normal/arm64/KeychainAccess-Swift.h -working-directory /Users/nick/Desktop/cf-tunnel-menubar/Burrow.xcodeproj -experimental-emit-module-separately -disable-cmo

Ld /Users/nick/Library/Developer/Xcode/DerivedData/Burrow-fpkzlxmtaqbhwpggkxjmlklwglgd/Build/Products/Debug/KeychainAccess.o normal (in target 'KeychainAccess' from project 'KeychainAccess')
    cd /Users/nick/Library/Developer/Xcode/DerivedData/Burrow-fpkzlxmtaqbhwpggkxjmlklwglgd/SourcePackages/checkouts/KeychainAccess
    /Applications/Xcode.app/Contents/Developer/Toolchains/XcodeDefault.xctoolchain/usr/bin/clang -Xlinker -reproducible -target arm64-apple-macos10.13 -r -isysroot /Applications/Xcode.app/Contents/Developer/Platforms/MacOSX.platform/Developer/SDKs/MacOSX26.4.sdk -O0 -w -F/Users/nick/Library/Developer/Xcode/DerivedData/Burrow-fpkzlxmtaqbhwpggkxjmlklwglgd/Build/Intermediates.noindex/EagerLinkingTBDs/Debug -F/Users/nick/Library/Developer/Xcode/DerivedData/Burrow-fpkzlxmtaqbhwpggkxjmlklwglgd/Build/Products/Debug -iframework /Applications/Xcode.app/Contents/Developer/Platforms/MacOSX.platform/Developer/Library/Frameworks -filelist /Users/nick/Library/Developer/Xcode/DerivedData/Burrow-fpkzlxmtaqbhwpggkxjmlklwglgd/Build/Intermediates.noindex/KeychainAccess.build/Debug/KeychainAccess.build/Objects-normal/arm64/KeychainAccess.LinkFileList -nostdlib -Xlinker -object_path_lto -Xlinker /Users/nick/Library/Developer/Xcode/DerivedData/Burrow-fpkzlxmtaqbhwpggkxjmlklwglgd/Build/Intermediates.noindex/KeychainAccess.build/Debug/KeychainAccess.build/Objects-normal/arm64/KeychainAccess_lto.o -Xlinker -no_deduplicate -Xlinker -dependency_info -Xlinker /Users/nick/Library/Developer/Xcode/DerivedData/Burrow-fpkzlxmtaqbhwpggkxjmlklwglgd/Build/Intermediates.noindex/KeychainAccess.build/Debug/KeychainAccess.build/Objects-normal/arm64/KeychainAccess_dependency_info.dat -fobjc-link-runtime -L/Applications/Xcode.app/Contents/Developer/Toolchains/XcodeDefault.xctoolchain/usr/lib/swift/macosx -L/usr/lib/swift -Xlinker -add_ast_path -Xlinker /Users/nick/Library/Developer/Xcode/DerivedData/Burrow-fpkzlxmtaqbhwpggkxjmlklwglgd/Build/Intermediates.noindex/KeychainAccess.build/Debug/KeychainAccess.build/Objects-normal/arm64/KeychainAccess.swiftmodule @/Users/nick/Library/Developer/Xcode/DerivedData/Burrow-fpkzlxmtaqbhwpggkxjmlklwglgd/Build/Intermediates.noindex/KeychainAccess.build/Debug/KeychainAccess.build/Objects-normal/arm64/KeychainAccess-linker-args.resp -o /Users/nick/Library/Developer/Xcode/DerivedData/Burrow-fpkzlxmtaqbhwpggkxjmlklwglgd/Build/Products/Debug/KeychainAccess.o

SwiftExplicitDependencyGeneratePcm arm64 /Users/nick/Library/Developer/Xcode/DerivedData/ModuleCache.noindex/Security-1HUWPQQT4XHMNI80XKUTX9BY7.pcm

SwiftExplicitDependencyGeneratePcm arm64 /Users/nick/Library/Developer/Xcode/DerivedData/ModuleCache.noindex/ColorSync-3EKAYZS38XNRBYVEUO39JE34C.pcm

SwiftExplicitDependencyGeneratePcm arm64 /Users/nick/Library/Developer/Xcode/DerivedData/ModuleCache.noindex/IOKit-7XXY4Q2UWRPZF1U6FTC3M9868.pcm

SwiftExplicitDependencyGeneratePcm arm64 /Users/nick/Library/Developer/Xcode/DerivedData/ModuleCache.noindex/CFNetwork-9ER0ZVFW7T9YG7NPTV1D0ATLH.pcm

ExtractAppIntentsMetadata (in target 'KeychainAccess' from project 'KeychainAccess')
    cd /Users/nick/Library/Developer/Xcode/DerivedData/Burrow-fpkzlxmtaqbhwpggkxjmlklwglgd/SourcePackages/checkouts/KeychainAccess
    /Applications/Xcode.app/Contents/Developer/Toolchains/XcodeDefault.xctoolchain/usr/bin/appintentsmetadataprocessor --toolchain-dir /Applications/Xcode.app/Contents/Developer/Toolchains/XcodeDefault.xctoolchain --module-name KeychainAccess --sdk-root /Applications/Xcode.app/Contents/Developer/Platforms/MacOSX.platform/Developer/SDKs/MacOSX26.4.sdk --xcode-version 17E202 --platform-family macOS --deployment-target 10.13 --bundle-identifier keychainaccess.KeychainAccess --output /Users/nick/Library/Developer/Xcode/DerivedData/Burrow-fpkzlxmtaqbhwpggkxjmlklwglgd/Build/Products/Debug/KeychainAccess.appintents --target-triple arm64-apple-macos10.13 --binary-file /Users/nick/Library/Developer/Xcode/DerivedData/Burrow-fpkzlxmtaqbhwpggkxjmlklwglgd/Build/Products/Debug/KeychainAccess.o --dependency-file /Users/nick/Library/Developer/Xcode/DerivedData/Burrow-fpkzlxmtaqbhwpggkxjmlklwglgd/Build/Intermediates.noindex/KeychainAccess.build/Debug/KeychainAccess.build/Objects-normal/arm64/KeychainAccess_dependency_info.dat --stringsdata-file /Users/nick/Library/Developer/Xcode/DerivedData/Burrow-fpkzlxmtaqbhwpggkxjmlklwglgd/Build/Intermediates.noindex/KeychainAccess.build/Debug/KeychainAccess.build/Objects-normal/arm64/ExtractedAppShortcutsMetadata.stringsdata --source-file-list /Users/nick/Library/Developer/Xcode/DerivedData/Burrow-fpkzlxmtaqbhwpggkxjmlklwglgd/Build/Intermediates.noindex/KeychainAccess.build/Debug/KeychainAccess.build/Objects-normal/arm64/KeychainAccess.SwiftFileList --metadata-file-list /Users/nick/Library/Developer/Xcode/DerivedData/Burrow-fpkzlxmtaqbhwpggkxjmlklwglgd/Build/Intermediates.noindex/KeychainAccess.build/Debug/KeychainAccess.build/KeychainAccess.DependencyMetadataFileList --static-metadata-file-list /Users/nick/Library/Developer/Xcode/DerivedData/Burrow-fpkzlxmtaqbhwpggkxjmlklwglgd/Build/Intermediates.noindex/KeychainAccess.build/Debug/KeychainAccess.build/KeychainAccess.DependencyStaticMetadataFileList --swift-const-vals-list /Users/nick/Library/Developer/Xcode/DerivedData/Burrow-fpkzlxmtaqbhwpggkxjmlklwglgd/Build/Intermediates.noindex/KeychainAccess.build/Debug/KeychainAccess.build/Objects-normal/arm64/KeychainAccess.SwiftConstValuesFileList --force --compile-time-extraction --deployment-aware-processing --validate-assistant-intents --no-app-shortcuts-localization
2026-04-30 21:21:52.526 appintentsmetadataprocessor[51324:1817398] Starting appintentsmetadataprocessor export
2026-04-30 21:21:52.540 appintentsmetadataprocessor[51324:1817398] Extracted no relevant App Intents symbols, skipping writing output

RegisterExecutionPolicyException /Users/nick/Library/Developer/Xcode/DerivedData/Burrow-fpkzlxmtaqbhwpggkxjmlklwglgd/Build/Products/Debug/KeychainAccess.o (in target 'KeychainAccess' from project 'KeychainAccess')
    cd /Users/nick/Library/Developer/Xcode/DerivedData/Burrow-fpkzlxmtaqbhwpggkxjmlklwglgd/SourcePackages/checkouts/KeychainAccess
    builtin-RegisterExecutionPolicyException /Users/nick/Library/Developer/Xcode/DerivedData/Burrow-fpkzlxmtaqbhwpggkxjmlklwglgd/Build/Products/Debug/KeychainAccess.o

Ld /Users/nick/Library/Developer/Xcode/DerivedData/Burrow-fpkzlxmtaqbhwpggkxjmlklwglgd/Build/Products/Debug/Burrow.app/Contents/MacOS/__preview.dylib normal (in target 'Burrow' from project 'Burrow')
    cd /Users/nick/Desktop/cf-tunnel-menubar
    /Applications/Xcode.app/Contents/Developer/Toolchains/XcodeDefault.xctoolchain/usr/bin/clang -Xlinker -reproducible -target arm64-apple-macos14.0 -dynamiclib -isysroot /Applications/Xcode.app/Contents/Developer/Platforms/MacOSX.platform/Developer/SDKs/MacOSX26.4.sdk -O0 -L/Users/nick/Library/Developer/Xcode/DerivedData/Burrow-fpkzlxmtaqbhwpggkxjmlklwglgd/Build/Products/Debug -F/Users/nick/Library/Developer/Xcode/DerivedData/Burrow-fpkzlxmtaqbhwpggkxjmlklwglgd/Build/Products/Debug/PackageFrameworks -F/Users/nick/Library/Developer/Xcode/DerivedData/Burrow-fpkzlxmtaqbhwpggkxjmlklwglgd/Build/Products/Debug -install_name @rpath/Burrow.debug.dylib -rdynamic -Xlinker -no_deduplicate -Xlinker -dependency_info -Xlinker /Users/nick/Library/Developer/Xcode/DerivedData/Burrow-fpkzlxmtaqbhwpggkxjmlklwglgd/Build/Intermediates.noindex/Burrow.build/Debug/Burrow.build/Objects-normal/arm64/Burrow_dependency_info.dat -Xlinker -no_adhoc_codesign -o /Users/nick/Library/Developer/Xcode/DerivedData/Burrow-fpkzlxmtaqbhwpggkxjmlklwglgd/Build/Products/Debug/Burrow.app/Contents/MacOS/__preview.dylib

ProcessInfoPlistFile /Users/nick/Library/Developer/Xcode/DerivedData/Burrow-fpkzlxmtaqbhwpggkxjmlklwglgd/Build/Products/Debug/Burrow.app/Contents/Info.plist /Users/nick/Desktop/cf-tunnel-menubar/Resources/Info.plist (in target 'Burrow' from project 'Burrow')
    cd /Users/nick/Desktop/cf-tunnel-menubar
    builtin-infoPlistUtility /Users/nick/Desktop/cf-tunnel-menubar/Resources/Info.plist -producttype com.apple.product-type.application -genpkginfo /Users/nick/Library/Developer/Xcode/DerivedData/Burrow-fpkzlxmtaqbhwpggkxjmlklwglgd/Build/Products/Debug/Burrow.app/Contents/PkgInfo -expandbuildsettings -platform macosx -o /Users/nick/Library/Developer/Xcode/DerivedData/Burrow-fpkzlxmtaqbhwpggkxjmlklwglgd/Build/Products/Debug/Burrow.app/Contents/Info.plist

SwiftExplicitDependencyGeneratePcm arm64 /Users/nick/Library/Developer/Xcode/DerivedData/ModuleCache.noindex/CoreGraphics-2LNAZA9AQQ6KKBPU7F7KHRZQ2.pcm

SwiftExplicitDependencyGeneratePcm arm64 /Users/nick/Library/Developer/Xcode/DerivedData/ModuleCache.noindex/DiskArbitration-4EPGRZN8ON5LG0PDEMGCP7NC2.pcm

SwiftExplicitDependencyGeneratePcm arm64 /Users/nick/Library/Developer/Xcode/DerivedData/ModuleCache.noindex/CoreServices-962M0U9ZVBPEPFBKJR0FZTQEW.pcm

SwiftExplicitDependencyGeneratePcm arm64 /Users/nick/Library/Developer/Xcode/DerivedData/ModuleCache.noindex/ImageIO-7NCMNY0T3S4SQ05YOU2DOLM43.pcm

SwiftExplicitDependencyGeneratePcm arm64 /Users/nick/Library/Developer/Xcode/DerivedData/ModuleCache.noindex/CoreText-A08WY56SM24YQVIEQGV4SLDZ9.pcm

SwiftExplicitDependencyGeneratePcm arm64 /Users/nick/Library/Developer/Xcode/DerivedData/ModuleCache.noindex/Foundation-ZEZRL1DWPFIUE3568N4DD89.pcm

SwiftExplicitDependencyGeneratePcm arm64 /Users/nick/Library/Developer/Xcode/DerivedData/ModuleCache.noindex/DataDetection-96FUS69DFHC13OTK8BX5TXND.pcm

SwiftExplicitDependencyGeneratePcm arm64 /Users/nick/Library/Developer/Xcode/DerivedData/ModuleCache.noindex/Accessibility-CZM3ZD125F2Y0L9W5F7ZISE3V.pcm

SwiftExplicitDependencyGeneratePcm arm64 /Users/nick/Library/Developer/Xcode/DerivedData/ModuleCache.noindex/ServiceManagement-70H9R2KY304M01ID8TOSYSS1Y.pcm

SwiftExplicitDependencyGeneratePcm arm64 /Users/nick/Library/Developer/Xcode/DerivedData/ModuleCache.noindex/OSLog-EY0M39MGQ4M1YOIQSVCA9AZ5S.pcm

SwiftExplicitDependencyGeneratePcm arm64 /Users/nick/Library/Developer/Xcode/DerivedData/ModuleCache.noindex/IOSurface-E7F16D93951SHAV6GWAQ1P91B.pcm

SwiftExplicitDependencyGeneratePcm arm64 /Users/nick/Library/Developer/Xcode/DerivedData/ModuleCache.noindex/Symbols-3PEY3WN45LT1FZRTB9N8KXFUN.pcm

SwiftExplicitDependencyGeneratePcm arm64 /Users/nick/Library/Developer/Xcode/DerivedData/ModuleCache.noindex/CoreTransferable-CJCAU7DIZN4WC800LRYDZJEV.pcm

SwiftExplicitDependencyGeneratePcm arm64 /Users/nick/Library/Developer/Xcode/DerivedData/ModuleCache.noindex/ApplicationServices-8E1RFORDWPDUM7Q1M4U1XQVS5.pcm

SwiftExplicitDependencyGeneratePcm arm64 /Users/nick/Library/Developer/Xcode/DerivedData/ModuleCache.noindex/Network-CTPTDFVUUR7HNY9UCRDJ1BX4E.pcm

SwiftExplicitDependencyGeneratePcm arm64 /Users/nick/Library/Developer/Xcode/DerivedData/ModuleCache.noindex/UniformTypeIdentifiers-CD2EXPNS4I245JD822BFHEJ8.pcm

SwiftExplicitDependencyGeneratePcm arm64 /Users/nick/Library/Developer/Xcode/DerivedData/ModuleCache.noindex/CoreData-B01BQF2CMGQWQRPJY1S8MO764.pcm

SwiftExplicitDependencyGeneratePcm arm64 /Users/nick/Library/Developer/Xcode/DerivedData/ModuleCache.noindex/Metal-ABHV81VFZGJ6NMO77EMYUZND1.pcm

SwiftExplicitDependencyGeneratePcm arm64 /Users/nick/Library/Developer/Xcode/DerivedData/ModuleCache.noindex/CoreVideo-AGSOX3VE5SP2SNV9KDKEDF0GC.pcm

SwiftExplicitDependencyGeneratePcm arm64 /Users/nick/Library/Developer/Xcode/DerivedData/ModuleCache.noindex/QuartzCore-E1EAB83Z0WD7IM6WAVM2DY4J8.pcm

SwiftExplicitDependencyGeneratePcm arm64 /Users/nick/Library/Developer/Xcode/DerivedData/ModuleCache.noindex/CoreImage-6EO750CZ8WNNKTJFMEVCO6QHB.pcm

SwiftExplicitDependencyGeneratePcm arm64 /Users/nick/Library/Developer/Xcode/DerivedData/ModuleCache.noindex/SwiftUICore-1ZK1Y2DQHFUXLWQF7KHMADND2.pcm

SwiftExplicitDependencyGeneratePcm arm64 /Users/nick/Library/Developer/Xcode/DerivedData/ModuleCache.noindex/AppKit-ETETYSYWHUCUD773PVD2VQ7AA.pcm

SwiftExplicitDependencyGeneratePcm arm64 /Users/nick/Library/Developer/Xcode/DerivedData/ModuleCache.noindex/SwiftUI-C77C1WYG3ACTZMMN253QU5YTO.pcm

SwiftEmitModule normal arm64 Emitting\ module\ for\ Burrow (in target 'Burrow' from project 'Burrow')

EmitSwiftModule normal arm64 (in target 'Burrow' from project 'Burrow')
    cd /Users/nick/Desktop/cf-tunnel-menubar
    
/Users/nick/Desktop/cf-tunnel-menubar/Sources/App/CFTunnelApp.swift:14:1: error: 'main' attribute can only apply to one type in a module
@main
^
/Users/nick/Desktop/cf-tunnel-menubar/Sources/PersistRunner/PersistRunner.swift:10:1: error: 'main' attribute can only apply to one type in a module
@main
^

Failed frontend command:
/Applications/Xcode.app/Contents/Developer/Toolchains/XcodeDefault.xctoolchain/usr/bin/swift-frontend -frontend -emit-module -experimental-skip-non-inlinable-function-bodies-without-types /Users/nick/Desktop/cf-tunnel-menubar/Sources/CloudflareAPI/Models/APIEnvelope.swift /Users/nick/Desktop/cf-tunnel-menubar/Sources/CloudflareAPI/Models/Account.swift /Users/nick/Desktop/cf-tunnel-menubar/Sources/UI/FirstRun/Steps/AccountZoneStep.swift /Users/nick/Desktop/cf-tunnel-menubar/Sources/UI/Settings/AdvancedTab.swift /Users/nick/Desktop/cf-tunnel-menubar/Sources/App/AppDelegate.swift /Users/nick/Desktop/cf-tunnel-menubar/Sources/TunnelCore/BinaryLocator.swift /Users/nick/Desktop/cf-tunnel-menubar/Sources/App/CFTunnelApp.swift /Users/nick/Desktop/cf-tunnel-menubar/Sources/CloudflareAPI/CloudflareClient.swift /Users/nick/Desktop/cf-tunnel-menubar/Sources/CloudflareAPI/CloudflareError.swift /Users/nick/Desktop/cf-tunnel-menubar/Sources/UI/Settings/CloudflareTab.swift /Users/nick/Desktop/cf-tunnel-menubar/Sources/UI/FirstRun/Steps/CloudflaredCheckStep.swift /Users/nick/Desktop/cf-tunnel-menubar/Sources/TunnelCore/CloudflaredManager.swift /Users/nick/Desktop/cf-tunnel-menubar/Sources/UI/FirstRun/Steps/CreateTunnelStep.swift /Users/nick/Desktop/cf-tunnel-menubar/Sources/CloudflareAPI/Models/DNSRecord.swift /Users/nick/Desktop/cf-tunnel-menubar/Sources/UI/Settings/DNSTab.swift /Users/nick/Desktop/cf-tunnel-menubar/Sources/UI/Helpers/DocsDeepLink.swift /Users/nick/Desktop/cf-tunnel-menubar/Sources/UI/FirstRun/Steps/DoneStep.swift /Users/nick/Desktop/cf-tunnel-menubar/Sources/CloudflareAPI/Endpoints.swift /Users/nick/Desktop/cf-tunnel-menubar/Sources/UI/Settings/GeneralTab.swift /Users/nick/Desktop/cf-tunnel-menubar/Sources/TunnelCore/IngressConfigBuilder.swift /Users/nick/Desktop/cf-tunnel-menubar/Sources/Keychain/KeychainService.swift /Users/nick/Desktop/cf-tunnel-menubar/Sources/Logging/Log.swift /Users/nick/Desktop/cf-tunnel-menubar/Sources/UI/MenuBar/MenuBarContentView.swift /Users/nick/Desktop/cf-tunnel-menubar/Sources/Networking/NetworkMonitor.swift /Users/nick/Desktop/cf-tunnel-menubar/Sources/PersistRunner/PersistRunner.swift /Users/nick/Desktop/cf-tunnel-menubar/Sources/Networking/PowerObserver.swift /Users/nick/Desktop/cf-tunnel-menubar/Sources/Preferences/PreferencesStore.swift /Users/nick/Desktop/cf-tunnel-menubar/Sources/UI/Settings/SettingsView.swift /Users/nick/Desktop/cf-tunnel-menubar/Sources/UI/FirstRun/Steps/SubdomainStep.swift /Users/nick/Desktop/cf-tunnel-menubar/Sources/UI/FirstRun/Steps/TokenStep.swift /Users/nick/Desktop/cf-tunnel-menubar/Sources/CloudflareAPI/Models/TokenVerify.swift /Users/nick/Desktop/cf-tunnel-menubar/Sources/CloudflareAPI/Models/Tunnel.swift /Users/nick/Desktop/cf-tunnel-menubar/Sources/TunnelCore/TunnelState.swift /Users/nick/Desktop/cf-tunnel-menubar/Sources/UI/Settings/TunnelTab.swift /Users/nick/Desktop/cf-tunnel-menubar/Sources/UI/FirstRun/Steps/WelcomeStep.swift /Users/nick/Desktop/cf-tunnel-menubar/Sources/UI/FirstRun/WizardCoordinator.swift /Users/nick/Desktop/cf-tunnel-menubar/Sources/CloudflareAPI/Models/Zone.swift -target arm64-apple-macos14.0 -load-resolved-plugin /Applications/Xcode.app/Contents/Developer/Platforms/MacOSX.platform/Developer/usr/lib/swift/host/plugins/libFoundationMacros.dylib\#/Applications/Xcode.app/Contents/Developer/Platforms/MacOSX.platform/Developer/usr/bin/swift-plugin-server\#FoundationMacros -load-resolved-plugin /Applications/Xcode.app/Contents/Developer/Platforms/MacOSX.platform/Developer/usr/lib/swift/host/plugins/libObservationMacros.dylib\#/Applications/Xcode.app/Contents/Developer/Platforms/MacOSX.platform/Developer/usr/bin/swift-plugin-server\#ObservationMacros -load-resolved-plugin /Applications/Xcode.app/Contents/Developer/Platforms/MacOSX.platform/Developer/usr/lib/swift/host/plugins/libPreviewsMacros.dylib\#/Applications/Xcode.app/Contents/Developer/Platforms/MacOSX.platform/Developer/usr/bin/swift-plugin-server\#PreviewsMacros -load-resolved-plugin /Applications/Xcode.app/Contents/Developer/Platforms/MacOSX.platform/Developer/usr/lib/swift/host/plugins/libSwiftMacros.dylib\#/Applications/Xcode.app/Contents/Developer/Platforms/MacOSX.platform/Developer/usr/bin/swift-plugin-server\#SwiftMacros -load-resolved-plugin /Applications/Xcode.app/Contents/Developer/Platforms/MacOSX.platform/Developer/usr/lib/swift/host/plugins/libSwiftUIMacros.dylib\#/Applications/Xcode.app/Contents/Developer/Platforms/MacOSX.platform/Developer/usr/bin/swift-plugin-server\#SwiftUIMacros -disable-implicit-swift-modules -Xcc -fno-implicit-modules -Xcc -fno-implicit-module-maps -explicit-swift-module-map-file /Users/nick/Library/Developer/Xcode/DerivedData/Burrow-fpkzlxmtaqbhwpggkxjmlklwglgd/Build/Intermediates.noindex/Burrow.build/Debug/Burrow.build/Objects-normal/arm64/Burrow-dependencies-1.json -Xllvm -aarch64-use-tbi -enable-objc-interop -stack-check -sdk /Applications/Xcode.app/Contents/Developer/Platforms/MacOSX.platform/Developer/SDKs/MacOSX26.4.sdk -I /Users/nick/Library/Developer/Xcode/DerivedData/Burrow-fpkzlxmtaqbhwpggkxjmlklwglgd/Build/Products/Debug -F /Users/nick/Library/Developer/Xcode/DerivedData/Burrow-fpkzlxmtaqbhwpggkxjmlklwglgd/Build/Products/Debug/PackageFrameworks -F /Users/nick/Library/Developer/Xcode/DerivedData/Burrow-fpkzlxmtaqbhwpggkxjmlklwglgd/Build/Products/Debug -no-color-diagnostics -Xcc -fno-color-diagnostics -enable-testing -g -debug-info-format\=dwarf -dwarf-version\=4 -module-cache-path /Users/nick/Library/Developer/Xcode/DerivedData/Burrow-fpkzlxmtaqbhwpggkxjmlklwglgd/Build/Intermediates.noindex/SwiftExplicitPrecompiledModules -swift-version 5 -Onone -D DEBUG -serialize-debugging-options -const-gather-protocols-file /Users/nick/Library/Developer/Xcode/DerivedData/Burrow-fpkzlxmtaqbhwpggkxjmlklwglgd/Build/Intermediates.noindex/Burrow.build/Debug/Burrow.build/Objects-normal/arm64/Burrow_const_extract_protocols.json -enable-experimental-feature DebugDescriptionMacro -enable-bare-slash-regex -empty-abi-descriptor -validate-clang-modules-once -clang-build-session-file /Users/nick/Library/Developer/Xcode/DerivedData/ModuleCache.noindex/Session.modulevalidation -Xcc -working-directory -Xcc /Users/nick/Desktop/cf-tunnel-menubar -enable-anonymous-context-mangled-names -file-compilation-dir /Users/nick/Desktop/cf-tunnel-menubar -Xcc -D_LIBCPP_HARDENING_MODE\=_LIBCPP_HARDENING_MODE_DEBUG -Xcc -ivfsstatcache -Xcc /Users/nick/Library/Developer/Xcode/DerivedData/SDKStatCaches.noindex/macosx26.4-25E251-30f9ca8789b706f8bd3fc906a70d770f.sdkstatcache -Xcc -I/Users/nick/Library/Developer/Xcode/DerivedData/Burrow-fpkzlxmtaqbhwpggkxjmlklwglgd/Build/Intermediates.noindex/Burrow.build/Debug/Burrow.build/swift-overrides.hmap -Xcc -iquote -Xcc /Users/nick/Library/Developer/Xcode/DerivedData/Burrow-fpkzlxmtaqbhwpggkxjmlklwglgd/Build/Intermediates.noindex/Burrow.build/Debug/Burrow.build/Burrow-generated-files.hmap -Xcc -I/Users/nick/Library/Developer/Xcode/DerivedData/Burrow-fpkzlxmtaqbhwpggkxjmlklwglgd/Build/Intermediates.noindex/Burrow.build/Debug/Burrow.build/Burrow-own-target-headers.hmap -Xcc -I/Users/nick/Library/Developer/Xcode/DerivedData/Burrow-fpkzlxmtaqbhwpggkxjmlklwglgd/Build/Intermediates.noindex/Burrow.build/Debug/Burrow.build/Burrow-all-non-framework-target-headers.hmap -Xcc -ivfsoverlay -Xcc /Users/nick/Library/Developer/Xcode/DerivedData/Burrow-fpkzlxmtaqbhwpggkxjmlklwglgd/Build/Intermediates.noindex/Burrow.build/Debug/Burrow-d39d63d28bddfedf4cbd8e3d6ddebca5-VFS/all-product-headers.yaml -Xcc -iquote -Xcc /Users/nick/Library/Developer/Xcode/DerivedData/Burrow-fpkzlxmtaqbhwpggkxjmlklwglgd/Build/Intermediates.noindex/Burrow.build/Debug/Burrow.build/Burrow-project-headers.hmap -Xcc -I/Users/nick/Library/Developer/Xcode/DerivedData/Burrow-fpkzlxmtaqbhwpggkxjmlklwglgd/Build/Products/Debug/include -Xcc -I/Users/nick/Library/Developer/Xcode/DerivedData/Burrow-fpkzlxmtaqbhwpggkxjmlklwglgd/Build/Intermediates.noindex/Burrow.build/Debug/Burrow.build/DerivedSources-normal/arm64 -Xcc -I/Users/nick/Library/Developer/Xcode/DerivedData/Burrow-fpkzlxmtaqbhwpggkxjmlklwglgd/Build/Intermediates.noindex/Burrow.build/Debug/Burrow.build/DerivedSources/arm64 -Xcc -I/Users/nick/Library/Developer/Xcode/DerivedData/Burrow-fpkzlxmtaqbhwpggkxjmlklwglgd/Build/Intermediates.noindex/Burrow.build/Debug/Burrow.build/DerivedSources -Xcc -DDEBUG\=1 -no-auto-bridging-header-chaining -module-name Burrow -frontend-parseable-output -disable-clang-spi -clang-target arm64-apple-macos26.4 -target-sdk-version 26.4 -target-sdk-name macosx26.4 -in-process-plugin-server-path /Applications/Xcode.app/Contents/Developer/Toolchains/XcodeDefault.xctoolchain/usr/lib/swift/host/libSwiftInProcPluginServer.dylib -emit-module-doc-path /Users/nick/Library/Developer/Xcode/DerivedData/Burrow-fpkzlxmtaqbhwpggkxjmlklwglgd/Build/Intermediates.noindex/Burrow.build/Debug/Burrow.build/Objects-normal/arm64/Burrow.swiftdoc -emit-module-source-info-path /Users/nick/Library/Developer/Xcode/DerivedData/Burrow-fpkzlxmtaqbhwpggkxjmlklwglgd/Build/Intermediates.noindex/Burrow.build/Debug/Burrow.build/Objects-normal/arm64/Burrow.swiftsourceinfo -emit-objc-header-path /Users/nick/Library/Developer/Xcode/DerivedData/Burrow-fpkzlxmtaqbhwpggkxjmlklwglgd/Build/Intermediates.noindex/Burrow.build/Debug/Burrow.build/Objects-normal/arm64/Burrow-Swift.h -serialize-diagnostics-path /Users/nick/Library/Developer/Xcode/DerivedData/Burrow-fpkzlxmtaqbhwpggkxjmlklwglgd/Build/Intermediates.noindex/Burrow.build/Debug/Burrow.build/Objects-normal/arm64/Burrow-primary-emit-module.dia -emit-dependencies-path /Users/nick/Library/Developer/Xcode/DerivedData/Burrow-fpkzlxmtaqbhwpggkxjmlklwglgd/Build/Intermediates.noindex/Burrow.build/Debug/Burrow.build/Objects-normal/arm64/Burrow-primary-emit-module.d -o /Users/nick/Library/Developer/Xcode/DerivedData/Burrow-fpkzlxmtaqbhwpggkxjmlklwglgd/Build/Intermediates.noindex/Burrow.build/Debug/Burrow.build/Objects-normal/arm64/Burrow.swiftmodule -emit-abi-descriptor-path /Users/nick/Library/Developer/Xcode/DerivedData/Burrow-fpkzlxmtaqbhwpggkxjmlklwglgd/Build/Intermediates.noindex/Burrow.build/Debug/Burrow.build/Objects-normal/arm64/Burrow.abi.json
SwiftCompile normal arm64 Compiling\ PowerObserver.swift,\ PreferencesStore.swift /Users/nick/Desktop/cf-tunnel-menubar/Sources/Networking/PowerObserver.swift /Users/nick/Desktop/cf-tunnel-menubar/Sources/Preferences/PreferencesStore.swift (in target 'Burrow' from project 'Burrow')
SwiftCompile normal arm64 /Users/nick/Desktop/cf-tunnel-menubar/Sources/Networking/PowerObserver.swift (in target 'Burrow' from project 'Burrow')
    cd /Users/nick/Desktop/cf-tunnel-menubar
    

SwiftCompile normal arm64 /Users/nick/Desktop/cf-tunnel-menubar/Sources/Preferences/PreferencesStore.swift (in target 'Burrow' from project 'Burrow')
    cd /Users/nick/Desktop/cf-tunnel-menubar
    

SwiftCompile normal arm64 Compiling\ Tunnel.swift,\ TunnelState.swift /Users/nick/Desktop/cf-tunnel-menubar/Sources/CloudflareAPI/Models/Tunnel.swift /Users/nick/Desktop/cf-tunnel-menubar/Sources/TunnelCore/TunnelState.swift (in target 'Burrow' from project 'Burrow')

SwiftCompile normal arm64 /Users/nick/Desktop/cf-tunnel-menubar/Sources/CloudflareAPI/Models/Tunnel.swift (in target 'Burrow' from project 'Burrow')
    cd /Users/nick/Desktop/cf-tunnel-menubar
    

SwiftCompile normal arm64 /Users/nick/Desktop/cf-tunnel-menubar/Sources/TunnelCore/TunnelState.swift (in target 'Burrow' from project 'Burrow')
    cd /Users/nick/Desktop/cf-tunnel-menubar
    

SwiftCompile normal arm64 Compiling\ CreateTunnelStep.swift,\ DNSRecord.swift,\ DNSTab.swift /Users/nick/Desktop/cf-tunnel-menubar/Sources/UI/FirstRun/Steps/CreateTunnelStep.swift /Users/nick/Desktop/cf-tunnel-menubar/Sources/CloudflareAPI/Models/DNSRecord.swift /Users/nick/Desktop/cf-tunnel-menubar/Sources/UI/Settings/DNSTab.swift (in target 'Burrow' from project 'Burrow')
SwiftCompile normal arm64 /Users/nick/Desktop/cf-tunnel-menubar/Sources/UI/FirstRun/Steps/CreateTunnelStep.swift (in target 'Burrow' from project 'Burrow')
    cd /Users/nick/Desktop/cf-tunnel-menubar
    

SwiftCompile normal arm64 /Users/nick/Desktop/cf-tunnel-menubar/Sources/CloudflareAPI/Models/DNSRecord.swift (in target 'Burrow' from project 'Burrow')
    cd /Users/nick/Desktop/cf-tunnel-menubar
    

SwiftCompile normal arm64 /Users/nick/Desktop/cf-tunnel-menubar/Sources/UI/Settings/DNSTab.swift (in target 'Burrow' from project 'Burrow')
    cd /Users/nick/Desktop/cf-tunnel-menubar
    

SwiftCompile normal arm64 Compiling\ CFTunnelApp.swift,\ CloudflareClient.swift,\ CloudflareError.swift /Users/nick/Desktop/cf-tunnel-menubar/Sources/App/CFTunnelApp.swift /Users/nick/Desktop/cf-tunnel-menubar/Sources/CloudflareAPI/CloudflareClient.swift /Users/nick/Desktop/cf-tunnel-menubar/Sources/CloudflareAPI/CloudflareError.swift (in target 'Burrow' from project 'Burrow')
SwiftCompile normal arm64 /Users/nick/Desktop/cf-tunnel-menubar/Sources/App/CFTunnelApp.swift (in target 'Burrow' from project 'Burrow')
    cd /Users/nick/Desktop/cf-tunnel-menubar
    

SwiftCompile normal arm64 /Users/nick/Desktop/cf-tunnel-menubar/Sources/CloudflareAPI/CloudflareClient.swift (in target 'Burrow' from project 'Burrow')
    cd /Users/nick/Desktop/cf-tunnel-menubar
    

SwiftCompile normal arm64 /Users/nick/Desktop/cf-tunnel-menubar/Sources/CloudflareAPI/CloudflareError.swift (in target 'Burrow' from project 'Burrow')
    cd /Users/nick/Desktop/cf-tunnel-menubar
    

SwiftCompile normal arm64 Compiling\ APIEnvelope.swift,\ Account.swift,\ AccountZoneStep.swift /Users/nick/Desktop/cf-tunnel-menubar/Sources/CloudflareAPI/Models/APIEnvelope.swift /Users/nick/Desktop/cf-tunnel-menubar/Sources/CloudflareAPI/Models/Account.swift /Users/nick/Desktop/cf-tunnel-menubar/Sources/UI/FirstRun/Steps/AccountZoneStep.swift (in target 'Burrow' from project 'Burrow')
SwiftCompile normal arm64 /Users/nick/Desktop/cf-tunnel-menubar/Sources/CloudflareAPI/Models/APIEnvelope.swift (in target 'Burrow' from project 'Burrow')
    cd /Users/nick/Desktop/cf-tunnel-menubar
    

SwiftCompile normal arm64 /Users/nick/Desktop/cf-tunnel-menubar/Sources/CloudflareAPI/Models/Account.swift (in target 'Burrow' from project 'Burrow')
    cd /Users/nick/Desktop/cf-tunnel-menubar
    

SwiftCompile normal arm64 /Users/nick/Desktop/cf-tunnel-menubar/Sources/UI/FirstRun/Steps/AccountZoneStep.swift (in target 'Burrow' from project 'Burrow')
    cd /Users/nick/Desktop/cf-tunnel-menubar
    

SwiftCompile normal arm64 Compiling\ AdvancedTab.swift,\ AppDelegate.swift,\ BinaryLocator.swift /Users/nick/Desktop/cf-tunnel-menubar/Sources/UI/Settings/AdvancedTab.swift /Users/nick/Desktop/cf-tunnel-menubar/Sources/App/AppDelegate.swift /Users/nick/Desktop/cf-tunnel-menubar/Sources/TunnelCore/BinaryLocator.swift (in target 'Burrow' from project 'Burrow')

SwiftCompile normal arm64 /Users/nick/Desktop/cf-tunnel-menubar/Sources/UI/Settings/AdvancedTab.swift (in target 'Burrow' from project 'Burrow')
    cd /Users/nick/Desktop/cf-tunnel-menubar
    

SwiftCompile normal arm64 /Users/nick/Desktop/cf-tunnel-menubar/Sources/App/AppDelegate.swift (in target 'Burrow' from project 'Burrow')
    cd /Users/nick/Desktop/cf-tunnel-menubar
    

SwiftCompile normal arm64 /Users/nick/Desktop/cf-tunnel-menubar/Sources/TunnelCore/BinaryLocator.swift (in target 'Burrow' from project 'Burrow')
    cd /Users/nick/Desktop/cf-tunnel-menubar
    

SwiftCompile normal arm64 Compiling\ CloudflareTab.swift,\ CloudflaredCheckStep.swift,\ CloudflaredManager.swift /Users/nick/Desktop/cf-tunnel-menubar/Sources/UI/Settings/CloudflareTab.swift /Users/nick/Desktop/cf-tunnel-menubar/Sources/UI/FirstRun/Steps/CloudflaredCheckStep.swift /Users/nick/Desktop/cf-tunnel-menubar/Sources/TunnelCore/CloudflaredManager.swift (in target 'Burrow' from project 'Burrow')

SwiftCompile normal arm64 /Users/nick/Desktop/cf-tunnel-menubar/Sources/UI/Settings/CloudflareTab.swift (in target 'Burrow' from project 'Burrow')
    cd /Users/nick/Desktop/cf-tunnel-menubar
    

SwiftCompile normal arm64 /Users/nick/Desktop/cf-tunnel-menubar/Sources/UI/FirstRun/Steps/CloudflaredCheckStep.swift (in target 'Burrow' from project 'Burrow')
    cd /Users/nick/Desktop/cf-tunnel-menubar
    

SwiftCompile normal arm64 /Users/nick/Desktop/cf-tunnel-menubar/Sources/TunnelCore/CloudflaredManager.swift (in target 'Burrow' from project 'Burrow')
    cd /Users/nick/Desktop/cf-tunnel-menubar
    

SwiftCompile normal arm64 Compiling\ TokenStep.swift,\ TokenVerify.swift /Users/nick/Desktop/cf-tunnel-menubar/Sources/UI/FirstRun/Steps/TokenStep.swift /Users/nick/Desktop/cf-tunnel-menubar/Sources/CloudflareAPI/Models/TokenVerify.swift (in target 'Burrow' from project 'Burrow')

SwiftCompile normal arm64 /Users/nick/Desktop/cf-tunnel-menubar/Sources/UI/FirstRun/Steps/TokenStep.swift (in target 'Burrow' from project 'Burrow')
    cd /Users/nick/Desktop/cf-tunnel-menubar
    

SwiftCompile normal arm64 /Users/nick/Desktop/cf-tunnel-menubar/Sources/CloudflareAPI/Models/TokenVerify.swift (in target 'Burrow' from project 'Burrow')
    cd /Users/nick/Desktop/cf-tunnel-menubar
    

SwiftCompile normal arm64 Compiling\ Endpoints.swift,\ GeneralTab.swift /Users/nick/Desktop/cf-tunnel-menubar/Sources/CloudflareAPI/Endpoints.swift /Users/nick/Desktop/cf-tunnel-menubar/Sources/UI/Settings/GeneralTab.swift (in target 'Burrow' from project 'Burrow')

SwiftCompile normal arm64 /Users/nick/Desktop/cf-tunnel-menubar/Sources/CloudflareAPI/Endpoints.swift (in target 'Burrow' from project 'Burrow')
    cd /Users/nick/Desktop/cf-tunnel-menubar
    

SwiftCompile normal arm64 /Users/nick/Desktop/cf-tunnel-menubar/Sources/UI/Settings/GeneralTab.swift (in target 'Burrow' from project 'Burrow')
    cd /Users/nick/Desktop/cf-tunnel-menubar
    

SwiftCompile normal arm64 Compiling\ DocsDeepLink.swift,\ DoneStep.swift /Users/nick/Desktop/cf-tunnel-menubar/Sources/UI/Helpers/DocsDeepLink.swift /Users/nick/Desktop/cf-tunnel-menubar/Sources/UI/FirstRun/Steps/DoneStep.swift (in target 'Burrow' from project 'Burrow')

SwiftCompile normal arm64 /Users/nick/Desktop/cf-tunnel-menubar/Sources/UI/Helpers/DocsDeepLink.swift (in target 'Burrow' from project 'Burrow')
    cd /Users/nick/Desktop/cf-tunnel-menubar
    

SwiftCompile normal arm64 /Users/nick/Desktop/cf-tunnel-menubar/Sources/UI/FirstRun/Steps/DoneStep.swift (in target 'Burrow' from project 'Burrow')
    cd /Users/nick/Desktop/cf-tunnel-menubar
    

SwiftCompile normal arm64 Compiling\ NetworkMonitor.swift,\ PersistRunner.swift /Users/nick/Desktop/cf-tunnel-menubar/Sources/Networking/NetworkMonitor.swift /Users/nick/Desktop/cf-tunnel-menubar/Sources/PersistRunner/PersistRunner.swift (in target 'Burrow' from project 'Burrow')
SwiftCompile normal arm64 /Users/nick/Desktop/cf-tunnel-menubar/Sources/Networking/NetworkMonitor.swift (in target 'Burrow' from project 'Burrow')
    cd /Users/nick/Desktop/cf-tunnel-menubar
    

SwiftCompile normal arm64 /Users/nick/Desktop/cf-tunnel-menubar/Sources/PersistRunner/PersistRunner.swift (in target 'Burrow' from project 'Burrow')
    cd /Users/nick/Desktop/cf-tunnel-menubar
    

SwiftCompile normal arm64 Compiling\ TunnelTab.swift,\ WelcomeStep.swift /Users/nick/Desktop/cf-tunnel-menubar/Sources/UI/Settings/TunnelTab.swift /Users/nick/Desktop/cf-tunnel-menubar/Sources/UI/FirstRun/Steps/WelcomeStep.swift (in target 'Burrow' from project 'Burrow')

SwiftCompile normal arm64 /Users/nick/Desktop/cf-tunnel-menubar/Sources/UI/Settings/TunnelTab.swift (in target 'Burrow' from project 'Burrow')
    cd /Users/nick/Desktop/cf-tunnel-menubar
    

SwiftCompile normal arm64 /Users/nick/Desktop/cf-tunnel-menubar/Sources/UI/FirstRun/Steps/WelcomeStep.swift (in target 'Burrow' from project 'Burrow')
    cd /Users/nick/Desktop/cf-tunnel-menubar
    

SwiftCompile normal arm64 Compiling\ WizardCoordinator.swift,\ Zone.swift /Users/nick/Desktop/cf-tunnel-menubar/Sources/UI/FirstRun/WizardCoordinator.swift /Users/nick/Desktop/cf-tunnel-menubar/Sources/CloudflareAPI/Models/Zone.swift (in target 'Burrow' from project 'Burrow')

SwiftCompile normal arm64 /Users/nick/Desktop/cf-tunnel-menubar/Sources/UI/FirstRun/WizardCoordinator.swift (in target 'Burrow' from project 'Burrow')
    cd /Users/nick/Desktop/cf-tunnel-menubar
    

SwiftCompile normal arm64 /Users/nick/Desktop/cf-tunnel-menubar/Sources/CloudflareAPI/Models/Zone.swift (in target 'Burrow' from project 'Burrow')
    cd /Users/nick/Desktop/cf-tunnel-menubar
    

SwiftCompile normal arm64 Compiling\ IngressConfigBuilder.swift,\ KeychainService.swift /Users/nick/Desktop/cf-tunnel-menubar/Sources/TunnelCore/IngressConfigBuilder.swift /Users/nick/Desktop/cf-tunnel-menubar/Sources/Keychain/KeychainService.swift (in target 'Burrow' from project 'Burrow')

SwiftCompile normal arm64 /Users/nick/Desktop/cf-tunnel-menubar/Sources/TunnelCore/IngressConfigBuilder.swift (in target 'Burrow' from project 'Burrow')
    cd /Users/nick/Desktop/cf-tunnel-menubar
    

SwiftCompile normal arm64 /Users/nick/Desktop/cf-tunnel-menubar/Sources/Keychain/KeychainService.swift (in target 'Burrow' from project 'Burrow')
    cd /Users/nick/Desktop/cf-tunnel-menubar
    

SwiftCompile normal arm64 Compiling\ SettingsView.swift,\ SubdomainStep.swift /Users/nick/Desktop/cf-tunnel-menubar/Sources/UI/Settings/SettingsView.swift /Users/nick/Desktop/cf-tunnel-menubar/Sources/UI/FirstRun/Steps/SubdomainStep.swift (in target 'Burrow' from project 'Burrow')

SwiftCompile normal arm64 /Users/nick/Desktop/cf-tunnel-menubar/Sources/UI/Settings/SettingsView.swift (in target 'Burrow' from project 'Burrow')
    cd /Users/nick/Desktop/cf-tunnel-menubar
    

SwiftCompile normal arm64 /Users/nick/Desktop/cf-tunnel-menubar/Sources/UI/FirstRun/Steps/SubdomainStep.swift (in target 'Burrow' from project 'Burrow')
    cd /Users/nick/Desktop/cf-tunnel-menubar
    

SwiftCompile normal arm64 Compiling\ Log.swift,\ MenuBarContentView.swift /Users/nick/Desktop/cf-tunnel-menubar/Sources/Logging/Log.swift /Users/nick/Desktop/cf-tunnel-menubar/Sources/UI/MenuBar/MenuBarContentView.swift (in target 'Burrow' from project 'Burrow')

SwiftCompile normal arm64 /Users/nick/Desktop/cf-tunnel-menubar/Sources/Logging/Log.swift (in target 'Burrow' from project 'Burrow')
    cd /Users/nick/Desktop/cf-tunnel-menubar
    

SwiftCompile normal arm64 /Users/nick/Desktop/cf-tunnel-menubar/Sources/UI/MenuBar/MenuBarContentView.swift (in target 'Burrow' from project 'Burrow')
    cd /Users/nick/Desktop/cf-tunnel-menubar
    

SwiftDriverJobDiscovery normal arm64 Compiling Tunnel.swift, TunnelState.swift (in target 'Burrow' from project 'Burrow')

note: Disabling hardened runtime with ad-hoc codesigning. (in target 'Burrow' from project 'Burrow')
** BUILD FAILED **


The following build commands failed:
	EmitSwiftModule normal arm64 (in target 'Burrow' from project 'Burrow')
	SwiftEmitModule normal arm64 Emitting\ module\ for\ Burrow (in target 'Burrow' from project 'Burrow')
	Building project Burrow with scheme Burrow and configuration Debug
(3 failures)
