Command line invocation:
    /Applications/Xcode.app/Contents/Developer/usr/bin/xcodebuild -scheme Burrow -configuration Debug -destination platform=macOS build

Resolve Package Graph


Resolved source packages:
  KeychainAccess: https://github.com/kishikawakatsumi/KeychainAccess.git @ 4.2.2

--- xcodebuild: WARNING: Using the first of multiple matching destinations:
{ platform:macOS, arch:arm64, id:00006041-001C488414FA801C, name:My Mac }
{ platform:macOS, arch:x86_64, id:00006041-001C488414FA801C, name:My Mac }
ComputePackagePrebuildTargetDependencyGraph

Prepare packages

CreateBuildRequest

SendProjectDescription

CreateBuildOperation

ComputeTargetDependencyGraph
note: Building targets in dependency order
note: Target dependency graph (3 targets)
    Target 'Burrow' in project 'Burrow'
        ➜ Explicit dependency on target 'KeychainAccess' in project 'KeychainAccess'
    Target 'KeychainAccess' in project 'KeychainAccess'
        ➜ Explicit dependency on target 'KeychainAccess' in project 'KeychainAccess'
    Target 'KeychainAccess' in project 'KeychainAccess' (no dependencies)

GatherProvisioningInputs

CreateBuildDescription

ClangStatCache /Applications/Xcode.app/Contents/Developer/Toolchains/XcodeDefault.xctoolchain/usr/bin/clang-stat-cache /Applications/Xcode.app/Contents/Developer/Platforms/MacOSX.platform/Developer/SDKs/MacOSX26.4.sdk /Users/nick/Library/Developer/Xcode/DerivedData/SDKStatCaches.noindex/macosx26.4-25E251-30f9ca8789b706f8bd3fc906a70d770f.sdkstatcache
    cd /Users/nick/Desktop/cf-tunnel-menubar/Burrow.xcodeproj
    /Applications/Xcode.app/Contents/Developer/Toolchains/XcodeDefault.xctoolchain/usr/bin/clang-stat-cache /Applications/Xcode.app/Contents/Developer/Platforms/MacOSX.platform/Developer/SDKs/MacOSX26.4.sdk -o /Users/nick/Library/Developer/Xcode/DerivedData/SDKStatCaches.noindex/macosx26.4-25E251-30f9ca8789b706f8bd3fc906a70d770f.sdkstatcache

note: Disabling hardened runtime with ad-hoc codesigning. (in target 'Burrow' from project 'Burrow')
SwiftDriver Burrow normal arm64 com.apple.xcode.tools.swift.compiler (in target 'Burrow' from project 'Burrow')
    cd /Users/nick/Desktop/cf-tunnel-menubar
    builtin-SwiftDriver -- /Applications/Xcode.app/Contents/Developer/Toolchains/XcodeDefault.xctoolchain/usr/bin/swiftc -module-name Burrow -Onone @/Users/nick/Library/Developer/Xcode/DerivedData/Burrow-fpkzlxmtaqbhwpggkxjmlklwglgd/Build/Intermediates.noindex/Burrow.build/Debug/Burrow.build/Objects-normal/arm64/Burrow.SwiftFileList -DDEBUG -enable-bare-slash-regex -enable-experimental-feature DebugDescriptionMacro -sdk /Applications/Xcode.app/Contents/Developer/Platforms/MacOSX.platform/Developer/SDKs/MacOSX26.4.sdk -target arm64-apple-macos14.0 -g -module-cache-path /Users/nick/Library/Developer/Xcode/DerivedData/ModuleCache.noindex -Xfrontend -serialize-debugging-options -enable-testing -index-store-path /Users/nick/Library/Developer/Xcode/DerivedData/Burrow-fpkzlxmtaqbhwpggkxjmlklwglgd/Index.noindex/DataStore -Xcc -D_LIBCPP_HARDENING_MODE\=_LIBCPP_HARDENING_MODE_DEBUG -swift-version 5 -I /Users/nick/Library/Developer/Xcode/DerivedData/Burrow-fpkzlxmtaqbhwpggkxjmlklwglgd/Build/Products/Debug -F /Users/nick/Library/Developer/Xcode/DerivedData/Burrow-fpkzlxmtaqbhwpggkxjmlklwglgd/Build/Products/Debug/PackageFrameworks -F /Users/nick/Library/Developer/Xcode/DerivedData/Burrow-fpkzlxmtaqbhwpggkxjmlklwglgd/Build/Products/Debug -c -j16 -enable-batch-mode -incremental -Xcc -ivfsstatcache -Xcc /Users/nick/Library/Developer/Xcode/DerivedData/SDKStatCaches.noindex/macosx26.4-25E251-30f9ca8789b706f8bd3fc906a70d770f.sdkstatcache -output-file-map /Users/nick/Library/Developer/Xcode/DerivedData/Burrow-fpkzlxmtaqbhwpggkxjmlklwglgd/Build/Intermediates.noindex/Burrow.build/Debug/Burrow.build/Objects-normal/arm64/Burrow-OutputFileMap.json -use-frontend-parseable-output -save-temps -no-color-diagnostics -explicit-module-build -module-cache-path /Users/nick/Library/Developer/Xcode/DerivedData/Burrow-fpkzlxmtaqbhwpggkxjmlklwglgd/Build/Intermediates.noindex/SwiftExplicitPrecompiledModules -clang-scanner-module-cache-path /Users/nick/Library/Developer/Xcode/DerivedData/ModuleCache.noindex -sdk-module-cache-path /Users/nick/Library/Developer/Xcode/DerivedData/ModuleCache.noindex -serialize-diagnostics -emit-dependencies -emit-module -emit-module-path /Users/nick/Library/Developer/Xcode/DerivedData/Burrow-fpkzlxmtaqbhwpggkxjmlklwglgd/Build/Intermediates.noindex/Burrow.build/Debug/Burrow.build/Objects-normal/arm64/Burrow.swiftmodule -validate-clang-modules-once -clang-build-session-file /Users/nick/Library/Developer/Xcode/DerivedData/ModuleCache.noindex/Session.modulevalidation -Xcc -I/Users/nick/Library/Developer/Xcode/DerivedData/Burrow-fpkzlxmtaqbhwpggkxjmlklwglgd/Build/Intermediates.noindex/Burrow.build/Debug/Burrow.build/swift-overrides.hmap -emit-const-values -Xfrontend -const-gather-protocols-file -Xfrontend /Users/nick/Library/Developer/Xcode/DerivedData/Burrow-fpkzlxmtaqbhwpggkxjmlklwglgd/Build/Intermediates.noindex/Burrow.build/Debug/Burrow.build/Objects-normal/arm64/Burrow_const_extract_protocols.json -Xcc -iquote -Xcc /Users/nick/Library/Developer/Xcode/DerivedData/Burrow-fpkzlxmtaqbhwpggkxjmlklwglgd/Build/Intermediates.noindex/Burrow.build/Debug/Burrow.build/Burrow-generated-files.hmap -Xcc -I/Users/nick/Library/Developer/Xcode/DerivedData/Burrow-fpkzlxmtaqbhwpggkxjmlklwglgd/Build/Intermediates.noindex/Burrow.build/Debug/Burrow.build/Burrow-own-target-headers.hmap -Xcc -I/Users/nick/Library/Developer/Xcode/DerivedData/Burrow-fpkzlxmtaqbhwpggkxjmlklwglgd/Build/Intermediates.noindex/Burrow.build/Debug/Burrow.build/Burrow-all-non-framework-target-headers.hmap -Xcc -ivfsoverlay -Xcc /Users/nick/Library/Developer/Xcode/DerivedData/Burrow-fpkzlxmtaqbhwpggkxjmlklwglgd/Build/Intermediates.noindex/Burrow.build/Debug/Burrow-d39d63d28bddfedf4cbd8e3d6ddebca5-VFS/all-product-headers.yaml -Xcc -iquote -Xcc /Users/nick/Library/Developer/Xcode/DerivedData/Burrow-fpkzlxmtaqbhwpggkxjmlklwglgd/Build/Intermediates.noindex/Burrow.build/Debug/Burrow.build/Burrow-project-headers.hmap -Xcc -I/Users/nick/Library/Developer/Xcode/DerivedData/Burrow-fpkzlxmtaqbhwpggkxjmlklwglgd/Build/Products/Debug/include -Xcc -I/Users/nick/Library/Developer/Xcode/DerivedData/Burrow-fpkzlxmtaqbhwpggkxjmlklwglgd/Build/Intermediates.noindex/Burrow.build/Debug/Burrow.build/DerivedSources-normal/arm64 -Xcc -I/Users/nick/Library/Developer/Xcode/DerivedData/Burrow-fpkzlxmtaqbhwpggkxjmlklwglgd/Build/Intermediates.noindex/Burrow.build/Debug/Burrow.build/DerivedSources/arm64 -Xcc -I/Users/nick/Library/Developer/Xcode/DerivedData/Burrow-fpkzlxmtaqbhwpggkxjmlklwglgd/Build/Intermediates.noindex/Burrow.build/Debug/Burrow.build/DerivedSources -Xcc -DDEBUG\=1 -emit-objc-header -emit-objc-header-path /Users/nick/Library/Developer/Xcode/DerivedData/Burrow-fpkzlxmtaqbhwpggkxjmlklwglgd/Build/Intermediates.noindex/Burrow.build/Debug/Burrow.build/Objects-normal/arm64/Burrow-Swift.h -working-directory /Users/nick/Desktop/cf-tunnel-menubar -experimental-emit-module-separately -disable-cmo

SwiftCompile normal arm64 Compiling\ CloudflaredManager.swift /Users/nick/Desktop/cf-tunnel-menubar/Sources/TunnelCore/CloudflaredManager.swift (in target 'Burrow' from project 'Burrow')

SwiftCompile normal arm64 /Users/nick/Desktop/cf-tunnel-menubar/Sources/TunnelCore/CloudflaredManager.swift (in target 'Burrow' from project 'Burrow')
    cd /Users/nick/Desktop/cf-tunnel-menubar
    

SwiftCompile normal arm64 Compiling\ DNSTab.swift /Users/nick/Desktop/cf-tunnel-menubar/Sources/UI/Settings/DNSTab.swift (in target 'Burrow' from project 'Burrow')

SwiftCompile normal arm64 /Users/nick/Desktop/cf-tunnel-menubar/Sources/UI/Settings/DNSTab.swift (in target 'Burrow' from project 'Burrow')
    cd /Users/nick/Desktop/cf-tunnel-menubar
    

SwiftCompile normal arm64 Compiling\ CreateTunnelStep.swift /Users/nick/Desktop/cf-tunnel-menubar/Sources/UI/FirstRun/Steps/CreateTunnelStep.swift (in target 'Burrow' from project 'Burrow')

SwiftCompile normal arm64 /Users/nick/Desktop/cf-tunnel-menubar/Sources/UI/FirstRun/Steps/CreateTunnelStep.swift (in target 'Burrow' from project 'Burrow')
    cd /Users/nick/Desktop/cf-tunnel-menubar
    
/Users/nick/Desktop/cf-tunnel-menubar/Sources/UI/FirstRun/Steps/CreateTunnelStep.swift:122:17: warning: no 'async' operations occur within 'await' expression
                await setStep(0, .running)
                ^
/Users/nick/Desktop/cf-tunnel-menubar/Sources/UI/FirstRun/Steps/CreateTunnelStep.swift:124:17: warning: no 'async' operations occur within 'await' expression
                await setStep(0, .done)
                ^
/Users/nick/Desktop/cf-tunnel-menubar/Sources/UI/FirstRun/Steps/CreateTunnelStep.swift:127:17: warning: no 'async' operations occur within 'await' expression
                await setStep(1, .running)
                ^
/Users/nick/Desktop/cf-tunnel-menubar/Sources/UI/FirstRun/Steps/CreateTunnelStep.swift:130:17: warning: no 'async' operations occur within 'await' expression
                await setStep(1, .done)
                ^
/Users/nick/Desktop/cf-tunnel-menubar/Sources/UI/FirstRun/Steps/CreateTunnelStep.swift:133:17: warning: no 'async' operations occur within 'await' expression
                await setStep(2, .running)
                ^
/Users/nick/Desktop/cf-tunnel-menubar/Sources/UI/FirstRun/Steps/CreateTunnelStep.swift:138:17: warning: no 'async' operations occur within 'await' expression
                await setStep(2, .done)
                ^
/Users/nick/Desktop/cf-tunnel-menubar/Sources/UI/FirstRun/Steps/CreateTunnelStep.swift:141:17: warning: no 'async' operations occur within 'await' expression
                await setStep(3, .running)
                ^
/Users/nick/Desktop/cf-tunnel-menubar/Sources/UI/FirstRun/Steps/CreateTunnelStep.swift:149:17: warning: no 'async' operations occur within 'await' expression
                await setStep(3, .done)
                ^
/Users/nick/Desktop/cf-tunnel-menubar/Sources/UI/FirstRun/Steps/CreateTunnelStep.swift:163:17: warning: no 'async' operations occur within 'await' expression
                await setStep(4, .running)
                ^
/Users/nick/Desktop/cf-tunnel-menubar/Sources/UI/FirstRun/Steps/CreateTunnelStep.swift:165:17: warning: no 'async' operations occur within 'await' expression
                await setStep(4, .done)
                ^
/Users/nick/Desktop/cf-tunnel-menubar/Sources/UI/FirstRun/Steps/CreateTunnelStep.swift:168:17: warning: no 'async' operations occur within 'await' expression
                await setStep(5, .running)
                ^
/Users/nick/Desktop/cf-tunnel-menubar/Sources/UI/FirstRun/Steps/CreateTunnelStep.swift:179:17: warning: no 'async' operations occur within 'await' expression
                await setStep(5, verified ? .done : .failed)
                ^
/Users/nick/Desktop/cf-tunnel-menubar/Sources/UI/FirstRun/Steps/CreateTunnelStep.swift:191:17: warning: no 'async' operations occur within 'await' expression
                await markCurrentFailed()
                ^

SwiftCompile normal arm64 Compiling\ CloudflareTab.swift /Users/nick/Desktop/cf-tunnel-menubar/Sources/UI/Settings/CloudflareTab.swift (in target 'Burrow' from project 'Burrow')
SwiftCompile normal arm64 /Users/nick/Desktop/cf-tunnel-menubar/Sources/UI/Settings/CloudflareTab.swift (in target 'Burrow' from project 'Burrow')
    cd /Users/nick/Desktop/cf-tunnel-menubar
    

SwiftCompile normal arm64 Compiling\ DashboardInlineEditors.swift /Users/nick/Desktop/cf-tunnel-menubar/Sources/UI/Dashboard/DashboardInlineEditors.swift (in target 'Burrow' from project 'Burrow')
SwiftCompile normal arm64 /Users/nick/Desktop/cf-tunnel-menubar/Sources/UI/Dashboard/DashboardInlineEditors.swift (in target 'Burrow' from project 'Burrow')
    cd /Users/nick/Desktop/cf-tunnel-menubar
    

SwiftCompile normal arm64 Compiling\ DashboardView.swift /Users/nick/Desktop/cf-tunnel-menubar/Sources/UI/Dashboard/DashboardView.swift (in target 'Burrow' from project 'Burrow')
SwiftCompile normal arm64 /Users/nick/Desktop/cf-tunnel-menubar/Sources/UI/Dashboard/DashboardView.swift (in target 'Burrow' from project 'Burrow')
    cd /Users/nick/Desktop/cf-tunnel-menubar
    

SwiftCompile normal arm64 Compiling\ MetricsClient.swift /Users/nick/Desktop/cf-tunnel-menubar/Sources/Metrics/MetricsClient.swift (in target 'Burrow' from project 'Burrow')

SwiftCompile normal arm64 /Users/nick/Desktop/cf-tunnel-menubar/Sources/Metrics/MetricsClient.swift (in target 'Burrow' from project 'Burrow')
    cd /Users/nick/Desktop/cf-tunnel-menubar
    

SwiftCompile normal arm64 Compiling\ PreferencesStore.swift /Users/nick/Desktop/cf-tunnel-menubar/Sources/Preferences/PreferencesStore.swift (in target 'Burrow' from project 'Burrow')

SwiftCompile normal arm64 /Users/nick/Desktop/cf-tunnel-menubar/Sources/Preferences/PreferencesStore.swift (in target 'Burrow' from project 'Burrow')
    cd /Users/nick/Desktop/cf-tunnel-menubar
    

SwiftCompile normal arm64 Compiling\ CFTunnelApp.swift /Users/nick/Desktop/cf-tunnel-menubar/Sources/App/CFTunnelApp.swift (in target 'Burrow' from project 'Burrow')

SwiftCompile normal arm64 /Users/nick/Desktop/cf-tunnel-menubar/Sources/App/CFTunnelApp.swift (in target 'Burrow' from project 'Burrow')
    cd /Users/nick/Desktop/cf-tunnel-menubar
    

SwiftCompile normal arm64 Compiling\ TunnelTab.swift /Users/nick/Desktop/cf-tunnel-menubar/Sources/UI/Settings/TunnelTab.swift (in target 'Burrow' from project 'Burrow')

SwiftCompile normal arm64 /Users/nick/Desktop/cf-tunnel-menubar/Sources/UI/Settings/TunnelTab.swift (in target 'Burrow' from project 'Burrow')
    cd /Users/nick/Desktop/cf-tunnel-menubar
    

SwiftCompile normal arm64 Compiling\ TunnelStateObserver.swift /Users/nick/Desktop/cf-tunnel-menubar/Sources/UI/Dashboard/TunnelStateObserver.swift (in target 'Burrow' from project 'Burrow')

SwiftCompile normal arm64 /Users/nick/Desktop/cf-tunnel-menubar/Sources/UI/Dashboard/TunnelStateObserver.swift (in target 'Burrow' from project 'Burrow')
    cd /Users/nick/Desktop/cf-tunnel-menubar
    

SwiftCompile normal arm64 Compiling\ Notifier.swift /Users/nick/Desktop/cf-tunnel-menubar/Sources/Notifications/Notifier.swift (in target 'Burrow' from project 'Burrow')

SwiftCompile normal arm64 /Users/nick/Desktop/cf-tunnel-menubar/Sources/Notifications/Notifier.swift (in target 'Burrow' from project 'Burrow')
    cd /Users/nick/Desktop/cf-tunnel-menubar
    
/Users/nick/Desktop/cf-tunnel-menubar/Sources/Notifications/Notifier.swift:32:33: warning: conformance of 'Notifier' to protocol 'UNUserNotificationCenterDelegate' crosses into main actor-isolated code and can cause data races; this is an error in the Swift 6 language mode
final class Notifier: NSObject, UNUserNotificationCenterDelegate {
                                ^
/Users/nick/Desktop/cf-tunnel-menubar/Sources/Notifications/Notifier.swift:32:33: note: isolate this conformance to the main actor with '@MainActor'
final class Notifier: NSObject, UNUserNotificationCenterDelegate {
                                ^
                                @MainActor 
/Users/nick/Desktop/cf-tunnel-menubar/Sources/Notifications/Notifier.swift:32:13: note: mark all declarations used in the conformance 'nonisolated'
final class Notifier: NSObject, UNUserNotificationCenterDelegate {
            ^
/Users/nick/Desktop/cf-tunnel-menubar/Sources/Notifications/Notifier.swift:32:33: note: turn data races into runtime errors with '@preconcurrency'
final class Notifier: NSObject, UNUserNotificationCenterDelegate {
                                ^
                                @preconcurrency 
/Users/nick/Desktop/cf-tunnel-menubar/Sources/Notifications/Notifier.swift:163:10: note: main actor-isolated instance method 'userNotificationCenter(_:willPresent:withCompletionHandler:)' cannot satisfy nonisolated requirement
    func userNotificationCenter(_ center: UNUserNotificationCenter,
         ^
/Users/nick/Desktop/cf-tunnel-menubar/Sources/Notifications/Notifier.swift:170:10: note: main actor-isolated instance method 'userNotificationCenter(_:didReceive:withCompletionHandler:)' cannot satisfy nonisolated requirement
    func userNotificationCenter(_ center: UNUserNotificationCenter,
         ^

SwiftEmitModule normal arm64 Emitting\ module\ for\ Burrow (in target 'Burrow' from project 'Burrow')

EmitSwiftModule normal arm64 (in target 'Burrow' from project 'Burrow')
    cd /Users/nick/Desktop/cf-tunnel-menubar
    
/Users/nick/Desktop/cf-tunnel-menubar/Sources/Notifications/Notifier.swift:32:33: warning: conformance of 'Notifier' to protocol 'UNUserNotificationCenterDelegate' crosses into main actor-isolated code and can cause data races; this is an error in the Swift 6 language mode
final class Notifier: NSObject, UNUserNotificationCenterDelegate {
                                ^
/Users/nick/Desktop/cf-tunnel-menubar/Sources/Notifications/Notifier.swift:32:33: note: isolate this conformance to the main actor with '@MainActor'
final class Notifier: NSObject, UNUserNotificationCenterDelegate {
                                ^
                                @MainActor 
/Users/nick/Desktop/cf-tunnel-menubar/Sources/Notifications/Notifier.swift:32:13: note: mark all declarations used in the conformance 'nonisolated'
final class Notifier: NSObject, UNUserNotificationCenterDelegate {
            ^
/Users/nick/Desktop/cf-tunnel-menubar/Sources/Notifications/Notifier.swift:32:33: note: turn data races into runtime errors with '@preconcurrency'
final class Notifier: NSObject, UNUserNotificationCenterDelegate {
                                ^
                                @preconcurrency 
/Users/nick/Desktop/cf-tunnel-menubar/Sources/Notifications/Notifier.swift:163:10: note: main actor-isolated instance method 'userNotificationCenter(_:willPresent:withCompletionHandler:)' cannot satisfy nonisolated requirement
    func userNotificationCenter(_ center: UNUserNotificationCenter,
         ^
/Users/nick/Desktop/cf-tunnel-menubar/Sources/Notifications/Notifier.swift:170:10: note: main actor-isolated instance method 'userNotificationCenter(_:didReceive:withCompletionHandler:)' cannot satisfy nonisolated requirement
    func userNotificationCenter(_ center: UNUserNotificationCenter,
         ^

SwiftCompile normal arm64 Compiling\ MenuBarContentView.swift /Users/nick/Desktop/cf-tunnel-menubar/Sources/UI/MenuBar/MenuBarContentView.swift (in target 'Burrow' from project 'Burrow')

SwiftCompile normal arm64 /Users/nick/Desktop/cf-tunnel-menubar/Sources/UI/MenuBar/MenuBarContentView.swift (in target 'Burrow' from project 'Burrow')
    cd /Users/nick/Desktop/cf-tunnel-menubar
    

SwiftCompile normal arm64 Compiling\ AppDelegate.swift /Users/nick/Desktop/cf-tunnel-menubar/Sources/App/AppDelegate.swift (in target 'Burrow' from project 'Burrow')

SwiftCompile normal arm64 /Users/nick/Desktop/cf-tunnel-menubar/Sources/App/AppDelegate.swift (in target 'Burrow' from project 'Burrow')
    cd /Users/nick/Desktop/cf-tunnel-menubar
    

SwiftCompile normal arm64 Compiling\ WizardCoordinator.swift /Users/nick/Desktop/cf-tunnel-menubar/Sources/UI/FirstRun/WizardCoordinator.swift (in target 'Burrow' from project 'Burrow')

SwiftCompile normal arm64 /Users/nick/Desktop/cf-tunnel-menubar/Sources/UI/FirstRun/WizardCoordinator.swift (in target 'Burrow' from project 'Burrow')
    cd /Users/nick/Desktop/cf-tunnel-menubar
    

SwiftCompile normal arm64 Compiling\ NetworkMonitor.swift /Users/nick/Desktop/cf-tunnel-menubar/Sources/Networking/NetworkMonitor.swift (in target 'Burrow' from project 'Burrow')

SwiftCompile normal arm64 /Users/nick/Desktop/cf-tunnel-menubar/Sources/Networking/NetworkMonitor.swift (in target 'Burrow' from project 'Burrow')
    cd /Users/nick/Desktop/cf-tunnel-menubar
    

SwiftDriverJobDiscovery normal arm64 Compiling TunnelStateObserver.swift (in target 'Burrow' from project 'Burrow')

SwiftDriverJobDiscovery normal arm64 Compiling AppDelegate.swift (in target 'Burrow' from project 'Burrow')

SwiftCompile normal arm64 Compiling\ PowerObserver.swift /Users/nick/Desktop/cf-tunnel-menubar/Sources/Networking/PowerObserver.swift (in target 'Burrow' from project 'Burrow')

SwiftCompile normal arm64 /Users/nick/Desktop/cf-tunnel-menubar/Sources/Networking/PowerObserver.swift (in target 'Burrow' from project 'Burrow')
    cd /Users/nick/Desktop/cf-tunnel-menubar
    

SwiftDriverJobDiscovery normal arm64 Compiling CFTunnelApp.swift (in target 'Burrow' from project 'Burrow')

SwiftDriverJobDiscovery normal arm64 Compiling DNSTab.swift (in target 'Burrow' from project 'Burrow')

SwiftDriverJobDiscovery normal arm64 Compiling PreferencesStore.swift (in target 'Burrow' from project 'Burrow')

SwiftCompile normal arm64 Compiling\ GeneralTab.swift /Users/nick/Desktop/cf-tunnel-menubar/Sources/UI/Settings/GeneralTab.swift (in target 'Burrow' from project 'Burrow')

SwiftCompile normal arm64 /Users/nick/Desktop/cf-tunnel-menubar/Sources/UI/Settings/GeneralTab.swift (in target 'Burrow' from project 'Burrow')
    cd /Users/nick/Desktop/cf-tunnel-menubar
    

SwiftCompile normal arm64 Compiling\ SettingsView.swift /Users/nick/Desktop/cf-tunnel-menubar/Sources/UI/Settings/SettingsView.swift (in target 'Burrow' from project 'Burrow')

SwiftCompile normal arm64 /Users/nick/Desktop/cf-tunnel-menubar/Sources/UI/Settings/SettingsView.swift (in target 'Burrow' from project 'Burrow')
    cd /Users/nick/Desktop/cf-tunnel-menubar
    

SwiftCompile normal arm64 Compiling\ DoneStep.swift /Users/nick/Desktop/cf-tunnel-menubar/Sources/UI/FirstRun/Steps/DoneStep.swift (in target 'Burrow' from project 'Burrow')

SwiftCompile normal arm64 /Users/nick/Desktop/cf-tunnel-menubar/Sources/UI/FirstRun/Steps/DoneStep.swift (in target 'Burrow' from project 'Burrow')
    cd /Users/nick/Desktop/cf-tunnel-menubar
    

SwiftCompile normal arm64 Compiling\ AdvancedTab.swift /Users/nick/Desktop/cf-tunnel-menubar/Sources/UI/Settings/AdvancedTab.swift (in target 'Burrow' from project 'Burrow')

SwiftCompile normal arm64 /Users/nick/Desktop/cf-tunnel-menubar/Sources/UI/Settings/AdvancedTab.swift (in target 'Burrow' from project 'Burrow')
    cd /Users/nick/Desktop/cf-tunnel-menubar
    

SwiftDriverJobDiscovery normal arm64 Compiling WizardCoordinator.swift (in target 'Burrow' from project 'Burrow')

SwiftDriverJobDiscovery normal arm64 Compiling MenuBarContentView.swift (in target 'Burrow' from project 'Burrow')

SwiftDriverJobDiscovery normal arm64 Compiling MetricsClient.swift (in target 'Burrow' from project 'Burrow')

SwiftDriverJobDiscovery normal arm64 Compiling CreateTunnelStep.swift (in target 'Burrow' from project 'Burrow')

SwiftDriverJobDiscovery normal arm64 Compiling TunnelTab.swift (in target 'Burrow' from project 'Burrow')

SwiftDriverJobDiscovery normal arm64 Compiling CloudflaredManager.swift (in target 'Burrow' from project 'Burrow')

SwiftDriverJobDiscovery normal arm64 Compiling PowerObserver.swift (in target 'Burrow' from project 'Burrow')

SwiftDriverJobDiscovery normal arm64 Compiling CloudflareTab.swift (in target 'Burrow' from project 'Burrow')

SwiftDriverJobDiscovery normal arm64 Compiling Notifier.swift (in target 'Burrow' from project 'Burrow')

SwiftDriverJobDiscovery normal arm64 Compiling SettingsView.swift (in target 'Burrow' from project 'Burrow')

SwiftDriverJobDiscovery normal arm64 Compiling DashboardInlineEditors.swift (in target 'Burrow' from project 'Burrow')

SwiftDriverJobDiscovery normal arm64 Emitting module for Burrow (in target 'Burrow' from project 'Burrow')

SwiftDriver\ Compilation\ Requirements Burrow normal arm64 com.apple.xcode.tools.swift.compiler (in target 'Burrow' from project 'Burrow')
    cd /Users/nick/Desktop/cf-tunnel-menubar
    builtin-Swift-Compilation-Requirements -- /Applications/Xcode.app/Contents/Developer/Toolchains/XcodeDefault.xctoolchain/usr/bin/swiftc -module-name Burrow -Onone @/Users/nick/Library/Developer/Xcode/DerivedData/Burrow-fpkzlxmtaqbhwpggkxjmlklwglgd/Build/Intermediates.noindex/Burrow.build/Debug/Burrow.build/Objects-normal/arm64/Burrow.SwiftFileList -DDEBUG -enable-bare-slash-regex -enable-experimental-feature DebugDescriptionMacro -sdk /Applications/Xcode.app/Contents/Developer/Platforms/MacOSX.platform/Developer/SDKs/MacOSX26.4.sdk -target arm64-apple-macos14.0 -g -module-cache-path /Users/nick/Library/Developer/Xcode/DerivedData/ModuleCache.noindex -Xfrontend -serialize-debugging-options -enable-testing -index-store-path /Users/nick/Library/Developer/Xcode/DerivedData/Burrow-fpkzlxmtaqbhwpggkxjmlklwglgd/Index.noindex/DataStore -Xcc -D_LIBCPP_HARDENING_MODE\=_LIBCPP_HARDENING_MODE_DEBUG -swift-version 5 -I /Users/nick/Library/Developer/Xcode/DerivedData/Burrow-fpkzlxmtaqbhwpggkxjmlklwglgd/Build/Products/Debug -F /Users/nick/Library/Developer/Xcode/DerivedData/Burrow-fpkzlxmtaqbhwpggkxjmlklwglgd/Build/Products/Debug/PackageFrameworks -F /Users/nick/Library/Developer/Xcode/DerivedData/Burrow-fpkzlxmtaqbhwpggkxjmlklwglgd/Build/Products/Debug -c -j16 -enable-batch-mode -incremental -Xcc -ivfsstatcache -Xcc /Users/nick/Library/Developer/Xcode/DerivedData/SDKStatCaches.noindex/macosx26.4-25E251-30f9ca8789b706f8bd3fc906a70d770f.sdkstatcache -output-file-map /Users/nick/Library/Developer/Xcode/DerivedData/Burrow-fpkzlxmtaqbhwpggkxjmlklwglgd/Build/Intermediates.noindex/Burrow.build/Debug/Burrow.build/Objects-normal/arm64/Burrow-OutputFileMap.json -use-frontend-parseable-output -save-temps -no-color-diagnostics -explicit-module-build -module-cache-path /Users/nick/Library/Developer/Xcode/DerivedData/Burrow-fpkzlxmtaqbhwpggkxjmlklwglgd/Build/Intermediates.noindex/SwiftExplicitPrecompiledModules -clang-scanner-module-cache-path /Users/nick/Library/Developer/Xcode/DerivedData/ModuleCache.noindex -sdk-module-cache-path /Users/nick/Library/Developer/Xcode/DerivedData/ModuleCache.noindex -serialize-diagnostics -emit-dependencies -emit-module -emit-module-path /Users/nick/Library/Developer/Xcode/DerivedData/Burrow-fpkzlxmtaqbhwpggkxjmlklwglgd/Build/Intermediates.noindex/Burrow.build/Debug/Burrow.build/Objects-normal/arm64/Burrow.swiftmodule -validate-clang-modules-once -clang-build-session-file /Users/nick/Library/Developer/Xcode/DerivedData/ModuleCache.noindex/Session.modulevalidation -Xcc -I/Users/nick/Library/Developer/Xcode/DerivedData/Burrow-fpkzlxmtaqbhwpggkxjmlklwglgd/Build/Intermediates.noindex/Burrow.build/Debug/Burrow.build/swift-overrides.hmap -emit-const-values -Xfrontend -const-gather-protocols-file -Xfrontend /Users/nick/Library/Developer/Xcode/DerivedData/Burrow-fpkzlxmtaqbhwpggkxjmlklwglgd/Build/Intermediates.noindex/Burrow.build/Debug/Burrow.build/Objects-normal/arm64/Burrow_const_extract_protocols.json -Xcc -iquote -Xcc /Users/nick/Library/Developer/Xcode/DerivedData/Burrow-fpkzlxmtaqbhwpggkxjmlklwglgd/Build/Intermediates.noindex/Burrow.build/Debug/Burrow.build/Burrow-generated-files.hmap -Xcc -I/Users/nick/Library/Developer/Xcode/DerivedData/Burrow-fpkzlxmtaqbhwpggkxjmlklwglgd/Build/Intermediates.noindex/Burrow.build/Debug/Burrow.build/Burrow-own-target-headers.hmap -Xcc -I/Users/nick/Library/Developer/Xcode/DerivedData/Burrow-fpkzlxmtaqbhwpggkxjmlklwglgd/Build/Intermediates.noindex/Burrow.build/Debug/Burrow.build/Burrow-all-non-framework-target-headers.hmap -Xcc -ivfsoverlay -Xcc /Users/nick/Library/Developer/Xcode/DerivedData/Burrow-fpkzlxmtaqbhwpggkxjmlklwglgd/Build/Intermediates.noindex/Burrow.build/Debug/Burrow-d39d63d28bddfedf4cbd8e3d6ddebca5-VFS/all-product-headers.yaml -Xcc -iquote -Xcc /Users/nick/Library/Developer/Xcode/DerivedData/Burrow-fpkzlxmtaqbhwpggkxjmlklwglgd/Build/Intermediates.noindex/Burrow.build/Debug/Burrow.build/Burrow-project-headers.hmap -Xcc -I/Users/nick/Library/Developer/Xcode/DerivedData/Burrow-fpkzlxmtaqbhwpggkxjmlklwglgd/Build/Products/Debug/include -Xcc -I/Users/nick/Library/Developer/Xcode/DerivedData/Burrow-fpkzlxmtaqbhwpggkxjmlklwglgd/Build/Intermediates.noindex/Burrow.build/Debug/Burrow.build/DerivedSources-normal/arm64 -Xcc -I/Users/nick/Library/Developer/Xcode/DerivedData/Burrow-fpkzlxmtaqbhwpggkxjmlklwglgd/Build/Intermediates.noindex/Burrow.build/Debug/Burrow.build/DerivedSources/arm64 -Xcc -I/Users/nick/Library/Developer/Xcode/DerivedData/Burrow-fpkzlxmtaqbhwpggkxjmlklwglgd/Build/Intermediates.noindex/Burrow.build/Debug/Burrow.build/DerivedSources -Xcc -DDEBUG\=1 -emit-objc-header -emit-objc-header-path /Users/nick/Library/Developer/Xcode/DerivedData/Burrow-fpkzlxmtaqbhwpggkxjmlklwglgd/Build/Intermediates.noindex/Burrow.build/Debug/Burrow.build/Objects-normal/arm64/Burrow-Swift.h -working-directory /Users/nick/Desktop/cf-tunnel-menubar -experimental-emit-module-separately -disable-cmo

SwiftMergeGeneratedHeaders /Users/nick/Library/Developer/Xcode/DerivedData/Burrow-fpkzlxmtaqbhwpggkxjmlklwglgd/Build/Intermediates.noindex/Burrow.build/Debug/Burrow.build/DerivedSources/Burrow-Swift.h /Users/nick/Library/Developer/Xcode/DerivedData/Burrow-fpkzlxmtaqbhwpggkxjmlklwglgd/Build/Intermediates.noindex/Burrow.build/Debug/Burrow.build/Objects-normal/arm64/Burrow-Swift.h (in target 'Burrow' from project 'Burrow')
    cd /Users/nick/Desktop/cf-tunnel-menubar
    builtin-swiftHeaderTool -arch arm64 /Users/nick/Library/Developer/Xcode/DerivedData/Burrow-fpkzlxmtaqbhwpggkxjmlklwglgd/Build/Intermediates.noindex/Burrow.build/Debug/Burrow.build/Objects-normal/arm64/Burrow-Swift.h -o /Users/nick/Library/Developer/Xcode/DerivedData/Burrow-fpkzlxmtaqbhwpggkxjmlklwglgd/Build/Intermediates.noindex/Burrow.build/Debug/Burrow.build/DerivedSources/Burrow-Swift.h

Copy /Users/nick/Library/Developer/Xcode/DerivedData/Burrow-fpkzlxmtaqbhwpggkxjmlklwglgd/Build/Products/Debug/Burrow.swiftmodule/arm64-apple-macos.swiftdoc /Users/nick/Library/Developer/Xcode/DerivedData/Burrow-fpkzlxmtaqbhwpggkxjmlklwglgd/Build/Intermediates.noindex/Burrow.build/Debug/Burrow.build/Objects-normal/arm64/Burrow.swiftdoc (in target 'Burrow' from project 'Burrow')
    cd /Users/nick/Desktop/cf-tunnel-menubar
    builtin-copy -exclude .DS_Store -exclude CVS -exclude .svn -exclude .git -exclude .hg -resolve-src-symlinks -rename /Users/nick/Library/Developer/Xcode/DerivedData/Burrow-fpkzlxmtaqbhwpggkxjmlklwglgd/Build/Intermediates.noindex/Burrow.build/Debug/Burrow.build/Objects-normal/arm64/Burrow.swiftdoc /Users/nick/Library/Developer/Xcode/DerivedData/Burrow-fpkzlxmtaqbhwpggkxjmlklwglgd/Build/Products/Debug/Burrow.swiftmodule/arm64-apple-macos.swiftdoc

Copy /Users/nick/Library/Developer/Xcode/DerivedData/Burrow-fpkzlxmtaqbhwpggkxjmlklwglgd/Build/Products/Debug/Burrow.swiftmodule/Project/arm64-apple-macos.swiftsourceinfo /Users/nick/Library/Developer/Xcode/DerivedData/Burrow-fpkzlxmtaqbhwpggkxjmlklwglgd/Build/Intermediates.noindex/Burrow.build/Debug/Burrow.build/Objects-normal/arm64/Burrow.swiftsourceinfo (in target 'Burrow' from project 'Burrow')
    cd /Users/nick/Desktop/cf-tunnel-menubar
    builtin-copy -exclude .DS_Store -exclude CVS -exclude .svn -exclude .git -exclude .hg -resolve-src-symlinks -rename /Users/nick/Library/Developer/Xcode/DerivedData/Burrow-fpkzlxmtaqbhwpggkxjmlklwglgd/Build/Intermediates.noindex/Burrow.build/Debug/Burrow.build/Objects-normal/arm64/Burrow.swiftsourceinfo /Users/nick/Library/Developer/Xcode/DerivedData/Burrow-fpkzlxmtaqbhwpggkxjmlklwglgd/Build/Products/Debug/Burrow.swiftmodule/Project/arm64-apple-macos.swiftsourceinfo

Copy /Users/nick/Library/Developer/Xcode/DerivedData/Burrow-fpkzlxmtaqbhwpggkxjmlklwglgd/Build/Products/Debug/Burrow.swiftmodule/arm64-apple-macos.swiftmodule /Users/nick/Library/Developer/Xcode/DerivedData/Burrow-fpkzlxmtaqbhwpggkxjmlklwglgd/Build/Intermediates.noindex/Burrow.build/Debug/Burrow.build/Objects-normal/arm64/Burrow.swiftmodule (in target 'Burrow' from project 'Burrow')
    cd /Users/nick/Desktop/cf-tunnel-menubar
    builtin-copy -exclude .DS_Store -exclude CVS -exclude .svn -exclude .git -exclude .hg -resolve-src-symlinks -rename /Users/nick/Library/Developer/Xcode/DerivedData/Burrow-fpkzlxmtaqbhwpggkxjmlklwglgd/Build/Intermediates.noindex/Burrow.build/Debug/Burrow.build/Objects-normal/arm64/Burrow.swiftmodule /Users/nick/Library/Developer/Xcode/DerivedData/Burrow-fpkzlxmtaqbhwpggkxjmlklwglgd/Build/Products/Debug/Burrow.swiftmodule/arm64-apple-macos.swiftmodule

Copy /Users/nick/Library/Developer/Xcode/DerivedData/Burrow-fpkzlxmtaqbhwpggkxjmlklwglgd/Build/Products/Debug/Burrow.swiftmodule/arm64-apple-macos.abi.json /Users/nick/Library/Developer/Xcode/DerivedData/Burrow-fpkzlxmtaqbhwpggkxjmlklwglgd/Build/Intermediates.noindex/Burrow.build/Debug/Burrow.build/Objects-normal/arm64/Burrow.abi.json (in target 'Burrow' from project 'Burrow')
    cd /Users/nick/Desktop/cf-tunnel-menubar
    builtin-copy -exclude .DS_Store -exclude CVS -exclude .svn -exclude .git -exclude .hg -resolve-src-symlinks -rename /Users/nick/Library/Developer/Xcode/DerivedData/Burrow-fpkzlxmtaqbhwpggkxjmlklwglgd/Build/Intermediates.noindex/Burrow.build/Debug/Burrow.build/Objects-normal/arm64/Burrow.abi.json /Users/nick/Library/Developer/Xcode/DerivedData/Burrow-fpkzlxmtaqbhwpggkxjmlklwglgd/Build/Products/Debug/Burrow.swiftmodule/arm64-apple-macos.abi.json

SwiftDriverJobDiscovery normal arm64 Compiling DoneStep.swift (in target 'Burrow' from project 'Burrow')

SwiftDriverJobDiscovery normal arm64 Compiling NetworkMonitor.swift (in target 'Burrow' from project 'Burrow')

SwiftDriverJobDiscovery normal arm64 Compiling GeneralTab.swift (in target 'Burrow' from project 'Burrow')

SwiftDriverJobDiscovery normal arm64 Compiling AdvancedTab.swift (in target 'Burrow' from project 'Burrow')

SwiftDriverJobDiscovery normal arm64 Compiling DashboardView.swift (in target 'Burrow' from project 'Burrow')

SwiftDriver\ Compilation Burrow normal arm64 com.apple.xcode.tools.swift.compiler (in target 'Burrow' from project 'Burrow')
    cd /Users/nick/Desktop/cf-tunnel-menubar
    builtin-Swift-Compilation -- /Applications/Xcode.app/Contents/Developer/Toolchains/XcodeDefault.xctoolchain/usr/bin/swiftc -module-name Burrow -Onone @/Users/nick/Library/Developer/Xcode/DerivedData/Burrow-fpkzlxmtaqbhwpggkxjmlklwglgd/Build/Intermediates.noindex/Burrow.build/Debug/Burrow.build/Objects-normal/arm64/Burrow.SwiftFileList -DDEBUG -enable-bare-slash-regex -enable-experimental-feature DebugDescriptionMacro -sdk /Applications/Xcode.app/Contents/Developer/Platforms/MacOSX.platform/Developer/SDKs/MacOSX26.4.sdk -target arm64-apple-macos14.0 -g -module-cache-path /Users/nick/Library/Developer/Xcode/DerivedData/ModuleCache.noindex -Xfrontend -serialize-debugging-options -enable-testing -index-store-path /Users/nick/Library/Developer/Xcode/DerivedData/Burrow-fpkzlxmtaqbhwpggkxjmlklwglgd/Index.noindex/DataStore -Xcc -D_LIBCPP_HARDENING_MODE\=_LIBCPP_HARDENING_MODE_DEBUG -swift-version 5 -I /Users/nick/Library/Developer/Xcode/DerivedData/Burrow-fpkzlxmtaqbhwpggkxjmlklwglgd/Build/Products/Debug -F /Users/nick/Library/Developer/Xcode/DerivedData/Burrow-fpkzlxmtaqbhwpggkxjmlklwglgd/Build/Products/Debug/PackageFrameworks -F /Users/nick/Library/Developer/Xcode/DerivedData/Burrow-fpkzlxmtaqbhwpggkxjmlklwglgd/Build/Products/Debug -c -j16 -enable-batch-mode -incremental -Xcc -ivfsstatcache -Xcc /Users/nick/Library/Developer/Xcode/DerivedData/SDKStatCaches.noindex/macosx26.4-25E251-30f9ca8789b706f8bd3fc906a70d770f.sdkstatcache -output-file-map /Users/nick/Library/Developer/Xcode/DerivedData/Burrow-fpkzlxmtaqbhwpggkxjmlklwglgd/Build/Intermediates.noindex/Burrow.build/Debug/Burrow.build/Objects-normal/arm64/Burrow-OutputFileMap.json -use-frontend-parseable-output -save-temps -no-color-diagnostics -explicit-module-build -module-cache-path /Users/nick/Library/Developer/Xcode/DerivedData/Burrow-fpkzlxmtaqbhwpggkxjmlklwglgd/Build/Intermediates.noindex/SwiftExplicitPrecompiledModules -clang-scanner-module-cache-path /Users/nick/Library/Developer/Xcode/DerivedData/ModuleCache.noindex -sdk-module-cache-path /Users/nick/Library/Developer/Xcode/DerivedData/ModuleCache.noindex -serialize-diagnostics -emit-dependencies -emit-module -emit-module-path /Users/nick/Library/Developer/Xcode/DerivedData/Burrow-fpkzlxmtaqbhwpggkxjmlklwglgd/Build/Intermediates.noindex/Burrow.build/Debug/Burrow.build/Objects-normal/arm64/Burrow.swiftmodule -validate-clang-modules-once -clang-build-session-file /Users/nick/Library/Developer/Xcode/DerivedData/ModuleCache.noindex/Session.modulevalidation -Xcc -I/Users/nick/Library/Developer/Xcode/DerivedData/Burrow-fpkzlxmtaqbhwpggkxjmlklwglgd/Build/Intermediates.noindex/Burrow.build/Debug/Burrow.build/swift-overrides.hmap -emit-const-values -Xfrontend -const-gather-protocols-file -Xfrontend /Users/nick/Library/Developer/Xcode/DerivedData/Burrow-fpkzlxmtaqbhwpggkxjmlklwglgd/Build/Intermediates.noindex/Burrow.build/Debug/Burrow.build/Objects-normal/arm64/Burrow_const_extract_protocols.json -Xcc -iquote -Xcc /Users/nick/Library/Developer/Xcode/DerivedData/Burrow-fpkzlxmtaqbhwpggkxjmlklwglgd/Build/Intermediates.noindex/Burrow.build/Debug/Burrow.build/Burrow-generated-files.hmap -Xcc -I/Users/nick/Library/Developer/Xcode/DerivedData/Burrow-fpkzlxmtaqbhwpggkxjmlklwglgd/Build/Intermediates.noindex/Burrow.build/Debug/Burrow.build/Burrow-own-target-headers.hmap -Xcc -I/Users/nick/Library/Developer/Xcode/DerivedData/Burrow-fpkzlxmtaqbhwpggkxjmlklwglgd/Build/Intermediates.noindex/Burrow.build/Debug/Burrow.build/Burrow-all-non-framework-target-headers.hmap -Xcc -ivfsoverlay -Xcc /Users/nick/Library/Developer/Xcode/DerivedData/Burrow-fpkzlxmtaqbhwpggkxjmlklwglgd/Build/Intermediates.noindex/Burrow.build/Debug/Burrow-d39d63d28bddfedf4cbd8e3d6ddebca5-VFS/all-product-headers.yaml -Xcc -iquote -Xcc /Users/nick/Library/Developer/Xcode/DerivedData/Burrow-fpkzlxmtaqbhwpggkxjmlklwglgd/Build/Intermediates.noindex/Burrow.build/Debug/Burrow.build/Burrow-project-headers.hmap -Xcc -I/Users/nick/Library/Developer/Xcode/DerivedData/Burrow-fpkzlxmtaqbhwpggkxjmlklwglgd/Build/Products/Debug/include -Xcc -I/Users/nick/Library/Developer/Xcode/DerivedData/Burrow-fpkzlxmtaqbhwpggkxjmlklwglgd/Build/Intermediates.noindex/Burrow.build/Debug/Burrow.build/DerivedSources-normal/arm64 -Xcc -I/Users/nick/Library/Developer/Xcode/DerivedData/Burrow-fpkzlxmtaqbhwpggkxjmlklwglgd/Build/Intermediates.noindex/Burrow.build/Debug/Burrow.build/DerivedSources/arm64 -Xcc -I/Users/nick/Library/Developer/Xcode/DerivedData/Burrow-fpkzlxmtaqbhwpggkxjmlklwglgd/Build/Intermediates.noindex/Burrow.build/Debug/Burrow.build/DerivedSources -Xcc -DDEBUG\=1 -emit-objc-header -emit-objc-header-path /Users/nick/Library/Developer/Xcode/DerivedData/Burrow-fpkzlxmtaqbhwpggkxjmlklwglgd/Build/Intermediates.noindex/Burrow.build/Debug/Burrow.build/Objects-normal/arm64/Burrow-Swift.h -working-directory /Users/nick/Desktop/cf-tunnel-menubar -experimental-emit-module-separately -disable-cmo

Ld /Users/nick/Library/Developer/Xcode/DerivedData/Burrow-fpkzlxmtaqbhwpggkxjmlklwglgd/Build/Products/Debug/Burrow.app/Contents/MacOS/Burrow.debug.dylib normal (in target 'Burrow' from project 'Burrow')
    cd /Users/nick/Desktop/cf-tunnel-menubar
    /Applications/Xcode.app/Contents/Developer/Toolchains/XcodeDefault.xctoolchain/usr/bin/clang -Xlinker -reproducible -target arm64-apple-macos14.0 -dynamiclib -isysroot /Applications/Xcode.app/Contents/Developer/Platforms/MacOSX.platform/Developer/SDKs/MacOSX26.4.sdk -O0 -L/Users/nick/Library/Developer/Xcode/DerivedData/Burrow-fpkzlxmtaqbhwpggkxjmlklwglgd/Build/Intermediates.noindex/EagerLinkingTBDs/Debug -L/Users/nick/Library/Developer/Xcode/DerivedData/Burrow-fpkzlxmtaqbhwpggkxjmlklwglgd/Build/Products/Debug -F/Users/nick/Library/Developer/Xcode/DerivedData/Burrow-fpkzlxmtaqbhwpggkxjmlklwglgd/Build/Intermediates.noindex/EagerLinkingTBDs/Debug -F/Users/nick/Library/Developer/Xcode/DerivedData/Burrow-fpkzlxmtaqbhwpggkxjmlklwglgd/Build/Products/Debug/PackageFrameworks -F/Users/nick/Library/Developer/Xcode/DerivedData/Burrow-fpkzlxmtaqbhwpggkxjmlklwglgd/Build/Products/Debug -filelist /Users/nick/Library/Developer/Xcode/DerivedData/Burrow-fpkzlxmtaqbhwpggkxjmlklwglgd/Build/Intermediates.noindex/Burrow.build/Debug/Burrow.build/Objects-normal/arm64/Burrow.LinkFileList -install_name @rpath/Burrow.debug.dylib -Xlinker -rpath -Xlinker /usr/lib/swift -Xlinker -rpath -Xlinker /Users/nick/Library/Developer/Xcode/DerivedData/Burrow-fpkzlxmtaqbhwpggkxjmlklwglgd/Build/Products/Debug/PackageFrameworks -Xlinker -rpath -Xlinker @executable_path/../Frameworks -Xlinker -object_path_lto -Xlinker /Users/nick/Library/Developer/Xcode/DerivedData/Burrow-fpkzlxmtaqbhwpggkxjmlklwglgd/Build/Intermediates.noindex/Burrow.build/Debug/Burrow.build/Objects-normal/arm64/Burrow_lto.o -rdynamic -Xlinker -no_deduplicate -Xlinker -dependency_info -Xlinker /Users/nick/Library/Developer/Xcode/DerivedData/Burrow-fpkzlxmtaqbhwpggkxjmlklwglgd/Build/Intermediates.noindex/Burrow.build/Debug/Burrow.build/Objects-normal/arm64/Burrow_dependency_info.dat -fobjc-link-runtime -L/Applications/Xcode.app/Contents/Developer/Toolchains/XcodeDefault.xctoolchain/usr/lib/swift/macosx -L/usr/lib/swift -Xlinker -add_ast_path -Xlinker /Users/nick/Library/Developer/Xcode/DerivedData/Burrow-fpkzlxmtaqbhwpggkxjmlklwglgd/Build/Intermediates.noindex/Burrow.build/Debug/Burrow.build/Objects-normal/arm64/Burrow.swiftmodule @/Users/nick/Library/Developer/Xcode/DerivedData/Burrow-fpkzlxmtaqbhwpggkxjmlklwglgd/Build/Intermediates.noindex/Burrow.build/Debug/Burrow.build/Objects-normal/arm64/Burrow-linker-args.resp -Wl,-no_warn_duplicate_libraries -Xlinker -alias -Xlinker _main -Xlinker ___debug_main_executable_dylib_entry_point -Xlinker -no_adhoc_codesign -o /Users/nick/Library/Developer/Xcode/DerivedData/Burrow-fpkzlxmtaqbhwpggkxjmlklwglgd/Build/Products/Debug/Burrow.app/Contents/MacOS/Burrow.debug.dylib -Xlinker -add_ast_path -Xlinker /Users/nick/Library/Developer/Xcode/DerivedData/Burrow-fpkzlxmtaqbhwpggkxjmlklwglgd/Build/Intermediates.noindex/KeychainAccess.build/Debug/KeychainAccess.build/Objects-normal/arm64/KeychainAccess.swiftmodule @/Users/nick/Library/Developer/Xcode/DerivedData/Burrow-fpkzlxmtaqbhwpggkxjmlklwglgd/Build/Intermediates.noindex/KeychainAccess.build/Debug/KeychainAccess.build/Objects-normal/arm64/KeychainAccess-linker-args.resp

ConstructStubExecutorLinkFileList /Users/nick/Library/Developer/Xcode/DerivedData/Burrow-fpkzlxmtaqbhwpggkxjmlklwglgd/Build/Intermediates.noindex/Burrow.build/Debug/Burrow.build/Burrow-ExecutorLinkFileList-normal-arm64.txt (in target 'Burrow' from project 'Burrow')
    cd /Users/nick/Desktop/cf-tunnel-menubar
    construct-stub-executor-link-file-list /Users/nick/Library/Developer/Xcode/DerivedData/Burrow-fpkzlxmtaqbhwpggkxjmlklwglgd/Build/Products/Debug/Burrow.app/Contents/MacOS/Burrow.debug.dylib /Applications/Xcode.app/Contents/Developer/Platforms/MacOSX.platform/Developer/usr/lib/libPreviewsJITStubExecutor_no_swift_entry_point.a /Applications/Xcode.app/Contents/Developer/Platforms/MacOSX.platform/Developer/usr/lib/libPreviewsJITStubExecutor.a --output /Users/nick/Library/Developer/Xcode/DerivedData/Burrow-fpkzlxmtaqbhwpggkxjmlklwglgd/Build/Intermediates.noindex/Burrow.build/Debug/Burrow.build/Burrow-ExecutorLinkFileList-normal-arm64.txt
note: Using stub executor library with Swift entry point. (in target 'Burrow' from project 'Burrow')

Ld /Users/nick/Library/Developer/Xcode/DerivedData/Burrow-fpkzlxmtaqbhwpggkxjmlklwglgd/Build/Products/Debug/Burrow.app/Contents/MacOS/Burrow normal (in target 'Burrow' from project 'Burrow')
    cd /Users/nick/Desktop/cf-tunnel-menubar
    /Applications/Xcode.app/Contents/Developer/Toolchains/XcodeDefault.xctoolchain/usr/bin/clang -Xlinker -reproducible -target arm64-apple-macos14.0 -isysroot /Applications/Xcode.app/Contents/Developer/Platforms/MacOSX.platform/Developer/SDKs/MacOSX26.4.sdk -O0 -L/Users/nick/Library/Developer/Xcode/DerivedData/Burrow-fpkzlxmtaqbhwpggkxjmlklwglgd/Build/Products/Debug -F/Users/nick/Library/Developer/Xcode/DerivedData/Burrow-fpkzlxmtaqbhwpggkxjmlklwglgd/Build/Products/Debug/PackageFrameworks -F/Users/nick/Library/Developer/Xcode/DerivedData/Burrow-fpkzlxmtaqbhwpggkxjmlklwglgd/Build/Products/Debug -Xlinker -rpath -Xlinker @executable_path -Xlinker -rpath -Xlinker /Users/nick/Library/Developer/Xcode/DerivedData/Burrow-fpkzlxmtaqbhwpggkxjmlklwglgd/Build/Products/Debug/PackageFrameworks -Xlinker -rpath -Xlinker @executable_path/../Frameworks -rdynamic -Xlinker -no_deduplicate -e ___debug_blank_executor_main -Xlinker -sectcreate -Xlinker __TEXT -Xlinker __debug_dylib -Xlinker /Users/nick/Library/Developer/Xcode/DerivedData/Burrow-fpkzlxmtaqbhwpggkxjmlklwglgd/Build/Intermediates.noindex/Burrow.build/Debug/Burrow.build/Burrow-DebugDylibPath-normal-arm64.txt -Xlinker -sectcreate -Xlinker __TEXT -Xlinker __debug_instlnm -Xlinker /Users/nick/Library/Developer/Xcode/DerivedData/Burrow-fpkzlxmtaqbhwpggkxjmlklwglgd/Build/Intermediates.noindex/Burrow.build/Debug/Burrow.build/Burrow-DebugDylibInstallName-normal-arm64.txt -Xlinker -filelist -Xlinker /Users/nick/Library/Developer/Xcode/DerivedData/Burrow-fpkzlxmtaqbhwpggkxjmlklwglgd/Build/Intermediates.noindex/Burrow.build/Debug/Burrow.build/Burrow-ExecutorLinkFileList-normal-arm64.txt /Users/nick/Library/Developer/Xcode/DerivedData/Burrow-fpkzlxmtaqbhwpggkxjmlklwglgd/Build/Products/Debug/Burrow.app/Contents/MacOS/Burrow.debug.dylib -Xlinker -no_adhoc_codesign -o /Users/nick/Library/Developer/Xcode/DerivedData/Burrow-fpkzlxmtaqbhwpggkxjmlklwglgd/Build/Products/Debug/Burrow.app/Contents/MacOS/Burrow

CopySwiftLibs /Users/nick/Library/Developer/Xcode/DerivedData/Burrow-fpkzlxmtaqbhwpggkxjmlklwglgd/Build/Products/Debug/Burrow.app (in target 'Burrow' from project 'Burrow')
    cd /Users/nick/Desktop/cf-tunnel-menubar
    builtin-swiftStdLibTool --copy --verbose --sign - --scan-executable /Users/nick/Library/Developer/Xcode/DerivedData/Burrow-fpkzlxmtaqbhwpggkxjmlklwglgd/Build/Products/Debug/Burrow.app/Contents/MacOS/Burrow.debug.dylib --scan-folder /Users/nick/Library/Developer/Xcode/DerivedData/Burrow-fpkzlxmtaqbhwpggkxjmlklwglgd/Build/Products/Debug/Burrow.app/Contents/Frameworks --scan-folder /Users/nick/Library/Developer/Xcode/DerivedData/Burrow-fpkzlxmtaqbhwpggkxjmlklwglgd/Build/Products/Debug/Burrow.app/Contents/PlugIns --scan-folder /Users/nick/Library/Developer/Xcode/DerivedData/Burrow-fpkzlxmtaqbhwpggkxjmlklwglgd/Build/Products/Debug/Burrow.app/Contents/Library/SystemExtensions --scan-folder /Users/nick/Library/Developer/Xcode/DerivedData/Burrow-fpkzlxmtaqbhwpggkxjmlklwglgd/Build/Products/Debug/Burrow.app/Contents/Extensions --platform macosx --toolchain /Applications/Xcode.app/Contents/Developer/Toolchains/XcodeDefault.xctoolchain --destination /Users/nick/Library/Developer/Xcode/DerivedData/Burrow-fpkzlxmtaqbhwpggkxjmlklwglgd/Build/Products/Debug/Burrow.app/Contents/Frameworks --strip-bitcode --strip-bitcode-tool /Applications/Xcode.app/Contents/Developer/Toolchains/XcodeDefault.xctoolchain/usr/bin/bitcode_strip --emit-dependency-info /Users/nick/Library/Developer/Xcode/DerivedData/Burrow-fpkzlxmtaqbhwpggkxjmlklwglgd/Build/Intermediates.noindex/Burrow.build/Debug/Burrow.build/SwiftStdLibToolInputDependencies.dep --filter-for-swift-os --back-deploy-swift-span

ExtractAppIntentsMetadata (in target 'Burrow' from project 'Burrow')
    cd /Users/nick/Desktop/cf-tunnel-menubar
    /Applications/Xcode.app/Contents/Developer/Toolchains/XcodeDefault.xctoolchain/usr/bin/appintentsmetadataprocessor --toolchain-dir /Applications/Xcode.app/Contents/Developer/Toolchains/XcodeDefault.xctoolchain --module-name Burrow --sdk-root /Applications/Xcode.app/Contents/Developer/Platforms/MacOSX.platform/Developer/SDKs/MacOSX26.4.sdk --xcode-version 17E202 --platform-family macOS --deployment-target 14.0 --bundle-identifier com.krzemienski.burrow --output /Users/nick/Library/Developer/Xcode/DerivedData/Burrow-fpkzlxmtaqbhwpggkxjmlklwglgd/Build/Products/Debug/Burrow.app/Contents/Resources --target-triple arm64-apple-macos14.0 --binary-file /Users/nick/Library/Developer/Xcode/DerivedData/Burrow-fpkzlxmtaqbhwpggkxjmlklwglgd/Build/Products/Debug/Burrow.app/Contents/MacOS/Burrow --dependency-file /Users/nick/Library/Developer/Xcode/DerivedData/Burrow-fpkzlxmtaqbhwpggkxjmlklwglgd/Build/Intermediates.noindex/Burrow.build/Debug/Burrow.build/Objects-normal/arm64/Burrow_dependency_info.dat --stringsdata-file /Users/nick/Library/Developer/Xcode/DerivedData/Burrow-fpkzlxmtaqbhwpggkxjmlklwglgd/Build/Intermediates.noindex/Burrow.build/Debug/Burrow.build/Objects-normal/arm64/ExtractedAppShortcutsMetadata.stringsdata --source-file-list /Users/nick/Library/Developer/Xcode/DerivedData/Burrow-fpkzlxmtaqbhwpggkxjmlklwglgd/Build/Intermediates.noindex/Burrow.build/Debug/Burrow.build/Objects-normal/arm64/Burrow.SwiftFileList --metadata-file-list /Users/nick/Library/Developer/Xcode/DerivedData/Burrow-fpkzlxmtaqbhwpggkxjmlklwglgd/Build/Intermediates.noindex/Burrow.build/Debug/Burrow.build/Burrow.DependencyMetadataFileList --static-metadata-file-list /Users/nick/Library/Developer/Xcode/DerivedData/Burrow-fpkzlxmtaqbhwpggkxjmlklwglgd/Build/Intermediates.noindex/Burrow.build/Debug/Burrow.build/Burrow.DependencyStaticMetadataFileList --swift-const-vals-list /Users/nick/Library/Developer/Xcode/DerivedData/Burrow-fpkzlxmtaqbhwpggkxjmlklwglgd/Build/Intermediates.noindex/Burrow.build/Debug/Burrow.build/Objects-normal/arm64/Burrow.SwiftConstValuesFileList --compile-time-extraction --deployment-aware-processing --validate-assistant-intents --no-app-shortcuts-localization
2026-04-30 22:34:16.803 appintentsmetadataprocessor[88753:2699607] Starting appintentsmetadataprocessor export
2026-04-30 22:34:16.807 appintentsmetadataprocessor[88753:2699607] warning: Metadata extraction skipped. No AppIntents.framework dependency found.

CodeSign /Users/nick/Library/Developer/Xcode/DerivedData/Burrow-fpkzlxmtaqbhwpggkxjmlklwglgd/Build/Products/Debug/Burrow.app/Contents/MacOS/Burrow.debug.dylib (in target 'Burrow' from project 'Burrow')
    cd /Users/nick/Desktop/cf-tunnel-menubar
    
    Signing Identity:     "Sign to Run Locally"
    
    /usr/bin/codesign --force --sign - --timestamp\=none --generate-entitlement-der /Users/nick/Library/Developer/Xcode/DerivedData/Burrow-fpkzlxmtaqbhwpggkxjmlklwglgd/Build/Products/Debug/Burrow.app/Contents/MacOS/Burrow.debug.dylib

CodeSign /Users/nick/Library/Developer/Xcode/DerivedData/Burrow-fpkzlxmtaqbhwpggkxjmlklwglgd/Build/Products/Debug/Burrow.app/Contents/MacOS/__preview.dylib (in target 'Burrow' from project 'Burrow')
    cd /Users/nick/Desktop/cf-tunnel-menubar
    
    Signing Identity:     "Sign to Run Locally"
    
    /usr/bin/codesign --force --sign - --timestamp\=none --generate-entitlement-der /Users/nick/Library/Developer/Xcode/DerivedData/Burrow-fpkzlxmtaqbhwpggkxjmlklwglgd/Build/Products/Debug/Burrow.app/Contents/MacOS/__preview.dylib

CodeSign /Users/nick/Library/Developer/Xcode/DerivedData/Burrow-fpkzlxmtaqbhwpggkxjmlklwglgd/Build/Products/Debug/Burrow.app (in target 'Burrow' from project 'Burrow')
    cd /Users/nick/Desktop/cf-tunnel-menubar
    
    Signing Identity:     "Sign to Run Locally"
    
    /usr/bin/codesign --force --sign - --entitlements /Users/nick/Library/Developer/Xcode/DerivedData/Burrow-fpkzlxmtaqbhwpggkxjmlklwglgd/Build/Intermediates.noindex/Burrow.build/Debug/Burrow.build/Burrow.app.xcent --timestamp\=none --generate-entitlement-der /Users/nick/Library/Developer/Xcode/DerivedData/Burrow-fpkzlxmtaqbhwpggkxjmlklwglgd/Build/Products/Debug/Burrow.app

Validate /Users/nick/Library/Developer/Xcode/DerivedData/Burrow-fpkzlxmtaqbhwpggkxjmlklwglgd/Build/Products/Debug/Burrow.app (in target 'Burrow' from project 'Burrow')
    cd /Users/nick/Desktop/cf-tunnel-menubar
    builtin-validationUtility /Users/nick/Library/Developer/Xcode/DerivedData/Burrow-fpkzlxmtaqbhwpggkxjmlklwglgd/Build/Products/Debug/Burrow.app -no-validate-extension -infoplist-subpath Contents/Info.plist

RegisterWithLaunchServices /Users/nick/Library/Developer/Xcode/DerivedData/Burrow-fpkzlxmtaqbhwpggkxjmlklwglgd/Build/Products/Debug/Burrow.app (in target 'Burrow' from project 'Burrow')
    cd /Users/nick/Desktop/cf-tunnel-menubar
    /System/Library/Frameworks/CoreServices.framework/Versions/Current/Frameworks/LaunchServices.framework/Versions/Current/Support/lsregister -f -R -trusted /Users/nick/Library/Developer/Xcode/DerivedData/Burrow-fpkzlxmtaqbhwpggkxjmlklwglgd/Build/Products/Debug/Burrow.app

** BUILD SUCCEEDED **

